[ 2017-07-20T11:34:02+08:00 ] 127.0.0.1 /blog/
INFO: [ app_init ] --START--
INFO: Run Behavior\BuildLiteBehavior [ RunTime:0.000000s ]
INFO: [ app_init ] --END-- [ RunTime:0.093006s ]
INFO: [ app_begin ] --START--
INFO: Run Behavior\ReadHtmlCacheBehavior [ RunTime:0.011001s ]
INFO: [ app_begin ] --END-- [ RunTime:0.011001s ]
SQL: SHOW COLUMNS FROM `lzm_article` [ RunTime:0.1010s ]
SQL: SELECT `aid`,`title` FROM `lzm_article` WHERE `is_show` = 1 AND `is_delete` = 0 AND `is_top` = 1 ORDER BY aid desc  [ RunTime:0.0010s ]
SQL: SHOW COLUMNS FROM `lzm_comment` [ RunTime:0.0230s ]
SQL: SHOW COLUMNS FROM `lzm_oauth_user` [ RunTime:0.0170s ]
SQL: SELECT `id` FROM `lzm_oauth_user` WHERE (  is_admin )  [ RunTime:0.0010s ]
SQL: SELECT c.content,c.date,a.title,a.aid,ou.nickname,ou.head_img FROM lzm_comment c INNER JOIN lzm_article a ON c.aid=a.aid INNER JOIN lzm_oauth_user ou ON c.ouid=ou.id  WHERE c.is_delete = 0 ORDER BY c.date desc LIMIT 20   [ RunTime:0.0040s ]
NOTIC: [2] Invalid argument supplied for foreach() F:\WWW\blog\Application\Common\Model\CommentModel.class.php 第 202 行.
SQL: SHOW COLUMNS FROM `lzm_category` [ RunTime:0.0110s ]
SQL: SELECT * FROM `lzm_category` ORDER BY sort  [ RunTime:0.0010s ]
SQL: SHOW COLUMNS FROM `lzm_tag` [ RunTime:0.0030s ]
SQL: SELECT * FROM `lzm_tag`  [ RunTime:0.0000s ]
SQL: SHOW COLUMNS FROM `lzm_article_tag` [ RunTime:0.0170s ]
SQL: SELECT COUNT(*) AS tp_count FROM `lzm_article_tag` WHERE `tid` = 20 LIMIT 1   [ RunTime:0.0000s ]
SQL: SHOW COLUMNS FROM `lzm_link` [ RunTime:0.0030s ]
SQL: SELECT * FROM `lzm_link` WHERE `is_delete` = 0 AND `is_show` = 1 ORDER BY sort  [ RunTime:0.0000s ]
SQL: SHOW COLUMNS FROM `lzm_article` [ RunTime:0.0030s ]
SQL: SELECT COUNT(*) AS tp_count FROM `lzm_article` WHERE `is_delete` = 0 AND `is_show` = 1 LIMIT 1   [ RunTime:0.0000s ]
SQL: SELECT * FROM `lzm_article` WHERE `is_delete` = 0 AND `is_show` = 1 ORDER BY addtime desc LIMIT 0,10   [ RunTime:0.0010s ]
SQL: SHOW COLUMNS FROM `lzm_article_tag` [ RunTime:0.0030s ]
SQL: SHOW COLUMNS FROM `lzm_article_tag` [ RunTime:0.0020s ]
SQL: SELECT * FROM `lzm_article_tag` INNER JOIN lzm_tag ON lzm_article_tag.tid=lzm_tag.tid  WHERE `aid` = '18'  [ RunTime:0.0000s ]
SQL: SHOW COLUMNS FROM `lzm_article_pic` [ RunTime:0.0180s ]
SQL: SELECT `path` FROM `lzm_article_pic` WHERE `aid` = 18 ORDER BY ap_id asc LIMIT 1   [ RunTime:0.0000s ]
SQL: SELECT `cid`,`cid`,`cname` FROM `lzm_category` WHERE `cid` = 29  [ RunTime:0.0000s ]
SQL: SELECT * FROM `lzm_article_tag` INNER JOIN lzm_tag ON lzm_article_tag.tid=lzm_tag.tid  WHERE `aid` = '17'  [ RunTime:0.0010s ]
SQL: SELECT `path` FROM `lzm_article_pic` WHERE `aid` = 17 ORDER BY ap_id asc LIMIT 1   [ RunTime:0.0000s ]
SQL: SELECT `cid`,`cid`,`cname` FROM `lzm_category` WHERE `cid` = 28  [ RunTime:0.0000s ]
INFO: [ view_parse ] --START--
INFO: [ template_filter ] --START--
INFO: Run Behavior\ContentReplaceBehavior [ RunTime:0.000000s ]
INFO: [ template_filter ] --END-- [ RunTime:0.000000s ]
NOTIC: [8] Use of undefined constant url - assumed 'url' F:\WWW\blog\Runtime\Cache\Home\08d30c77e78bd0ac29232fbc421b5dcd.php 第 53 行.
INFO: Run Behavior\ParseTemplateBehavior [ RunTime:0.131007s ]
INFO: [ view_parse ] --END-- [ RunTime:0.131007s ]
INFO: [ view_filter ] --START--
INFO: Run Behavior\WriteHtmlCacheBehavior [ RunTime:0.042002s ]
INFO: [ view_filter ] --END-- [ RunTime:0.042002s ]
INFO: [ app_end ] --START--
INFO: Run Behavior\ShowPageTraceBehavior [ RunTime:0.089006s ]
INFO: [ app_end ] --END-- [ RunTime:0.089006s ]

[ 2017-07-20T15:50:50+08:00 ] 127.0.0.1 /blog/
INFO: [ app_init ] --START--
INFO: Run Behavior\BuildLiteBehavior [ RunTime:0.000000s ]
INFO: [ app_init ] --END-- [ RunTime:0.056003s ]
INFO: [ app_begin ] --START--
INFO: Run Behavior\ReadHtmlCacheBehavior [ RunTime:0.004000s ]
INFO: [ app_begin ] --END-- [ RunTime:0.004000s ]
ERR: SQLSTATE[HY000] [1049] Unknown database 'lzm'

[ 2017-07-20T15:51:00+08:00 ] 127.0.0.1 /blog/
INFO: [ app_init ] --START--
INFO: Run Behavior\BuildLiteBehavior [ RunTime:0.000000s ]
INFO: [ app_init ] --END-- [ RunTime:0.001000s ]
INFO: [ app_begin ] --START--
INFO: Run Behavior\ReadHtmlCacheBehavior [ RunTime:0.001000s ]
INFO: [ app_begin ] --END-- [ RunTime:0.001000s ]
ERR: SQLSTATE[HY000] [1049] Unknown database 'localhost'

[ 2017-07-20T15:51:01+08:00 ] 127.0.0.1 /blog/
INFO: [ app_init ] --START--
INFO: Run Behavior\BuildLiteBehavior [ RunTime:0.000000s ]
INFO: [ app_init ] --END-- [ RunTime:0.001000s ]
INFO: [ app_begin ] --START--
INFO: Run Behavior\ReadHtmlCacheBehavior [ RunTime:0.000000s ]
INFO: [ app_begin ] --END-- [ RunTime:0.000000s ]
ERR: SQLSTATE[HY000] [1049] Unknown database 'localhost'

[ 2017-07-20T15:51:21+08:00 ] 127.0.0.1 /blog/
INFO: [ app_init ] --START--
INFO: Run Behavior\BuildLiteBehavior [ RunTime:0.000000s ]
INFO: [ app_init ] --END-- [ RunTime:0.001000s ]
INFO: [ app_begin ] --START--
INFO: Run Behavior\ReadHtmlCacheBehavior [ RunTime:0.000000s ]
INFO: [ app_begin ] --END-- [ RunTime:0.000000s ]
SQL: SHOW COLUMNS FROM `lzm_article` [ RunTime:0.0690s ]
SQL: SELECT `aid`,`title` FROM `lzm_article` WHERE `is_show` = 1 AND `is_delete` = 0 AND `is_top` = 1 ORDER BY aid desc  [ RunTime:0.0010s ]
SQL: SHOW COLUMNS FROM `lzm_comment` [ RunTime:0.0290s ]
SQL: SHOW COLUMNS FROM `lzm_oauth_user` [ RunTime:0.0040s ]
SQL: SELECT `id` FROM `lzm_oauth_user` WHERE (  is_admin )  [ RunTime:0.0010s ]
SQL: SELECT c.content,c.date,a.title,a.aid,ou.nickname,ou.head_img FROM lzm_comment c INNER JOIN lzm_article a ON c.aid=a.aid INNER JOIN lzm_oauth_user ou ON c.ouid=ou.id  WHERE c.is_delete = 0 ORDER BY c.date desc LIMIT 20   [ RunTime:0.0270s ]
NOTIC: [2] Invalid argument supplied for foreach() F:\WWW\blog\Application\Common\Model\CommentModel.class.php 第 202 行.
SQL: SHOW COLUMNS FROM `lzm_category` [ RunTime:0.0120s ]
SQL: SELECT * FROM `lzm_category` ORDER BY sort  [ RunTime:0.0000s ]
SQL: SHOW COLUMNS FROM `lzm_tag` [ RunTime:0.0040s ]
SQL: SELECT * FROM `lzm_tag`  [ RunTime:0.0000s ]
SQL: SHOW COLUMNS FROM `lzm_article_tag` [ RunTime:0.0160s ]
SQL: SELECT COUNT(*) AS tp_count FROM `lzm_article_tag` WHERE `tid` = 20 LIMIT 1   [ RunTime:0.0010s ]
SQL: SHOW COLUMNS FROM `lzm_link` [ RunTime:0.0040s ]
SQL: SELECT * FROM `lzm_link` WHERE `is_delete` = 0 AND `is_show` = 1 ORDER BY sort  [ RunTime:0.0000s ]
SQL: SHOW COLUMNS FROM `lzm_article` [ RunTime:0.0030s ]
SQL: SELECT COUNT(*) AS tp_count FROM `lzm_article` WHERE `is_delete` = 0 AND `is_show` = 1 LIMIT 1   [ RunTime:0.0010s ]
SQL: SELECT * FROM `lzm_article` WHERE `is_delete` = 0 AND `is_show` = 1 ORDER BY addtime desc LIMIT 0,10   [ RunTime:0.0010s ]
SQL: SHOW COLUMNS FROM `lzm_article_tag` [ RunTime:0.0030s ]
SQL: SHOW COLUMNS FROM `lzm_article_tag` [ RunTime:0.0020s ]
SQL: SELECT * FROM `lzm_article_tag` INNER JOIN lzm_tag ON lzm_article_tag.tid=lzm_tag.tid  WHERE `aid` = '18'  [ RunTime:0.0000s ]
SQL: SHOW COLUMNS FROM `lzm_article_pic` [ RunTime:0.0190s ]
SQL: SELECT `path` FROM `lzm_article_pic` WHERE `aid` = 18 ORDER BY ap_id asc LIMIT 1   [ RunTime:0.0010s ]
SQL: SELECT `cid`,`cid`,`cname` FROM `lzm_category` WHERE `cid` = 29  [ RunTime:0.0010s ]
SQL: SELECT * FROM `lzm_article_tag` INNER JOIN lzm_tag ON lzm_article_tag.tid=lzm_tag.tid  WHERE `aid` = '17'  [ RunTime:0.0010s ]
SQL: SELECT `path` FROM `lzm_article_pic` WHERE `aid` = 17 ORDER BY ap_id asc LIMIT 1   [ RunTime:0.0000s ]
SQL: SELECT `cid`,`cid`,`cname` FROM `lzm_category` WHERE `cid` = 28  [ RunTime:0.0010s ]
INFO: [ view_parse ] --START--
INFO: [ template_filter ] --START--
INFO: Run Behavior\ContentReplaceBehavior [ RunTime:0.001000s ]
INFO: [ template_filter ] --END-- [ RunTime:0.001000s ]
NOTIC: [8] Use of undefined constant url - assumed 'url' F:\WWW\blog\Runtime\Cache\Home\08d30c77e78bd0ac29232fbc421b5dcd.php 第 59 行.
INFO: Run Behavior\ParseTemplateBehavior [ RunTime:0.151008s ]
INFO: [ view_parse ] --END-- [ RunTime:0.151008s ]
INFO: [ view_filter ] --START--
INFO: Run Behavior\WriteHtmlCacheBehavior [ RunTime:0.013001s ]
INFO: [ view_filter ] --END-- [ RunTime:0.013001s ]
INFO: [ app_end ] --START--
INFO: Run Behavior\ShowPageTraceBehavior [ RunTime:0.015001s ]
INFO: [ app_end ] --END-- [ RunTime:0.015001s ]

[ 2017-07-20T15:51:25+08:00 ] 127.0.0.1 /blog/index.php/Home/Index/category/cid/28.html
INFO: [ app_init ] --START--
INFO: Run Behavior\BuildLiteBehavior [ RunTime:0.000000s ]
INFO: [ app_init ] --END-- [ RunTime:0.000000s ]
INFO: [ app_begin ] --START--
INFO: Run Behavior\ReadHtmlCacheBehavior [ RunTime:0.000000s ]
INFO: [ app_begin ] --END-- [ RunTime:0.000000s ]
SQL: SHOW COLUMNS FROM `lzm_article` [ RunTime:0.0020s ]
SQL: SELECT `aid`,`title` FROM `lzm_article` WHERE `is_show` = 1 AND `is_delete` = 0 AND `is_top` = 1 ORDER BY aid desc  [ RunTime:0.0010s ]
SQL: SHOW COLUMNS FROM `lzm_comment` [ RunTime:0.0030s ]
SQL: SHOW COLUMNS FROM `lzm_oauth_user` [ RunTime:0.0020s ]
SQL: SELECT `id` FROM `lzm_oauth_user` WHERE (  is_admin )  [ RunTime:0.0000s ]
SQL: SELECT c.content,c.date,a.title,a.aid,ou.nickname,ou.head_img FROM lzm_comment c INNER JOIN lzm_article a ON c.aid=a.aid INNER JOIN lzm_oauth_user ou ON c.ouid=ou.id  WHERE c.is_delete = 0 ORDER BY c.date desc LIMIT 20   [ RunTime:0.0010s ]
NOTIC: [2] Invalid argument supplied for foreach() F:\WWW\blog\Application\Common\Model\CommentModel.class.php 第 202 行.
SQL: SHOW COLUMNS FROM `lzm_category` [ RunTime:0.0020s ]
SQL: SELECT * FROM `lzm_category` ORDER BY sort  [ RunTime:0.0000s ]
SQL: SHOW COLUMNS FROM `lzm_tag` [ RunTime:0.0020s ]
SQL: SELECT * FROM `lzm_tag`  [ RunTime:0.0000s ]
SQL: SHOW COLUMNS FROM `lzm_article_tag` [ RunTime:0.0020s ]
SQL: SELECT COUNT(*) AS tp_count FROM `lzm_article_tag` WHERE `tid` = 20 LIMIT 1   [ RunTime:0.0000s ]
SQL: SHOW COLUMNS FROM `lzm_link` [ RunTime:0.0020s ]
SQL: SELECT * FROM `lzm_link` WHERE `is_delete` = 0 AND `is_show` = 1 ORDER BY sort  [ RunTime:0.0000s ]
SQL: SELECT * FROM `lzm_category` WHERE `cid` = 28 LIMIT 1   [ RunTime:0.0000s ]
SQL: SHOW COLUMNS FROM `lzm_article` [ RunTime:0.0020s ]
SQL: SELECT COUNT(*) AS tp_count FROM `lzm_article` WHERE `cid` = 28 AND `is_delete` = 0 AND `is_show` = 1 LIMIT 1   [ RunTime:0.0010s ]
SQL: SELECT * FROM `lzm_article` WHERE `cid` = 28 AND `is_delete` = 0 AND `is_show` = 1 ORDER BY addtime desc LIMIT 0,10   [ RunTime:0.0000s ]
SQL: SHOW COLUMNS FROM `lzm_article_tag` [ RunTime:0.0020s ]
SQL: SHOW COLUMNS FROM `lzm_article_tag` [ RunTime:0.0020s ]
SQL: SELECT * FROM `lzm_article_tag` INNER JOIN lzm_tag ON lzm_article_tag.tid=lzm_tag.tid  WHERE `aid` = '17'  [ RunTime:0.0010s ]
SQL: SHOW COLUMNS FROM `lzm_article_pic` [ RunTime:0.0030s ]
SQL: SELECT `path` FROM `lzm_article_pic` WHERE `aid` = 17 ORDER BY ap_id asc LIMIT 1   [ RunTime:0.0000s ]
SQL: SELECT `cid`,`cid`,`cname` FROM `lzm_category` WHERE `cid` = 28  [ RunTime:0.0000s ]
INFO: [ view_parse ] --START--
INFO: [ template_filter ] --START--
INFO: Run Behavior\ContentReplaceBehavior [ RunTime:0.000000s ]
INFO: [ template_filter ] --END-- [ RunTime:0.000000s ]
INFO: Run Behavior\ParseTemplateBehavior [ RunTime:0.011000s ]
INFO: [ view_parse ] --END-- [ RunTime:0.012000s ]
INFO: [ view_filter ] --START--
INFO: Run Behavior\WriteHtmlCacheBehavior [ RunTime:0.000000s ]
INFO: [ view_filter ] --END-- [ RunTime:0.000000s ]
INFO: [ app_end ] --START--
INFO: Run Behavior\ShowPageTraceBehavior [ RunTime:0.001001s ]
INFO: [ app_end ] --END-- [ RunTime:0.001001s ]

[ 2017-07-20T15:51:26+08:00 ] 127.0.0.1 /blog/index.php/Home/Index/category/cid/29.html
INFO: [ app_init ] --START--
INFO: Run Behavior\BuildLiteBehavior [ RunTime:0.000000s ]
INFO: [ app_init ] --END-- [ RunTime:0.000000s ]
INFO: [ app_begin ] --START--
INFO: Run Behavior\ReadHtmlCacheBehavior [ RunTime:0.000000s ]
INFO: [ app_begin ] --END-- [ RunTime:0.000000s ]
SQL: SHOW COLUMNS FROM `lzm_article` [ RunTime:0.0030s ]
SQL: SELECT `aid`,`title` FROM `lzm_article` WHERE `is_show` = 1 AND `is_delete` = 0 AND `is_top` = 1 ORDER BY aid desc  [ RunTime:0.0000s ]
SQL: SHOW COLUMNS FROM `lzm_comment` [ RunTime:0.0020s ]
SQL: SHOW COLUMNS FROM `lzm_oauth_user` [ RunTime:0.0030s ]
SQL: SELECT `id` FROM `lzm_oauth_user` WHERE (  is_admin )  [ RunTime:0.0000s ]
SQL: SELECT c.content,c.date,a.title,a.aid,ou.nickname,ou.head_img FROM lzm_comment c INNER JOIN lzm_article a ON c.aid=a.aid INNER JOIN lzm_oauth_user ou ON c.ouid=ou.id  WHERE c.is_delete = 0 ORDER BY c.date desc LIMIT 20   [ RunTime:0.0020s ]
NOTIC: [2] Invalid argument supplied for foreach() F:\WWW\blog\Application\Common\Model\CommentModel.class.php 第 202 行.
SQL: SHOW COLUMNS FROM `lzm_category` [ RunTime:0.0070s ]
SQL: SELECT * FROM `lzm_category` ORDER BY sort  [ RunTime:0.0010s ]
SQL: SHOW COLUMNS FROM `lzm_tag` [ RunTime:0.0020s ]
SQL: SELECT * FROM `lzm_tag`  [ RunTime:0.0000s ]
SQL: SHOW COLUMNS FROM `lzm_article_tag` [ RunTime:0.0030s ]
SQL: SELECT COUNT(*) AS tp_count FROM `lzm_article_tag` WHERE `tid` = 20 LIMIT 1   [ RunTime:0.0000s ]
SQL: SHOW COLUMNS FROM `lzm_link` [ RunTime:0.0030s ]
SQL: SELECT * FROM `lzm_link` WHERE `is_delete` = 0 AND `is_show` = 1 ORDER BY sort  [ RunTime:0.0000s ]
SQL: SELECT * FROM `lzm_category` WHERE `cid` = 29 LIMIT 1   [ RunTime:0.0000s ]
SQL: SHOW COLUMNS FROM `lzm_article` [ RunTime:0.0030s ]
SQL: SELECT COUNT(*) AS tp_count FROM `lzm_article` WHERE `cid` = 29 AND `is_delete` = 0 AND `is_show` = 1 LIMIT 1   [ RunTime:0.0000s ]
SQL: SELECT * FROM `lzm_article` WHERE `cid` = 29 AND `is_delete` = 0 AND `is_show` = 1 ORDER BY addtime desc LIMIT 0,10   [ RunTime:0.0000s ]
SQL: SHOW COLUMNS FROM `lzm_article_tag` [ RunTime:0.0020s ]
SQL: SHOW COLUMNS FROM `lzm_article_tag` [ RunTime:0.0020s ]
SQL: SELECT * FROM `lzm_article_tag` INNER JOIN lzm_tag ON lzm_article_tag.tid=lzm_tag.tid  WHERE `aid` = '18'  [ RunTime:0.0010s ]
SQL: SHOW COLUMNS FROM `lzm_article_pic` [ RunTime:0.0020s ]
SQL: SELECT `path` FROM `lzm_article_pic` WHERE `aid` = 18 ORDER BY ap_id asc LIMIT 1   [ RunTime:0.0000s ]
SQL: SELECT `cid`,`cid`,`cname` FROM `lzm_category` WHERE `cid` = 29  [ RunTime:0.0000s ]
INFO: [ view_parse ] --START--
INFO: [ template_filter ] --START--
INFO: Run Behavior\ContentReplaceBehavior [ RunTime:0.000000s ]
INFO: [ template_filter ] --END-- [ RunTime:0.000000s ]
INFO: Run Behavior\ParseTemplateBehavior [ RunTime:0.011000s ]
INFO: [ view_parse ] --END-- [ RunTime:0.011000s ]
INFO: [ view_filter ] --START--
INFO: Run Behavior\WriteHtmlCacheBehavior [ RunTime:0.001000s ]
INFO: [ view_filter ] --END-- [ RunTime:0.001000s ]
INFO: [ app_end ] --START--
INFO: Run Behavior\ShowPageTraceBehavior [ RunTime:0.000000s ]
INFO: [ app_end ] --END-- [ RunTime:0.000000s ]

[ 2017-07-20T15:51:27+08:00 ] 127.0.0.1 /blog/index.php/Home/Index/chat.html
INFO: [ app_init ] --START--
INFO: Run Behavior\BuildLiteBehavior [ RunTime:0.000000s ]
INFO: [ app_init ] --END-- [ RunTime:0.000000s ]
INFO: [ app_begin ] --START--
INFO: Run Behavior\ReadHtmlCacheBehavior [ RunTime:0.000000s ]
INFO: [ app_begin ] --END-- [ RunTime:0.000000s ]
SQL: SHOW COLUMNS FROM `lzm_article` [ RunTime:0.0020s ]
SQL: SELECT `aid`,`title` FROM `lzm_article` WHERE `is_show` = 1 AND `is_delete` = 0 AND `is_top` = 1 ORDER BY aid desc  [ RunTime:0.0010s ]
SQL: SHOW COLUMNS FROM `lzm_comment` [ RunTime:0.0020s ]
SQL: SHOW COLUMNS FROM `lzm_oauth_user` [ RunTime:0.0030s ]
SQL: SELECT `id` FROM `lzm_oauth_user` WHERE (  is_admin )  [ RunTime:0.0000s ]
SQL: SELECT c.content,c.date,a.title,a.aid,ou.nickname,ou.head_img FROM lzm_comment c INNER JOIN lzm_article a ON c.aid=a.aid INNER JOIN lzm_oauth_user ou ON c.ouid=ou.id  WHERE c.is_delete = 0 ORDER BY c.date desc LIMIT 20   [ RunTime:0.0010s ]
NOTIC: [2] Invalid argument supplied for foreach() F:\WWW\blog\Application\Common\Model\CommentModel.class.php 第 202 行.
SQL: SHOW COLUMNS FROM `lzm_category` [ RunTime:0.0020s ]
SQL: SELECT * FROM `lzm_category` ORDER BY sort  [ RunTime:0.0000s ]
SQL: SHOW COLUMNS FROM `lzm_tag` [ RunTime:0.0030s ]
SQL: SELECT * FROM `lzm_tag`  [ RunTime:0.0010s ]
SQL: SHOW COLUMNS FROM `lzm_article_tag` [ RunTime:0.0030s ]
SQL: SELECT COUNT(*) AS tp_count FROM `lzm_article_tag` WHERE `tid` = 20 LIMIT 1   [ RunTime:0.0000s ]
SQL: SHOW COLUMNS FROM `lzm_link` [ RunTime:0.0020s ]
SQL: SELECT * FROM `lzm_link` WHERE `is_delete` = 0 AND `is_show` = 1 ORDER BY sort  [ RunTime:0.0000s ]
SQL: SHOW COLUMNS FROM `lzm_chat` [ RunTime:0.1340s ]
SQL: SELECT * FROM `lzm_chat` WHERE ( is_delete=0 and is_show=1 ) ORDER BY date desc  [ RunTime:0.0000s ]
INFO: [ view_parse ] --START--
INFO: [ template_filter ] --START--
INFO: Run Behavior\ContentReplaceBehavior [ RunTime:0.000000s ]
INFO: [ template_filter ] --END-- [ RunTime:0.000000s ]
INFO: Run Behavior\ParseTemplateBehavior [ RunTime:0.061004s ]
INFO: [ view_parse ] --END-- [ RunTime:0.062004s ]
INFO: [ view_filter ] --START--
INFO: Run Behavior\WriteHtmlCacheBehavior [ RunTime:0.000000s ]
INFO: [ view_filter ] --END-- [ RunTime:0.000000s ]
INFO: [ app_end ] --START--
INFO: Run Behavior\ShowPageTraceBehavior [ RunTime:0.000000s ]
INFO: [ app_end ] --END-- [ RunTime:0.000000s ]

[ 2017-07-20T15:51:28+08:00 ] 127.0.0.1 /blog/index.php/Home/Index/git.html
INFO: [ app_init ] --START--
INFO: Run Behavior\BuildLiteBehavior [ RunTime:0.000000s ]
INFO: [ app_init ] --END-- [ RunTime:0.001000s ]
INFO: [ app_begin ] --START--
INFO: Run Behavior\ReadHtmlCacheBehavior [ RunTime:0.000000s ]
INFO: [ app_begin ] --END-- [ RunTime:0.000000s ]
SQL: SHOW COLUMNS FROM `lzm_article` [ RunTime:0.0030s ]
SQL: SELECT `aid`,`title` FROM `lzm_article` WHERE `is_show` = 1 AND `is_delete` = 0 AND `is_top` = 1 ORDER BY aid desc  [ RunTime:0.0000s ]
SQL: SHOW COLUMNS FROM `lzm_comment` [ RunTime:0.0030s ]
SQL: SHOW COLUMNS FROM `lzm_oauth_user` [ RunTime:0.0030s ]
SQL: SELECT `id` FROM `lzm_oauth_user` WHERE (  is_admin )  [ RunTime:0.0000s ]
SQL: SELECT c.content,c.date,a.title,a.aid,ou.nickname,ou.head_img FROM lzm_comment c INNER JOIN lzm_article a ON c.aid=a.aid INNER JOIN lzm_oauth_user ou ON c.ouid=ou.id  WHERE c.is_delete = 0 ORDER BY c.date desc LIMIT 20   [ RunTime:0.0020s ]
NOTIC: [2] Invalid argument supplied for foreach() F:\WWW\blog\Application\Common\Model\CommentModel.class.php 第 202 行.
SQL: SHOW COLUMNS FROM `lzm_category` [ RunTime:0.0030s ]
SQL: SELECT * FROM `lzm_category` ORDER BY sort  [ RunTime:0.0000s ]
SQL: SHOW COLUMNS FROM `lzm_tag` [ RunTime:0.0030s ]
SQL: SELECT * FROM `lzm_tag`  [ RunTime:0.0000s ]
SQL: SHOW COLUMNS FROM `lzm_article_tag` [ RunTime:0.0020s ]
SQL: SELECT COUNT(*) AS tp_count FROM `lzm_article_tag` WHERE `tid` = 20 LIMIT 1   [ RunTime:0.0010s ]
SQL: SHOW COLUMNS FROM `lzm_link` [ RunTime:0.0020s ]
SQL: SELECT * FROM `lzm_link` WHERE `is_delete` = 0 AND `is_show` = 1 ORDER BY sort  [ RunTime:0.0000s ]
INFO: [ view_parse ] --START--
INFO: [ template_filter ] --START--
INFO: Run Behavior\ContentReplaceBehavior [ RunTime:0.000000s ]
INFO: [ template_filter ] --END-- [ RunTime:0.000000s ]
INFO: Run Behavior\ParseTemplateBehavior [ RunTime:0.009000s ]
INFO: [ view_parse ] --END-- [ RunTime:0.009000s ]
INFO: [ view_filter ] --START--
INFO: Run Behavior\WriteHtmlCacheBehavior [ RunTime:0.000000s ]
INFO: [ view_filter ] --END-- [ RunTime:0.000000s ]
INFO: [ app_end ] --START--
INFO: Run Behavior\ShowPageTraceBehavior [ RunTime:0.001000s ]
INFO: [ app_end ] --END-- [ RunTime:0.001000s ]

[ 2017-07-20T15:51:30+08:00 ] 127.0.0.1 /blog/index.php/Home/Index/chat.html
INFO: [ app_init ] --START--
INFO: Run Behavior\BuildLiteBehavior [ RunTime:0.000000s ]
INFO: [ app_init ] --END-- [ RunTime:0.001000s ]
INFO: [ app_begin ] --START--
INFO: Run Behavior\ReadHtmlCacheBehavior [ RunTime:0.000000s ]
INFO: [ app_begin ] --END-- [ RunTime:0.000000s ]
SQL: SHOW COLUMNS FROM `lzm_article` [ RunTime:0.0020s ]
SQL: SELECT `aid`,`title` FROM `lzm_article` WHERE `is_show` = 1 AND `is_delete` = 0 AND `is_top` = 1 ORDER BY aid desc  [ RunTime:0.0000s ]
SQL: SHOW COLUMNS FROM `lzm_comment` [ RunTime:0.0020s ]
SQL: SHOW COLUMNS FROM `lzm_oauth_user` [ RunTime:0.0020s ]
SQL: SELECT `id` FROM `lzm_oauth_user` WHERE (  is_admin )  [ RunTime:0.0000s ]
SQL: SELECT c.content,c.date,a.title,a.aid,ou.nickname,ou.head_img FROM lzm_comment c INNER JOIN lzm_article a ON c.aid=a.aid INNER JOIN lzm_oauth_user ou ON c.ouid=ou.id  WHERE c.is_delete = 0 ORDER BY c.date desc LIMIT 20   [ RunTime:0.0020s ]
NOTIC: [2] Invalid argument supplied for foreach() F:\WWW\blog\Application\Common\Model\CommentModel.class.php 第 202 行.
SQL: SHOW COLUMNS FROM `lzm_category` [ RunTime:0.0020s ]
SQL: SELECT * FROM `lzm_category` ORDER BY sort  [ RunTime:0.0000s ]
SQL: SHOW COLUMNS FROM `lzm_tag` [ RunTime:0.0020s ]
SQL: SELECT * FROM `lzm_tag`  [ RunTime:0.0000s ]
SQL: SHOW COLUMNS FROM `lzm_article_tag` [ RunTime:0.0030s ]
SQL: SELECT COUNT(*) AS tp_count FROM `lzm_article_tag` WHERE `tid` = 20 LIMIT 1   [ RunTime:0.0000s ]
SQL: SHOW COLUMNS FROM `lzm_link` [ RunTime:0.0030s ]
SQL: SELECT * FROM `lzm_link` WHERE `is_delete` = 0 AND `is_show` = 1 ORDER BY sort  [ RunTime:0.0000s ]
SQL: SHOW COLUMNS FROM `lzm_chat` [ RunTime:0.0030s ]
SQL: SELECT * FROM `lzm_chat` WHERE ( is_delete=0 and is_show=1 ) ORDER BY date desc  [ RunTime:0.0000s ]
INFO: [ view_parse ] --START--
INFO: [ template_filter ] --START--
INFO: Run Behavior\ContentReplaceBehavior [ RunTime:0.000000s ]
INFO: [ template_filter ] --END-- [ RunTime:0.000000s ]
INFO: Run Behavior\ParseTemplateBehavior [ RunTime:0.010001s ]
INFO: [ view_parse ] --END-- [ RunTime:0.010001s ]
INFO: [ view_filter ] --START--
INFO: Run Behavior\WriteHtmlCacheBehavior [ RunTime:0.000000s ]
INFO: [ view_filter ] --END-- [ RunTime:0.000000s ]
INFO: [ app_end ] --START--
INFO: Run Behavior\ShowPageTraceBehavior [ RunTime:0.000000s ]
INFO: [ app_end ] --END-- [ RunTime:0.000000s ]

[ 2017-07-20T15:51:36+08:00 ] 127.0.0.1 /blog/index.php/Home/Index/category/cid/28.html
INFO: [ app_init ] --START--
INFO: Run Behavior\BuildLiteBehavior [ RunTime:0.000000s ]
INFO: [ app_init ] --END-- [ RunTime:0.000000s ]
INFO: [ app_begin ] --START--
INFO: Run Behavior\ReadHtmlCacheBehavior [ RunTime:0.001000s ]
INFO: [ app_begin ] --END-- [ RunTime:0.001000s ]
SQL: SHOW COLUMNS FROM `lzm_article` [ RunTime:0.0020s ]
SQL: SELECT `aid`,`title` FROM `lzm_article` WHERE `is_show` = 1 AND `is_delete` = 0 AND `is_top` = 1 ORDER BY aid desc  [ RunTime:0.0000s ]
SQL: SHOW COLUMNS FROM `lzm_comment` [ RunTime:0.0020s ]
SQL: SHOW COLUMNS FROM `lzm_oauth_user` [ RunTime:0.0020s ]
SQL: SELECT `id` FROM `lzm_oauth_user` WHERE (  is_admin )  [ RunTime:0.0000s ]
SQL: SELECT c.content,c.date,a.title,a.aid,ou.nickname,ou.head_img FROM lzm_comment c INNER JOIN lzm_article a ON c.aid=a.aid INNER JOIN lzm_oauth_user ou ON c.ouid=ou.id  WHERE c.is_delete = 0 ORDER BY c.date desc LIMIT 20   [ RunTime:0.0020s ]
NOTIC: [2] Invalid argument supplied for foreach() F:\WWW\blog\Application\Common\Model\CommentModel.class.php 第 202 行.
SQL: SHOW COLUMNS FROM `lzm_category` [ RunTime:0.0020s ]
SQL: SELECT * FROM `lzm_category` ORDER BY sort  [ RunTime:0.0000s ]
SQL: SHOW COLUMNS FROM `lzm_tag` [ RunTime:0.0020s ]
SQL: SELECT * FROM `lzm_tag`  [ RunTime:0.0000s ]
SQL: SHOW COLUMNS FROM `lzm_article_tag` [ RunTime:0.0030s ]
SQL: SELECT COUNT(*) AS tp_count FROM `lzm_article_tag` WHERE `tid` = 20 LIMIT 1   [ RunTime:0.0000s ]
SQL: SHOW COLUMNS FROM `lzm_link` [ RunTime:0.0020s ]
SQL: SELECT * FROM `lzm_link` WHERE `is_delete` = 0 AND `is_show` = 1 ORDER BY sort  [ RunTime:0.0000s ]
SQL: SELECT * FROM `lzm_category` WHERE `cid` = 28 LIMIT 1   [ RunTime:0.0000s ]
SQL: SHOW COLUMNS FROM `lzm_article` [ RunTime:0.0020s ]
SQL: SELECT COUNT(*) AS tp_count FROM `lzm_article` WHERE `cid` = 28 AND `is_delete` = 0 AND `is_show` = 1 LIMIT 1   [ RunTime:0.0000s ]
SQL: SELECT * FROM `lzm_article` WHERE `cid` = 28 AND `is_delete` = 0 AND `is_show` = 1 ORDER BY addtime desc LIMIT 0,10   [ RunTime:0.0000s ]
SQL: SHOW COLUMNS FROM `lzm_article_tag` [ RunTime:0.0020s ]
SQL: SHOW COLUMNS FROM `lzm_article_tag` [ RunTime:0.0020s ]
SQL: SELECT * FROM `lzm_article_tag` INNER JOIN lzm_tag ON lzm_article_tag.tid=lzm_tag.tid  WHERE `aid` = '17'  [ RunTime:0.0000s ]
SQL: SHOW COLUMNS FROM `lzm_article_pic` [ RunTime:0.0020s ]
SQL: SELECT `path` FROM `lzm_article_pic` WHERE `aid` = 17 ORDER BY ap_id asc LIMIT 1   [ RunTime:0.0010s ]
SQL: SELECT `cid`,`cid`,`cname` FROM `lzm_category` WHERE `cid` = 28  [ RunTime:0.0000s ]
INFO: [ view_parse ] --START--
INFO: [ template_filter ] --START--
INFO: Run Behavior\ContentReplaceBehavior [ RunTime:0.000000s ]
INFO: [ template_filter ] --END-- [ RunTime:0.000000s ]
INFO: Run Behavior\ParseTemplateBehavior [ RunTime:0.011000s ]
INFO: [ view_parse ] --END-- [ RunTime:0.011000s ]
INFO: [ view_filter ] --START--
INFO: Run Behavior\WriteHtmlCacheBehavior [ RunTime:0.000000s ]
INFO: [ view_filter ] --END-- [ RunTime:0.000000s ]
INFO: [ app_end ] --START--
INFO: Run Behavior\ShowPageTraceBehavior [ RunTime:0.000000s ]
INFO: [ app_end ] --END-- [ RunTime:0.000000s ]

