[ 2017-11-29T12:00:31+08:00 ] 127.0.0.1 /
INFO: [ app_init ] --START--
INFO: Run Behavior\BuildLiteBehavior [ RunTime:0.000000s ]
INFO: [ app_init ] --END-- [ RunTime:0.001000s ]
INFO: [ app_begin ] --START--
INFO: Run Behavior\ReadHtmlCacheBehavior [ RunTime:0.001000s ]
INFO: [ app_begin ] --END-- [ RunTime:0.001000s ]
SQL: SHOW COLUMNS FROM `lzm_article` [ RunTime:0.0440s ]
SQL: SELECT `aid`,`title` FROM `lzm_article` WHERE `is_show` = 1 AND `is_delete` = 0 AND `is_top` = 1 ORDER BY aid desc  [ RunTime:0.0010s ]
SQL: SHOW COLUMNS FROM `lzm_comment` [ RunTime:0.0200s ]
SQL: SHOW COLUMNS FROM `lzm_oauth_user` [ RunTime:0.0290s ]
SQL: SELECT `id` FROM `lzm_oauth_user` WHERE (  is_admin )  [ RunTime:0.0000s ]
SQL: SELECT c.content,c.date,a.title,a.aid,ou.nickname,ou.head_img FROM lzm_comment c INNER JOIN lzm_article a ON c.aid=a.aid INNER JOIN lzm_oauth_user ou ON c.ouid=ou.id  WHERE c.is_delete = 0 ORDER BY c.date desc LIMIT 20   [ RunTime:0.0040s ]
NOTIC: [2] Invalid argument supplied for foreach() F:\WWW\blog\Application\Common\Model\CommentModel.class.php 第 202 行.
SQL: SHOW COLUMNS FROM `lzm_category` [ RunTime:0.0190s ]
SQL: SELECT * FROM `lzm_category` ORDER BY sort  [ RunTime:0.0000s ]
SQL: SHOW COLUMNS FROM `lzm_tag` [ RunTime:0.0060s ]
SQL: SELECT * FROM `lzm_tag`  [ RunTime:0.0010s ]
SQL: SHOW COLUMNS FROM `lzm_article_tag` [ RunTime:0.0180s ]
SQL: SELECT COUNT(*) AS tp_count FROM `lzm_article_tag` WHERE `tid` = 20 LIMIT 1   [ RunTime:0.0010s ]
SQL: SHOW COLUMNS FROM `lzm_link` [ RunTime:0.0060s ]
SQL: SELECT * FROM `lzm_link` WHERE `is_delete` = 0 AND `is_show` = 1 ORDER BY sort  [ RunTime:0.0010s ]
SQL: SHOW COLUMNS FROM `lzm_article` [ RunTime:0.0040s ]
SQL: SELECT COUNT(*) AS tp_count FROM `lzm_article` WHERE `is_delete` = 0 AND `is_show` = 1 LIMIT 1   [ RunTime:0.0000s ]
SQL: SELECT * FROM `lzm_article` WHERE `is_delete` = 0 AND `is_show` = 1 ORDER BY addtime desc LIMIT 0,10   [ RunTime:0.0010s ]
SQL: SHOW COLUMNS FROM `lzm_article_tag` [ RunTime:0.0040s ]
SQL: SHOW COLUMNS FROM `lzm_article_tag` [ RunTime:0.0040s ]
SQL: SELECT * FROM `lzm_article_tag` INNER JOIN lzm_tag ON lzm_article_tag.tid=lzm_tag.tid  WHERE `aid` = '18'  [ RunTime:0.0000s ]
SQL: SHOW COLUMNS FROM `lzm_article_pic` [ RunTime:0.0140s ]
SQL: SELECT `path` FROM `lzm_article_pic` WHERE `aid` = 18 ORDER BY ap_id asc LIMIT 1   [ RunTime:0.0000s ]
SQL: SELECT `cid`,`cid`,`cname` FROM `lzm_category` WHERE `cid` = 29  [ RunTime:0.0000s ]
SQL: SELECT * FROM `lzm_article_tag` INNER JOIN lzm_tag ON lzm_article_tag.tid=lzm_tag.tid  WHERE `aid` = '17'  [ RunTime:0.0000s ]
SQL: SELECT `path` FROM `lzm_article_pic` WHERE `aid` = 17 ORDER BY ap_id asc LIMIT 1   [ RunTime:0.0000s ]
SQL: SELECT `cid`,`cid`,`cname` FROM `lzm_category` WHERE `cid` = 28  [ RunTime:0.0010s ]
INFO: [ view_parse ] --START--
INFO: [ template_filter ] --START--
INFO: Run Behavior\ContentReplaceBehavior [ RunTime:0.000000s ]
INFO: [ template_filter ] --END-- [ RunTime:0.000000s ]
NOTIC: [8] Use of undefined constant url - assumed 'url' F:\WWW\blog\Runtime\Cache\Home\08d30c77e78bd0ac29232fbc421b5dcd.php 第 59 行.
INFO: Run Behavior\ParseTemplateBehavior [ RunTime:0.091005s ]
INFO: [ view_parse ] --END-- [ RunTime:0.091005s ]
INFO: [ view_filter ] --START--
INFO: Run Behavior\WriteHtmlCacheBehavior [ RunTime:0.008001s ]
INFO: [ view_filter ] --END-- [ RunTime:0.008001s ]
INFO: [ app_end ] --START--
INFO: Run Behavior\ShowPageTraceBehavior [ RunTime:0.061003s ]
INFO: [ app_end ] --END-- [ RunTime:0.061003s ]

[ 2017-11-29T12:00:42+08:00 ] 127.0.0.1 /index.php/Home/Index/category/cid/28.html
INFO: [ app_init ] --START--
INFO: Run Behavior\BuildLiteBehavior [ RunTime:0.000000s ]
INFO: [ app_init ] --END-- [ RunTime:0.001000s ]
INFO: [ app_begin ] --START--
INFO: Run Behavior\ReadHtmlCacheBehavior [ RunTime:0.001000s ]
INFO: [ app_begin ] --END-- [ RunTime:0.001000s ]
SQL: SHOW COLUMNS FROM `lzm_article` [ RunTime:0.0020s ]
SQL: SELECT `aid`,`title` FROM `lzm_article` WHERE `is_show` = 1 AND `is_delete` = 0 AND `is_top` = 1 ORDER BY aid desc  [ RunTime:0.0000s ]
SQL: SHOW COLUMNS FROM `lzm_comment` [ RunTime:0.0020s ]
SQL: SHOW COLUMNS FROM `lzm_oauth_user` [ RunTime:0.0020s ]
SQL: SELECT `id` FROM `lzm_oauth_user` WHERE (  is_admin )  [ RunTime:0.0010s ]
SQL: SELECT c.content,c.date,a.title,a.aid,ou.nickname,ou.head_img FROM lzm_comment c INNER JOIN lzm_article a ON c.aid=a.aid INNER JOIN lzm_oauth_user ou ON c.ouid=ou.id  WHERE c.is_delete = 0 ORDER BY c.date desc LIMIT 20   [ RunTime:0.0020s ]
NOTIC: [2] Invalid argument supplied for foreach() F:\WWW\blog\Application\Common\Model\CommentModel.class.php 第 202 行.
SQL: SHOW COLUMNS FROM `lzm_category` [ RunTime:0.0020s ]
SQL: SELECT * FROM `lzm_category` ORDER BY sort  [ RunTime:0.0000s ]
SQL: SHOW COLUMNS FROM `lzm_tag` [ RunTime:0.0020s ]
SQL: SELECT * FROM `lzm_tag`  [ RunTime:0.0000s ]
SQL: SHOW COLUMNS FROM `lzm_article_tag` [ RunTime:0.0030s ]
SQL: SELECT COUNT(*) AS tp_count FROM `lzm_article_tag` WHERE `tid` = 20 LIMIT 1   [ RunTime:0.0000s ]
SQL: SHOW COLUMNS FROM `lzm_link` [ RunTime:0.0020s ]
SQL: SELECT * FROM `lzm_link` WHERE `is_delete` = 0 AND `is_show` = 1 ORDER BY sort  [ RunTime:0.0000s ]
SQL: SELECT * FROM `lzm_category` WHERE `cid` = 28 LIMIT 1   [ RunTime:0.0000s ]
SQL: SHOW COLUMNS FROM `lzm_article` [ RunTime:0.0020s ]
SQL: SELECT COUNT(*) AS tp_count FROM `lzm_article` WHERE `cid` = 28 AND `is_delete` = 0 AND `is_show` = 1 LIMIT 1   [ RunTime:0.0000s ]
SQL: SELECT * FROM `lzm_article` WHERE `cid` = 28 AND `is_delete` = 0 AND `is_show` = 1 ORDER BY addtime desc LIMIT 0,10   [ RunTime:0.0000s ]
SQL: SHOW COLUMNS FROM `lzm_article_tag` [ RunTime:0.0020s ]
SQL: SHOW COLUMNS FROM `lzm_article_tag` [ RunTime:0.0020s ]
SQL: SELECT * FROM `lzm_article_tag` INNER JOIN lzm_tag ON lzm_article_tag.tid=lzm_tag.tid  WHERE `aid` = '17'  [ RunTime:0.0000s ]
SQL: SHOW COLUMNS FROM `lzm_article_pic` [ RunTime:0.0020s ]
SQL: SELECT `path` FROM `lzm_article_pic` WHERE `aid` = 17 ORDER BY ap_id asc LIMIT 1   [ RunTime:0.0000s ]
SQL: SELECT `cid`,`cid`,`cname` FROM `lzm_category` WHERE `cid` = 28  [ RunTime:0.0000s ]
INFO: [ view_parse ] --START--
INFO: [ template_filter ] --START--
INFO: Run Behavior\ContentReplaceBehavior [ RunTime:0.000000s ]
INFO: [ template_filter ] --END-- [ RunTime:0.000000s ]
INFO: Run Behavior\ParseTemplateBehavior [ RunTime:0.013001s ]
INFO: [ view_parse ] --END-- [ RunTime:0.013001s ]
INFO: [ view_filter ] --START--
INFO: Run Behavior\WriteHtmlCacheBehavior [ RunTime:0.000000s ]
INFO: [ view_filter ] --END-- [ RunTime:0.000000s ]
INFO: [ app_end ] --START--
INFO: Run Behavior\ShowPageTraceBehavior [ RunTime:0.001000s ]
INFO: [ app_end ] --END-- [ RunTime:0.001000s ]

[ 2017-11-29T12:00:52+08:00 ] 127.0.0.1 /index.php/Home/Index/chat.html
INFO: [ app_init ] --START--
INFO: Run Behavior\BuildLiteBehavior [ RunTime:0.000000s ]
INFO: [ app_init ] --END-- [ RunTime:0.000000s ]
INFO: [ app_begin ] --START--
INFO: Run Behavior\ReadHtmlCacheBehavior [ RunTime:0.000000s ]
INFO: [ app_begin ] --END-- [ RunTime:0.000000s ]
SQL: SHOW COLUMNS FROM `lzm_article` [ RunTime:0.0020s ]
SQL: SELECT `aid`,`title` FROM `lzm_article` WHERE `is_show` = 1 AND `is_delete` = 0 AND `is_top` = 1 ORDER BY aid desc  [ RunTime:0.0000s ]
SQL: SHOW COLUMNS FROM `lzm_comment` [ RunTime:0.0040s ]
SQL: SHOW COLUMNS FROM `lzm_oauth_user` [ RunTime:0.0020s ]
SQL: SELECT `id` FROM `lzm_oauth_user` WHERE (  is_admin )  [ RunTime:0.0000s ]
SQL: SELECT c.content,c.date,a.title,a.aid,ou.nickname,ou.head_img FROM lzm_comment c INNER JOIN lzm_article a ON c.aid=a.aid INNER JOIN lzm_oauth_user ou ON c.ouid=ou.id  WHERE c.is_delete = 0 ORDER BY c.date desc LIMIT 20   [ RunTime:0.0030s ]
NOTIC: [2] Invalid argument supplied for foreach() F:\WWW\blog\Application\Common\Model\CommentModel.class.php 第 202 行.
SQL: SHOW COLUMNS FROM `lzm_category` [ RunTime:0.0020s ]
SQL: SELECT * FROM `lzm_category` ORDER BY sort  [ RunTime:0.0000s ]
SQL: SHOW COLUMNS FROM `lzm_tag` [ RunTime:0.0020s ]
SQL: SELECT * FROM `lzm_tag`  [ RunTime:0.0010s ]
SQL: SHOW COLUMNS FROM `lzm_article_tag` [ RunTime:0.0020s ]
SQL: SELECT COUNT(*) AS tp_count FROM `lzm_article_tag` WHERE `tid` = 20 LIMIT 1   [ RunTime:0.0000s ]
SQL: SHOW COLUMNS FROM `lzm_link` [ RunTime:0.0020s ]
SQL: SELECT * FROM `lzm_link` WHERE `is_delete` = 0 AND `is_show` = 1 ORDER BY sort  [ RunTime:0.0000s ]
SQL: SHOW COLUMNS FROM `lzm_chat` [ RunTime:0.0360s ]
SQL: SELECT * FROM `lzm_chat` WHERE ( is_delete=0 and is_show=1 ) ORDER BY date desc  [ RunTime:0.0000s ]
INFO: [ view_parse ] --START--
INFO: [ template_filter ] --START--
INFO: Run Behavior\ContentReplaceBehavior [ RunTime:0.000000s ]
INFO: [ template_filter ] --END-- [ RunTime:0.000000s ]
INFO: Run Behavior\ParseTemplateBehavior [ RunTime:0.026001s ]
INFO: [ view_parse ] --END-- [ RunTime:0.026001s ]
INFO: [ view_filter ] --START--
INFO: Run Behavior\WriteHtmlCacheBehavior [ RunTime:0.000000s ]
INFO: [ view_filter ] --END-- [ RunTime:0.000000s ]
INFO: [ app_end ] --START--
INFO: Run Behavior\ShowPageTraceBehavior [ RunTime:0.000000s ]
INFO: [ app_end ] --END-- [ RunTime:0.001000s ]

[ 2017-11-29T12:00:55+08:00 ] 127.0.0.1 /index.php/Home/Index/git.html
INFO: [ app_init ] --START--
INFO: Run Behavior\BuildLiteBehavior [ RunTime:0.000000s ]
INFO: [ app_init ] --END-- [ RunTime:0.000000s ]
INFO: [ app_begin ] --START--
INFO: Run Behavior\ReadHtmlCacheBehavior [ RunTime:0.001000s ]
INFO: [ app_begin ] --END-- [ RunTime:0.001000s ]
SQL: SHOW COLUMNS FROM `lzm_article` [ RunTime:0.0030s ]
SQL: SELECT `aid`,`title` FROM `lzm_article` WHERE `is_show` = 1 AND `is_delete` = 0 AND `is_top` = 1 ORDER BY aid desc  [ RunTime:0.0000s ]
SQL: SHOW COLUMNS FROM `lzm_comment` [ RunTime:0.0030s ]
SQL: SHOW COLUMNS FROM `lzm_oauth_user` [ RunTime:0.0020s ]
SQL: SELECT `id` FROM `lzm_oauth_user` WHERE (  is_admin )  [ RunTime:0.0000s ]
SQL: SELECT c.content,c.date,a.title,a.aid,ou.nickname,ou.head_img FROM lzm_comment c INNER JOIN lzm_article a ON c.aid=a.aid INNER JOIN lzm_oauth_user ou ON c.ouid=ou.id  WHERE c.is_delete = 0 ORDER BY c.date desc LIMIT 20   [ RunTime:0.0020s ]
NOTIC: [2] Invalid argument supplied for foreach() F:\WWW\blog\Application\Common\Model\CommentModel.class.php 第 202 行.
SQL: SHOW COLUMNS FROM `lzm_category` [ RunTime:0.0030s ]
SQL: SELECT * FROM `lzm_category` ORDER BY sort  [ RunTime:0.0000s ]
SQL: SHOW COLUMNS FROM `lzm_tag` [ RunTime:0.0020s ]
SQL: SELECT * FROM `lzm_tag`  [ RunTime:0.0000s ]
SQL: SHOW COLUMNS FROM `lzm_article_tag` [ RunTime:0.0020s ]
SQL: SELECT COUNT(*) AS tp_count FROM `lzm_article_tag` WHERE `tid` = 20 LIMIT 1   [ RunTime:0.0000s ]
SQL: SHOW COLUMNS FROM `lzm_link` [ RunTime:0.0030s ]
SQL: SELECT * FROM `lzm_link` WHERE `is_delete` = 0 AND `is_show` = 1 ORDER BY sort  [ RunTime:0.0000s ]
INFO: [ view_parse ] --START--
INFO: [ template_filter ] --START--
INFO: Run Behavior\ContentReplaceBehavior [ RunTime:0.001000s ]
INFO: [ template_filter ] --END-- [ RunTime:0.001000s ]
INFO: Run Behavior\ParseTemplateBehavior [ RunTime:0.029002s ]
INFO: [ view_parse ] --END-- [ RunTime:0.029002s ]
INFO: [ view_filter ] --START--
INFO: Run Behavior\WriteHtmlCacheBehavior [ RunTime:0.001000s ]
INFO: [ view_filter ] --END-- [ RunTime:0.001000s ]
INFO: [ app_end ] --START--
INFO: Run Behavior\ShowPageTraceBehavior [ RunTime:0.001000s ]
INFO: [ app_end ] --END-- [ RunTime:0.001000s ]

[ 2017-11-29T12:01:03+08:00 ] 127.0.0.1 /
INFO: [ app_init ] --START--
INFO: Run Behavior\BuildLiteBehavior [ RunTime:0.000000s ]
INFO: [ app_init ] --END-- [ RunTime:0.000000s ]
INFO: [ app_begin ] --START--
INFO: Run Behavior\ReadHtmlCacheBehavior [ RunTime:0.001000s ]
INFO: [ app_begin ] --END-- [ RunTime:0.001000s ]
SQL: SHOW COLUMNS FROM `lzm_article` [ RunTime:0.0020s ]
SQL: SELECT `aid`,`title` FROM `lzm_article` WHERE `is_show` = 1 AND `is_delete` = 0 AND `is_top` = 1 ORDER BY aid desc  [ RunTime:0.0000s ]
SQL: SHOW COLUMNS FROM `lzm_comment` [ RunTime:0.0020s ]
SQL: SHOW COLUMNS FROM `lzm_oauth_user` [ RunTime:0.0030s ]
SQL: SELECT `id` FROM `lzm_oauth_user` WHERE (  is_admin )  [ RunTime:0.0000s ]
SQL: SELECT c.content,c.date,a.title,a.aid,ou.nickname,ou.head_img FROM lzm_comment c INNER JOIN lzm_article a ON c.aid=a.aid INNER JOIN lzm_oauth_user ou ON c.ouid=ou.id  WHERE c.is_delete = 0 ORDER BY c.date desc LIMIT 20   [ RunTime:0.0030s ]
NOTIC: [2] Invalid argument supplied for foreach() F:\WWW\blog\Application\Common\Model\CommentModel.class.php 第 202 行.
SQL: SHOW COLUMNS FROM `lzm_category` [ RunTime:0.0030s ]
SQL: SELECT * FROM `lzm_category` ORDER BY sort  [ RunTime:0.0000s ]
SQL: SHOW COLUMNS FROM `lzm_tag` [ RunTime:0.0020s ]
SQL: SELECT * FROM `lzm_tag`  [ RunTime:0.0010s ]
SQL: SHOW COLUMNS FROM `lzm_article_tag` [ RunTime:0.0020s ]
SQL: SELECT COUNT(*) AS tp_count FROM `lzm_article_tag` WHERE `tid` = 20 LIMIT 1   [ RunTime:0.0010s ]
SQL: SHOW COLUMNS FROM `lzm_link` [ RunTime:0.0020s ]
SQL: SELECT * FROM `lzm_link` WHERE `is_delete` = 0 AND `is_show` = 1 ORDER BY sort  [ RunTime:0.0000s ]
SQL: SHOW COLUMNS FROM `lzm_article` [ RunTime:0.0020s ]
SQL: SELECT COUNT(*) AS tp_count FROM `lzm_article` WHERE `is_delete` = 0 AND `is_show` = 1 LIMIT 1   [ RunTime:0.0000s ]
SQL: SELECT * FROM `lzm_article` WHERE `is_delete` = 0 AND `is_show` = 1 ORDER BY addtime desc LIMIT 0,10   [ RunTime:0.0010s ]
SQL: SHOW COLUMNS FROM `lzm_article_tag` [ RunTime:0.0020s ]
SQL: SHOW COLUMNS FROM `lzm_article_tag` [ RunTime:0.0030s ]
SQL: SELECT * FROM `lzm_article_tag` INNER JOIN lzm_tag ON lzm_article_tag.tid=lzm_tag.tid  WHERE `aid` = '18'  [ RunTime:0.0000s ]
SQL: SHOW COLUMNS FROM `lzm_article_pic` [ RunTime:0.0030s ]
SQL: SELECT `path` FROM `lzm_article_pic` WHERE `aid` = 18 ORDER BY ap_id asc LIMIT 1   [ RunTime:0.0000s ]
SQL: SELECT `cid`,`cid`,`cname` FROM `lzm_category` WHERE `cid` = 29  [ RunTime:0.0010s ]
SQL: SELECT * FROM `lzm_article_tag` INNER JOIN lzm_tag ON lzm_article_tag.tid=lzm_tag.tid  WHERE `aid` = '17'  [ RunTime:0.0000s ]
SQL: SELECT `path` FROM `lzm_article_pic` WHERE `aid` = 17 ORDER BY ap_id asc LIMIT 1   [ RunTime:0.0010s ]
SQL: SELECT `cid`,`cid`,`cname` FROM `lzm_category` WHERE `cid` = 28  [ RunTime:0.0000s ]
INFO: [ view_parse ] --START--
INFO: [ template_filter ] --START--
INFO: Run Behavior\ContentReplaceBehavior [ RunTime:0.000000s ]
INFO: [ template_filter ] --END-- [ RunTime:0.000000s ]
NOTIC: [8] Use of undefined constant url - assumed 'url' F:\WWW\blog\Runtime\Cache\Home\08d30c77e78bd0ac29232fbc421b5dcd.php 第 59 行.
INFO: Run Behavior\ParseTemplateBehavior [ RunTime:0.012000s ]
INFO: [ view_parse ] --END-- [ RunTime:0.012000s ]
INFO: [ view_filter ] --START--
INFO: Run Behavior\WriteHtmlCacheBehavior [ RunTime:0.000000s ]
INFO: [ view_filter ] --END-- [ RunTime:0.000000s ]
INFO: [ app_end ] --START--
INFO: Run Behavior\ShowPageTraceBehavior [ RunTime:0.001000s ]
INFO: [ app_end ] --END-- [ RunTime:0.001000s ]

[ 2017-11-29T12:01:05+08:00 ] 127.0.0.1 /index.php/Home/Index/article/aid/18.html
INFO: [ app_init ] --START--
INFO: Run Behavior\BuildLiteBehavior [ RunTime:0.000000s ]
INFO: [ app_init ] --END-- [ RunTime:0.000000s ]
INFO: [ app_begin ] --START--
INFO: Run Behavior\ReadHtmlCacheBehavior [ RunTime:0.000000s ]
INFO: [ app_begin ] --END-- [ RunTime:0.000000s ]
SQL: SHOW COLUMNS FROM `lzm_article` [ RunTime:0.0040s ]
SQL: SELECT `aid`,`title` FROM `lzm_article` WHERE `is_show` = 1 AND `is_delete` = 0 AND `is_top` = 1 ORDER BY aid desc  [ RunTime:0.0000s ]
SQL: SHOW COLUMNS FROM `lzm_comment` [ RunTime:0.0030s ]
SQL: SHOW COLUMNS FROM `lzm_oauth_user` [ RunTime:0.0030s ]
SQL: SELECT `id` FROM `lzm_oauth_user` WHERE (  is_admin )  [ RunTime:0.0000s ]
SQL: SELECT c.content,c.date,a.title,a.aid,ou.nickname,ou.head_img FROM lzm_comment c INNER JOIN lzm_article a ON c.aid=a.aid INNER JOIN lzm_oauth_user ou ON c.ouid=ou.id  WHERE c.is_delete = 0 ORDER BY c.date desc LIMIT 20   [ RunTime:0.0020s ]
NOTIC: [2] Invalid argument supplied for foreach() F:\WWW\blog\Application\Common\Model\CommentModel.class.php 第 202 行.
SQL: SHOW COLUMNS FROM `lzm_category` [ RunTime:0.0020s ]
SQL: SELECT * FROM `lzm_category` ORDER BY sort  [ RunTime:0.0000s ]
SQL: SHOW COLUMNS FROM `lzm_tag` [ RunTime:0.0040s ]
SQL: SELECT * FROM `lzm_tag`  [ RunTime:0.0000s ]
SQL: SHOW COLUMNS FROM `lzm_article_tag` [ RunTime:0.0040s ]
SQL: SELECT COUNT(*) AS tp_count FROM `lzm_article_tag` WHERE `tid` = 20 LIMIT 1   [ RunTime:0.0000s ]
SQL: SHOW COLUMNS FROM `lzm_link` [ RunTime:0.0030s ]
SQL: SELECT * FROM `lzm_link` WHERE `is_delete` = 0 AND `is_show` = 1 ORDER BY sort  [ RunTime:0.0010s ]
NOTIC: [2] array_key_exists() expects parameter 2 to be array, null given F:\WWW\blog\Application\Home\Controller\IndexController.class.php 第 77 行.
SQL: UPDATE `lzm_article` SET `click`=click+1 WHERE `aid` = 18 [ RunTime:0.0760s ]
SQL: SHOW COLUMNS FROM `lzm_article` [ RunTime:0.0040s ]
NOTIC: [8] Undefined index: title F:\WWW\blog\Application\Common\Model\ArticleModel.class.php 第 297 行.
SQL: SELECT `aid`,`title` FROM `lzm_article` WHERE `title` LIKE '%%' AND (  `is_show` = 1 ) AND (  `is_delete` = 0 ) AND `aid` > 18 LIMIT 1   [ RunTime:0.0010s ]
SQL: SELECT `aid`,`title` FROM `lzm_article` WHERE `title` LIKE '%%' AND (  `is_show` = 1 ) AND (  `is_delete` = 0 ) AND `aid` < 18 ORDER BY aid desc LIMIT 1   [ RunTime:0.0000s ]
SQL: SELECT * FROM `lzm_article` WHERE `aid` = 18 LIMIT 1   [ RunTime:0.0000s ]
SQL: SHOW COLUMNS FROM `lzm_article_tag` [ RunTime:0.0040s ]
SQL: SELECT `tid` FROM `lzm_article_tag` WHERE `aid` = 18  [ RunTime:0.0000s ]
SQL: SHOW COLUMNS FROM `lzm_article_tag` [ RunTime:0.0030s ]
SQL: SELECT * FROM `lzm_article_tag` INNER JOIN lzm_tag ON lzm_article_tag.tid=lzm_tag.tid  WHERE `aid` = 18  [ RunTime:0.0010s ]
SQL: SELECT `cid`,`cid`,`cname`,`keywords` FROM `lzm_category` WHERE `cid` = 29  [ RunTime:0.0000s ]
SQL: SELECT c.*,ou.nickname,ou.head_img FROM lzm_comment c INNER JOIN lzm_oauth_user ou ON c.ouid=ou.id  WHERE c.status = 1 AND c.aid = 18 AND c.pid = 0 AND c.is_delete = 0 ORDER BY date desc  [ RunTime:0.0030s ]
NOTIC: [2] Invalid argument supplied for foreach() F:\WWW\blog\Application\Common\Model\CommentModel.class.php 第 135 行.
INFO: [ view_parse ] --START--
INFO: [ template_filter ] --START--
INFO: Run Behavior\ContentReplaceBehavior [ RunTime:0.001001s ]
INFO: [ template_filter ] --END-- [ RunTime:0.001001s ]
NOTIC: [8] Undefined variable: user_email F:\WWW\blog\Runtime\Cache\Home\d4c1149384e4970b24973a696680cd70.php 第 49 行.
NOTIC: [8] Undefined variable: user_email F:\WWW\blog\Runtime\Cache\Home\d4c1149384e4970b24973a696680cd70.php 第 51 行.
INFO: Run Behavior\ParseTemplateBehavior [ RunTime:0.038002s ]
INFO: [ view_parse ] --END-- [ RunTime:0.038002s ]
INFO: [ view_filter ] --START--
INFO: Run Behavior\WriteHtmlCacheBehavior [ RunTime:0.001000s ]
INFO: [ view_filter ] --END-- [ RunTime:0.001000s ]
INFO: [ app_end ] --START--
INFO: Run Behavior\ShowPageTraceBehavior [ RunTime:0.001000s ]
INFO: [ app_end ] --END-- [ RunTime:0.001000s ]

[ 2017-11-29T12:01:06+08:00 ] 127.0.0.1 /blog/Upload/image/ueditor/20170717/1500277722190630.png
INFO: [ app_init ] --START--
INFO: Run Behavior\BuildLiteBehavior [ RunTime:0.000000s ]
INFO: [ app_init ] --END-- [ RunTime:0.000000s ]

[ 2017-11-29T12:01:13+08:00 ] 127.0.0.1 /index.php/Home/Index/category/cid/28.html
INFO: [ app_init ] --START--
INFO: Run Behavior\BuildLiteBehavior [ RunTime:0.000000s ]
INFO: [ app_init ] --END-- [ RunTime:0.001000s ]
INFO: [ app_begin ] --START--
INFO: Run Behavior\ReadHtmlCacheBehavior [ RunTime:0.001000s ]
INFO: [ app_begin ] --END-- [ RunTime:0.001000s ]
SQL: SHOW COLUMNS FROM `lzm_article` [ RunTime:0.0030s ]
SQL: SELECT `aid`,`title` FROM `lzm_article` WHERE `is_show` = 1 AND `is_delete` = 0 AND `is_top` = 1 ORDER BY aid desc  [ RunTime:0.0000s ]
SQL: SHOW COLUMNS FROM `lzm_comment` [ RunTime:0.0030s ]
SQL: SHOW COLUMNS FROM `lzm_oauth_user` [ RunTime:0.0030s ]
SQL: SELECT `id` FROM `lzm_oauth_user` WHERE (  is_admin )  [ RunTime:0.0000s ]
SQL: SELECT c.content,c.date,a.title,a.aid,ou.nickname,ou.head_img FROM lzm_comment c INNER JOIN lzm_article a ON c.aid=a.aid INNER JOIN lzm_oauth_user ou ON c.ouid=ou.id  WHERE c.is_delete = 0 ORDER BY c.date desc LIMIT 20   [ RunTime:0.0020s ]
NOTIC: [2] Invalid argument supplied for foreach() F:\WWW\blog\Application\Common\Model\CommentModel.class.php 第 202 行.
SQL: SHOW COLUMNS FROM `lzm_category` [ RunTime:0.0030s ]
SQL: SELECT * FROM `lzm_category` ORDER BY sort  [ RunTime:0.0000s ]
SQL: SHOW COLUMNS FROM `lzm_tag` [ RunTime:0.0030s ]
SQL: SELECT * FROM `lzm_tag`  [ RunTime:0.0000s ]
SQL: SHOW COLUMNS FROM `lzm_article_tag` [ RunTime:0.0020s ]
SQL: SELECT COUNT(*) AS tp_count FROM `lzm_article_tag` WHERE `tid` = 20 LIMIT 1   [ RunTime:0.0000s ]
SQL: SHOW COLUMNS FROM `lzm_link` [ RunTime:0.0030s ]
SQL: SELECT * FROM `lzm_link` WHERE `is_delete` = 0 AND `is_show` = 1 ORDER BY sort  [ RunTime:0.0000s ]
SQL: SELECT * FROM `lzm_category` WHERE `cid` = 28 LIMIT 1   [ RunTime:0.0000s ]
SQL: SHOW COLUMNS FROM `lzm_article` [ RunTime:0.0030s ]
SQL: SELECT COUNT(*) AS tp_count FROM `lzm_article` WHERE `cid` = 28 AND `is_delete` = 0 AND `is_show` = 1 LIMIT 1   [ RunTime:0.0000s ]
SQL: SELECT * FROM `lzm_article` WHERE `cid` = 28 AND `is_delete` = 0 AND `is_show` = 1 ORDER BY addtime desc LIMIT 0,10   [ RunTime:0.0000s ]
SQL: SHOW COLUMNS FROM `lzm_article_tag` [ RunTime:0.0030s ]
SQL: SHOW COLUMNS FROM `lzm_article_tag` [ RunTime:0.0020s ]
SQL: SELECT * FROM `lzm_article_tag` INNER JOIN lzm_tag ON lzm_article_tag.tid=lzm_tag.tid  WHERE `aid` = '17'  [ RunTime:0.0000s ]
SQL: SHOW COLUMNS FROM `lzm_article_pic` [ RunTime:0.0020s ]
SQL: SELECT `path` FROM `lzm_article_pic` WHERE `aid` = 17 ORDER BY ap_id asc LIMIT 1   [ RunTime:0.0000s ]
SQL: SELECT `cid`,`cid`,`cname` FROM `lzm_category` WHERE `cid` = 28  [ RunTime:0.0000s ]
INFO: [ view_parse ] --START--
INFO: [ template_filter ] --START--
INFO: Run Behavior\ContentReplaceBehavior [ RunTime:0.000000s ]
INFO: [ template_filter ] --END-- [ RunTime:0.000000s ]
INFO: Run Behavior\ParseTemplateBehavior [ RunTime:0.011001s ]
INFO: [ view_parse ] --END-- [ RunTime:0.011001s ]
INFO: [ view_filter ] --START--
INFO: Run Behavior\WriteHtmlCacheBehavior [ RunTime:0.000000s ]
INFO: [ view_filter ] --END-- [ RunTime:0.000000s ]
INFO: [ app_end ] --START--
INFO: Run Behavior\ShowPageTraceBehavior [ RunTime:0.000000s ]
INFO: [ app_end ] --END-- [ RunTime:0.000000s ]

[ 2017-11-29T12:01:14+08:00 ] 127.0.0.1 /index.php/Home/Index/article/aid/17.html
INFO: [ app_init ] --START--
INFO: Run Behavior\BuildLiteBehavior [ RunTime:0.000000s ]
INFO: [ app_init ] --END-- [ RunTime:0.001000s ]
INFO: [ app_begin ] --START--
INFO: Run Behavior\ReadHtmlCacheBehavior [ RunTime:0.000000s ]
INFO: [ app_begin ] --END-- [ RunTime:0.000000s ]
SQL: SHOW COLUMNS FROM `lzm_article` [ RunTime:0.0030s ]
SQL: SELECT `aid`,`title` FROM `lzm_article` WHERE `is_show` = 1 AND `is_delete` = 0 AND `is_top` = 1 ORDER BY aid desc  [ RunTime:0.0010s ]
SQL: SHOW COLUMNS FROM `lzm_comment` [ RunTime:0.0030s ]
SQL: SHOW COLUMNS FROM `lzm_oauth_user` [ RunTime:0.0030s ]
SQL: SELECT `id` FROM `lzm_oauth_user` WHERE (  is_admin )  [ RunTime:0.0000s ]
SQL: SELECT c.content,c.date,a.title,a.aid,ou.nickname,ou.head_img FROM lzm_comment c INNER JOIN lzm_article a ON c.aid=a.aid INNER JOIN lzm_oauth_user ou ON c.ouid=ou.id  WHERE c.is_delete = 0 ORDER BY c.date desc LIMIT 20   [ RunTime:0.0020s ]
NOTIC: [2] Invalid argument supplied for foreach() F:\WWW\blog\Application\Common\Model\CommentModel.class.php 第 202 行.
SQL: SHOW COLUMNS FROM `lzm_category` [ RunTime:0.0020s ]
SQL: SELECT * FROM `lzm_category` ORDER BY sort  [ RunTime:0.0000s ]
SQL: SHOW COLUMNS FROM `lzm_tag` [ RunTime:0.0030s ]
SQL: SELECT * FROM `lzm_tag`  [ RunTime:0.0000s ]
SQL: SHOW COLUMNS FROM `lzm_article_tag` [ RunTime:0.0020s ]
SQL: SELECT COUNT(*) AS tp_count FROM `lzm_article_tag` WHERE `tid` = 20 LIMIT 1   [ RunTime:0.0000s ]
SQL: SHOW COLUMNS FROM `lzm_link` [ RunTime:0.0030s ]
SQL: SELECT * FROM `lzm_link` WHERE `is_delete` = 0 AND `is_show` = 1 ORDER BY sort  [ RunTime:0.0000s ]
SQL: UPDATE `lzm_article` SET `click`=click+1 WHERE `aid` = 17 [ RunTime:0.0670s ]
SQL: SHOW COLUMNS FROM `lzm_article` [ RunTime:0.0130s ]
SQL: SELECT `aid`,`title` FROM `lzm_article` WHERE `cid` = 28 AND (  `is_show` = 1 ) AND (  `is_delete` = 0 ) AND `aid` > 17 LIMIT 1   [ RunTime:0.0010s ]
SQL: SELECT `aid`,`title` FROM `lzm_article` WHERE `cid` = 28 AND (  `is_show` = 1 ) AND (  `is_delete` = 0 ) AND `aid` < 17 ORDER BY aid desc LIMIT 1   [ RunTime:0.0020s ]
SQL: SELECT * FROM `lzm_article` WHERE `aid` = 17 LIMIT 1   [ RunTime:0.0010s ]
SQL: SHOW COLUMNS FROM `lzm_article_tag` [ RunTime:0.0070s ]
SQL: SELECT `tid` FROM `lzm_article_tag` WHERE `aid` = 17  [ RunTime:0.0010s ]
SQL: SHOW COLUMNS FROM `lzm_article_tag` [ RunTime:0.0030s ]
SQL: SELECT * FROM `lzm_article_tag` INNER JOIN lzm_tag ON lzm_article_tag.tid=lzm_tag.tid  WHERE `aid` = 17  [ RunTime:0.0000s ]
SQL: SELECT `cid`,`cid`,`cname`,`keywords` FROM `lzm_category` WHERE `cid` = 28  [ RunTime:0.0000s ]
SQL: SELECT c.*,ou.nickname,ou.head_img FROM lzm_comment c INNER JOIN lzm_oauth_user ou ON c.ouid=ou.id  WHERE c.status = 1 AND c.aid = 17 AND c.pid = 0 AND c.is_delete = 0 ORDER BY date desc  [ RunTime:0.0030s ]
NOTIC: [2] Invalid argument supplied for foreach() F:\WWW\blog\Application\Common\Model\CommentModel.class.php 第 135 行.
INFO: [ view_parse ] --START--
INFO: [ template_filter ] --START--
INFO: Run Behavior\ContentReplaceBehavior [ RunTime:0.001000s ]
INFO: [ template_filter ] --END-- [ RunTime:0.001000s ]
NOTIC: [8] Undefined variable: user_email F:\WWW\blog\Runtime\Cache\Home\d4c1149384e4970b24973a696680cd70.php 第 49 行.
NOTIC: [8] Undefined variable: user_email F:\WWW\blog\Runtime\Cache\Home\d4c1149384e4970b24973a696680cd70.php 第 51 行.
INFO: Run Behavior\ParseTemplateBehavior [ RunTime:0.020001s ]
INFO: [ view_parse ] --END-- [ RunTime:0.020001s ]
INFO: [ view_filter ] --START--
INFO: Run Behavior\WriteHtmlCacheBehavior [ RunTime:0.000000s ]
INFO: [ view_filter ] --END-- [ RunTime:0.000000s ]
INFO: [ app_end ] --START--
INFO: Run Behavior\ShowPageTraceBehavior [ RunTime:0.000000s ]
INFO: [ app_end ] --END-- [ RunTime:0.000000s ]

[ 2017-11-29T12:02:06+08:00 ] 127.0.0.1 /index.php/Home/Index/category/cid/28.html
INFO: [ app_init ] --START--
INFO: Run Behavior\BuildLiteBehavior [ RunTime:0.000000s ]
INFO: [ app_init ] --END-- [ RunTime:0.000000s ]
INFO: [ app_begin ] --START--
INFO: Run Behavior\ReadHtmlCacheBehavior [ RunTime:0.000000s ]
INFO: [ app_begin ] --END-- [ RunTime:0.001000s ]
SQL: SHOW COLUMNS FROM `lzm_article` [ RunTime:0.0350s ]
SQL: SELECT `aid`,`title` FROM `lzm_article` WHERE `is_show` = 1 AND `is_delete` = 0 AND `is_top` = 1 ORDER BY aid desc  [ RunTime:0.0010s ]
SQL: SHOW COLUMNS FROM `lzm_comment` [ RunTime:0.0070s ]
SQL: SHOW COLUMNS FROM `lzm_oauth_user` [ RunTime:0.0070s ]
SQL: SELECT `id` FROM `lzm_oauth_user` WHERE (  is_admin )  [ RunTime:0.0010s ]
SQL: SELECT c.content,c.date,a.title,a.aid,ou.nickname,ou.head_img FROM lzm_comment c INNER JOIN lzm_article a ON c.aid=a.aid INNER JOIN lzm_oauth_user ou ON c.ouid=ou.id  WHERE c.is_delete = 0 ORDER BY c.date desc LIMIT 20   [ RunTime:0.0050s ]
NOTIC: [2] Invalid argument supplied for foreach() F:\WWW\blog\Application\Common\Model\CommentModel.class.php 第 202 行.
SQL: SHOW COLUMNS FROM `lzm_category` [ RunTime:0.0030s ]
SQL: SELECT * FROM `lzm_category` ORDER BY sort  [ RunTime:0.0000s ]
SQL: SHOW COLUMNS FROM `lzm_tag` [ RunTime:0.0030s ]
SQL: SELECT * FROM `lzm_tag`  [ RunTime:0.0010s ]
SQL: SHOW COLUMNS FROM `lzm_article_tag` [ RunTime:0.0030s ]
SQL: SELECT COUNT(*) AS tp_count FROM `lzm_article_tag` WHERE `tid` = 20 LIMIT 1   [ RunTime:0.0000s ]
SQL: SHOW COLUMNS FROM `lzm_link` [ RunTime:0.0030s ]
SQL: SELECT * FROM `lzm_link` WHERE `is_delete` = 0 AND `is_show` = 1 ORDER BY sort  [ RunTime:0.0000s ]
SQL: SELECT * FROM `lzm_category` WHERE `cid` = 28 LIMIT 1   [ RunTime:0.0010s ]
SQL: SHOW COLUMNS FROM `lzm_article` [ RunTime:0.0030s ]
SQL: SELECT COUNT(*) AS tp_count FROM `lzm_article` WHERE `cid` = 28 AND `is_delete` = 0 AND `is_show` = 1 LIMIT 1   [ RunTime:0.0000s ]
SQL: SELECT * FROM `lzm_article` WHERE `cid` = 28 AND `is_delete` = 0 AND `is_show` = 1 ORDER BY addtime desc LIMIT 0,10   [ RunTime:0.0010s ]
SQL: SHOW COLUMNS FROM `lzm_article_tag` [ RunTime:0.0030s ]
SQL: SHOW COLUMNS FROM `lzm_article_tag` [ RunTime:0.0030s ]
SQL: SELECT * FROM `lzm_article_tag` INNER JOIN lzm_tag ON lzm_article_tag.tid=lzm_tag.tid  WHERE `aid` = '17'  [ RunTime:0.0010s ]
SQL: SHOW COLUMNS FROM `lzm_article_pic` [ RunTime:0.0030s ]
SQL: SELECT `path` FROM `lzm_article_pic` WHERE `aid` = 17 ORDER BY ap_id asc LIMIT 1   [ RunTime:0.0000s ]
SQL: SELECT `cid`,`cid`,`cname` FROM `lzm_category` WHERE `cid` = 28  [ RunTime:0.0000s ]
INFO: [ view_parse ] --START--
INFO: [ template_filter ] --START--
INFO: Run Behavior\ContentReplaceBehavior [ RunTime:0.000000s ]
INFO: [ template_filter ] --END-- [ RunTime:0.000000s ]
INFO: Run Behavior\ParseTemplateBehavior [ RunTime:0.013001s ]
INFO: [ view_parse ] --END-- [ RunTime:0.014001s ]
INFO: [ view_filter ] --START--
INFO: Run Behavior\WriteHtmlCacheBehavior [ RunTime:0.000000s ]
INFO: [ view_filter ] --END-- [ RunTime:0.000000s ]
INFO: [ app_end ] --START--
INFO: Run Behavior\ShowPageTraceBehavior [ RunTime:0.001000s ]
INFO: [ app_end ] --END-- [ RunTime:0.001000s ]

[ 2017-11-29T12:02:10+08:00 ] 127.0.0.1 /
INFO: [ app_init ] --START--
INFO: Run Behavior\BuildLiteBehavior [ RunTime:0.000000s ]
INFO: [ app_init ] --END-- [ RunTime:0.000000s ]
INFO: [ app_begin ] --START--
INFO: Run Behavior\ReadHtmlCacheBehavior [ RunTime:0.000000s ]
INFO: [ app_begin ] --END-- [ RunTime:0.000000s ]
SQL: SHOW COLUMNS FROM `lzm_article` [ RunTime:0.0030s ]
SQL: SELECT `aid`,`title` FROM `lzm_article` WHERE `is_show` = 1 AND `is_delete` = 0 AND `is_top` = 1 ORDER BY aid desc  [ RunTime:0.0000s ]
SQL: SHOW COLUMNS FROM `lzm_comment` [ RunTime:0.0020s ]
SQL: SHOW COLUMNS FROM `lzm_oauth_user` [ RunTime:0.0020s ]
SQL: SELECT `id` FROM `lzm_oauth_user` WHERE (  is_admin )  [ RunTime:0.0000s ]
SQL: SELECT c.content,c.date,a.title,a.aid,ou.nickname,ou.head_img FROM lzm_comment c INNER JOIN lzm_article a ON c.aid=a.aid INNER JOIN lzm_oauth_user ou ON c.ouid=ou.id  WHERE c.is_delete = 0 ORDER BY c.date desc LIMIT 20   [ RunTime:0.0020s ]
NOTIC: [2] Invalid argument supplied for foreach() F:\WWW\blog\Application\Common\Model\CommentModel.class.php 第 202 行.
SQL: SHOW COLUMNS FROM `lzm_category` [ RunTime:0.0030s ]
SQL: SELECT * FROM `lzm_category` ORDER BY sort  [ RunTime:0.0000s ]
SQL: SHOW COLUMNS FROM `lzm_tag` [ RunTime:0.0020s ]
SQL: SELECT * FROM `lzm_tag`  [ RunTime:0.0010s ]
SQL: SHOW COLUMNS FROM `lzm_article_tag` [ RunTime:0.0020s ]
SQL: SELECT COUNT(*) AS tp_count FROM `lzm_article_tag` WHERE `tid` = 20 LIMIT 1   [ RunTime:0.0000s ]
SQL: SHOW COLUMNS FROM `lzm_link` [ RunTime:0.0020s ]
SQL: SELECT * FROM `lzm_link` WHERE `is_delete` = 0 AND `is_show` = 1 ORDER BY sort  [ RunTime:0.0010s ]
SQL: SHOW COLUMNS FROM `lzm_article` [ RunTime:0.0030s ]
SQL: SELECT COUNT(*) AS tp_count FROM `lzm_article` WHERE `is_delete` = 0 AND `is_show` = 1 LIMIT 1   [ RunTime:0.0000s ]
SQL: SELECT * FROM `lzm_article` WHERE `is_delete` = 0 AND `is_show` = 1 ORDER BY addtime desc LIMIT 0,10   [ RunTime:0.0000s ]
SQL: SHOW COLUMNS FROM `lzm_article_tag` [ RunTime:0.0030s ]
SQL: SHOW COLUMNS FROM `lzm_article_tag` [ RunTime:0.0020s ]
SQL: SELECT * FROM `lzm_article_tag` INNER JOIN lzm_tag ON lzm_article_tag.tid=lzm_tag.tid  WHERE `aid` = '18'  [ RunTime:0.0000s ]
SQL: SHOW COLUMNS FROM `lzm_article_pic` [ RunTime:0.0020s ]
SQL: SELECT `path` FROM `lzm_article_pic` WHERE `aid` = 18 ORDER BY ap_id asc LIMIT 1   [ RunTime:0.0000s ]
SQL: SELECT `cid`,`cid`,`cname` FROM `lzm_category` WHERE `cid` = 29  [ RunTime:0.0010s ]
SQL: SELECT * FROM `lzm_article_tag` INNER JOIN lzm_tag ON lzm_article_tag.tid=lzm_tag.tid  WHERE `aid` = '17'  [ RunTime:0.0000s ]
SQL: SELECT `path` FROM `lzm_article_pic` WHERE `aid` = 17 ORDER BY ap_id asc LIMIT 1   [ RunTime:0.0000s ]
SQL: SELECT `cid`,`cid`,`cname` FROM `lzm_category` WHERE `cid` = 28  [ RunTime:0.0000s ]
INFO: [ view_parse ] --START--
INFO: [ template_filter ] --START--
INFO: Run Behavior\ContentReplaceBehavior [ RunTime:0.000000s ]
INFO: [ template_filter ] --END-- [ RunTime:0.000000s ]
NOTIC: [8] Use of undefined constant url - assumed 'url' F:\WWW\blog\Runtime\Cache\Home\08d30c77e78bd0ac29232fbc421b5dcd.php 第 59 行.
INFO: Run Behavior\ParseTemplateBehavior [ RunTime:0.011001s ]
INFO: [ view_parse ] --END-- [ RunTime:0.011001s ]
INFO: [ view_filter ] --START--
INFO: Run Behavior\WriteHtmlCacheBehavior [ RunTime:0.001000s ]
INFO: [ view_filter ] --END-- [ RunTime:0.001000s ]
INFO: [ app_end ] --START--
INFO: Run Behavior\ShowPageTraceBehavior [ RunTime:0.001000s ]
INFO: [ app_end ] --END-- [ RunTime:0.001000s ]

