[ 2018-05-03T11:37:11+08:00 ] 127.0.0.1 /blog/
INFO: [ app_init ] --START--
INFO: Run Behavior\BuildLiteBehavior [ RunTime:0.000000s ]
INFO: [ app_init ] --END-- [ RunTime:0.027002s ]
INFO: [ app_begin ] --START--
INFO: Run Behavior\ReadHtmlCacheBehavior [ RunTime:0.014001s ]
INFO: [ app_begin ] --END-- [ RunTime:0.014001s ]
SQL: SHOW COLUMNS FROM `lzm_article` [ RunTime:0.0280s ]
SQL: SELECT `aid`,`title` FROM `lzm_article` WHERE `is_show` = 1 AND `is_delete` = 0 AND `is_top` = 1 ORDER BY aid desc  [ RunTime:0.0010s ]
SQL: SHOW COLUMNS FROM `lzm_comment` [ RunTime:0.0160s ]
SQL: SHOW COLUMNS FROM `lzm_oauth_user` [ RunTime:0.0130s ]
SQL: SELECT `id` FROM `lzm_oauth_user` WHERE (  is_admin )  [ RunTime:0.0000s ]
SQL: SELECT c.content,c.date,a.title,a.aid,ou.nickname,ou.head_img FROM lzm_comment c INNER JOIN lzm_article a ON c.aid=a.aid INNER JOIN lzm_oauth_user ou ON c.ouid=ou.id  WHERE c.is_delete = 0 ORDER BY c.date desc LIMIT 20   [ RunTime:0.0060s ]
NOTIC: [2] Invalid argument supplied for foreach() F:\WWW\baiduAI\blog\Application\Common\Model\CommentModel.class.php 第 202 行.
SQL: SHOW COLUMNS FROM `lzm_category` [ RunTime:0.0170s ]
SQL: SELECT * FROM `lzm_category` ORDER BY sort  [ RunTime:0.0030s ]
SQL: SHOW COLUMNS FROM `lzm_tag` [ RunTime:0.0190s ]
SQL: SELECT * FROM `lzm_tag`  [ RunTime:0.0010s ]
SQL: SHOW COLUMNS FROM `lzm_article_tag` [ RunTime:0.0110s ]
SQL: SELECT COUNT(*) AS tp_count FROM `lzm_article_tag` WHERE `tid` = 20 LIMIT 1   [ RunTime:0.0000s ]
SQL: SHOW COLUMNS FROM `lzm_link` [ RunTime:0.0040s ]
SQL: SELECT * FROM `lzm_link` WHERE `is_delete` = 0 AND `is_show` = 1 ORDER BY sort  [ RunTime:0.0000s ]
SQL: SHOW COLUMNS FROM `lzm_article` [ RunTime:0.0040s ]
SQL: SELECT COUNT(*) AS tp_count FROM `lzm_article` WHERE `is_delete` = 0 AND `is_show` = 1 LIMIT 1   [ RunTime:0.0000s ]
SQL: SELECT * FROM `lzm_article` WHERE `is_delete` = 0 AND `is_show` = 1 ORDER BY addtime desc LIMIT 0,10   [ RunTime:0.0000s ]
SQL: SHOW COLUMNS FROM `lzm_article_tag` [ RunTime:0.0040s ]
SQL: SHOW COLUMNS FROM `lzm_article_tag` [ RunTime:0.0040s ]
SQL: SELECT * FROM `lzm_article_tag` INNER JOIN lzm_tag ON lzm_article_tag.tid=lzm_tag.tid  WHERE `aid` = '3'  [ RunTime:0.0000s ]
SQL: SHOW COLUMNS FROM `lzm_article_pic` [ RunTime:0.0120s ]
SQL: SELECT `path` FROM `lzm_article_pic` WHERE `aid` = 3 ORDER BY ap_id asc LIMIT 1   [ RunTime:0.0000s ]
SQL: SELECT `cid`,`cid`,`cname` FROM `lzm_category` WHERE `cid` = 31  [ RunTime:0.0000s ]
SQL: SELECT * FROM `lzm_article_tag` INNER JOIN lzm_tag ON lzm_article_tag.tid=lzm_tag.tid  WHERE `aid` = '2'  [ RunTime:0.0010s ]
SQL: SELECT `path` FROM `lzm_article_pic` WHERE `aid` = 2 ORDER BY ap_id asc LIMIT 1   [ RunTime:0.0000s ]
SQL: SELECT `cid`,`cid`,`cname` FROM `lzm_category` WHERE `cid` = 31  [ RunTime:0.0000s ]
INFO: [ view_parse ] --START--
INFO: [ template_filter ] --START--
INFO: Run Behavior\ContentReplaceBehavior [ RunTime:0.000000s ]
INFO: [ template_filter ] --END-- [ RunTime:0.000000s ]
NOTIC: [8] Use of undefined constant url - assumed 'url' F:\WWW\baiduAI\blog\Runtime\Cache\Home\08d30c77e78bd0ac29232fbc421b5dcd.php 第 133 行.
INFO: Run Behavior\ParseTemplateBehavior [ RunTime:0.247014s ]
INFO: [ view_parse ] --END-- [ RunTime:0.247014s ]
INFO: [ view_filter ] --START--
INFO: Run Behavior\WriteHtmlCacheBehavior [ RunTime:0.039003s ]
INFO: [ view_filter ] --END-- [ RunTime:0.039003s ]
INFO: [ app_end ] --START--
INFO: Run Behavior\ShowPageTraceBehavior [ RunTime:0.033001s ]
INFO: [ app_end ] --END-- [ RunTime:0.033001s ]

[ 2018-05-03T12:15:54+08:00 ] 127.0.0.1 /blog/index.php?s=/Home/Index/index.html
INFO: [ app_init ] --START--
INFO: Run Behavior\BuildLiteBehavior [ RunTime:0.000000s ]
INFO: [ app_init ] --END-- [ RunTime:0.001000s ]
INFO: [ app_begin ] --START--
INFO: Run Behavior\ReadHtmlCacheBehavior [ RunTime:0.000000s ]
INFO: [ app_begin ] --END-- [ RunTime:0.000000s ]
SQL: SHOW COLUMNS FROM `lzm_article` [ RunTime:0.0040s ]
SQL: SELECT `aid`,`title` FROM `lzm_article` WHERE `is_show` = 1 AND `is_delete` = 0 AND `is_top` = 1 ORDER BY aid desc  [ RunTime:0.0010s ]
SQL: SHOW COLUMNS FROM `lzm_comment` [ RunTime:0.0040s ]
SQL: SHOW COLUMNS FROM `lzm_oauth_user` [ RunTime:0.0030s ]
SQL: SELECT `id` FROM `lzm_oauth_user` WHERE (  is_admin )  [ RunTime:0.0000s ]
SQL: SELECT c.content,c.date,a.title,a.aid,ou.nickname,ou.head_img FROM lzm_comment c INNER JOIN lzm_article a ON c.aid=a.aid INNER JOIN lzm_oauth_user ou ON c.ouid=ou.id  WHERE c.is_delete = 0 ORDER BY c.date desc LIMIT 20   [ RunTime:0.0040s ]
NOTIC: [2] Invalid argument supplied for foreach() F:\WWW\baiduAI\blog\Application\Common\Model\CommentModel.class.php 第 202 行.
SQL: SHOW COLUMNS FROM `lzm_category` [ RunTime:0.0050s ]
SQL: SELECT * FROM `lzm_category` ORDER BY sort  [ RunTime:0.0010s ]
SQL: SHOW COLUMNS FROM `lzm_tag` [ RunTime:0.0040s ]
SQL: SELECT * FROM `lzm_tag`  [ RunTime:0.0000s ]
SQL: SHOW COLUMNS FROM `lzm_article_tag` [ RunTime:0.0050s ]
SQL: SELECT COUNT(*) AS tp_count FROM `lzm_article_tag` WHERE `tid` = 20 LIMIT 1   [ RunTime:0.0000s ]
SQL: SHOW COLUMNS FROM `lzm_link` [ RunTime:0.0050s ]
SQL: SELECT * FROM `lzm_link` WHERE `is_delete` = 0 AND `is_show` = 1 ORDER BY sort  [ RunTime:0.0000s ]
SQL: SHOW COLUMNS FROM `lzm_article` [ RunTime:0.0040s ]
SQL: SELECT COUNT(*) AS tp_count FROM `lzm_article` WHERE `is_delete` = 0 AND `is_show` = 1 LIMIT 1   [ RunTime:0.0000s ]
SQL: SELECT * FROM `lzm_article` WHERE `is_delete` = 0 AND `is_show` = 1 ORDER BY addtime desc LIMIT 0,10   [ RunTime:0.0010s ]
SQL: SHOW COLUMNS FROM `lzm_article_tag` [ RunTime:0.0040s ]
SQL: SHOW COLUMNS FROM `lzm_article_tag` [ RunTime:0.0040s ]
SQL: SELECT * FROM `lzm_article_tag` INNER JOIN lzm_tag ON lzm_article_tag.tid=lzm_tag.tid  WHERE `aid` = '3'  [ RunTime:0.0000s ]
SQL: SHOW COLUMNS FROM `lzm_article_pic` [ RunTime:0.0040s ]
SQL: SELECT `path` FROM `lzm_article_pic` WHERE `aid` = 3 ORDER BY ap_id asc LIMIT 1   [ RunTime:0.0000s ]
SQL: SELECT `cid`,`cid`,`cname` FROM `lzm_category` WHERE `cid` = 31  [ RunTime:0.0000s ]
SQL: SELECT * FROM `lzm_article_tag` INNER JOIN lzm_tag ON lzm_article_tag.tid=lzm_tag.tid  WHERE `aid` = '2'  [ RunTime:0.0010s ]
SQL: SELECT `path` FROM `lzm_article_pic` WHERE `aid` = 2 ORDER BY ap_id asc LIMIT 1   [ RunTime:0.0000s ]
SQL: SELECT `cid`,`cid`,`cname` FROM `lzm_category` WHERE `cid` = 31  [ RunTime:0.0000s ]
INFO: [ view_parse ] --START--
INFO: [ template_filter ] --START--
INFO: Run Behavior\ContentReplaceBehavior [ RunTime:0.000000s ]
INFO: [ template_filter ] --END-- [ RunTime:0.000000s ]
NOTIC: [8] Use of undefined constant url - assumed 'url' F:\WWW\baiduAI\blog\Runtime\Cache\Home\08d30c77e78bd0ac29232fbc421b5dcd.php 第 133 行.
INFO: Run Behavior\ParseTemplateBehavior [ RunTime:0.016001s ]
INFO: [ view_parse ] --END-- [ RunTime:0.017001s ]
INFO: [ view_filter ] --START--
INFO: Run Behavior\WriteHtmlCacheBehavior [ RunTime:0.000000s ]
INFO: [ view_filter ] --END-- [ RunTime:0.000000s ]
INFO: [ app_end ] --START--
INFO: Run Behavior\ShowPageTraceBehavior [ RunTime:0.001001s ]
INFO: [ app_end ] --END-- [ RunTime:0.001001s ]

[ 2018-05-03T12:15:56+08:00 ] 127.0.0.1 /blog/index.php?s=/Home/Index/article/aid/3.html
INFO: [ app_init ] --START--
INFO: Run Behavior\BuildLiteBehavior [ RunTime:0.000000s ]
INFO: [ app_init ] --END-- [ RunTime:0.001000s ]
INFO: [ app_begin ] --START--
INFO: Run Behavior\ReadHtmlCacheBehavior [ RunTime:0.001000s ]
INFO: [ app_begin ] --END-- [ RunTime:0.001000s ]
SQL: SHOW COLUMNS FROM `lzm_article` [ RunTime:0.0040s ]
SQL: SELECT `aid`,`title` FROM `lzm_article` WHERE `is_show` = 1 AND `is_delete` = 0 AND `is_top` = 1 ORDER BY aid desc  [ RunTime:0.0000s ]
SQL: SHOW COLUMNS FROM `lzm_comment` [ RunTime:0.0030s ]
SQL: SHOW COLUMNS FROM `lzm_oauth_user` [ RunTime:0.0040s ]
SQL: SELECT `id` FROM `lzm_oauth_user` WHERE (  is_admin )  [ RunTime:0.0010s ]
SQL: SELECT c.content,c.date,a.title,a.aid,ou.nickname,ou.head_img FROM lzm_comment c INNER JOIN lzm_article a ON c.aid=a.aid INNER JOIN lzm_oauth_user ou ON c.ouid=ou.id  WHERE c.is_delete = 0 ORDER BY c.date desc LIMIT 20   [ RunTime:0.0030s ]
NOTIC: [2] Invalid argument supplied for foreach() F:\WWW\baiduAI\blog\Application\Common\Model\CommentModel.class.php 第 202 行.
SQL: SHOW COLUMNS FROM `lzm_category` [ RunTime:0.0030s ]
SQL: SELECT * FROM `lzm_category` ORDER BY sort  [ RunTime:0.0010s ]
SQL: SHOW COLUMNS FROM `lzm_tag` [ RunTime:0.0030s ]
SQL: SELECT * FROM `lzm_tag`  [ RunTime:0.0010s ]
SQL: SHOW COLUMNS FROM `lzm_article_tag` [ RunTime:0.0030s ]
SQL: SELECT COUNT(*) AS tp_count FROM `lzm_article_tag` WHERE `tid` = 20 LIMIT 1   [ RunTime:0.0010s ]
SQL: SHOW COLUMNS FROM `lzm_link` [ RunTime:0.0030s ]
SQL: SELECT * FROM `lzm_link` WHERE `is_delete` = 0 AND `is_show` = 1 ORDER BY sort  [ RunTime:0.0010s ]
NOTIC: [2] array_key_exists() expects parameter 2 to be array, null given F:\WWW\baiduAI\blog\Application\Home\Controller\IndexController.class.php 第 79 行.
SQL: UPDATE `lzm_article` SET `click`=click+1 WHERE `aid` = 3 [ RunTime:0.1200s ]
SQL: SHOW COLUMNS FROM `lzm_article` [ RunTime:0.0030s ]
NOTIC: [8] Undefined index: title F:\WWW\baiduAI\blog\Application\Common\Model\ArticleModel.class.php 第 300 行.
SQL: SELECT `aid`,`title` FROM `lzm_article` WHERE `title` LIKE '%%' AND (  `is_show` = 1 ) AND (  `is_delete` = 0 ) AND `aid` > 3 LIMIT 1   [ RunTime:0.0000s ]
SQL: SELECT `aid`,`title` FROM `lzm_article` WHERE `title` LIKE '%%' AND (  `is_show` = 1 ) AND (  `is_delete` = 0 ) AND `aid` < 3 ORDER BY aid desc LIMIT 1   [ RunTime:0.0000s ]
SQL: SELECT * FROM `lzm_article` WHERE `aid` = 3 LIMIT 1   [ RunTime:0.0000s ]
SQL: SHOW COLUMNS FROM `lzm_article_tag` [ RunTime:0.0040s ]
SQL: SELECT `tid` FROM `lzm_article_tag` WHERE `aid` = 3  [ RunTime:0.0010s ]
SQL: SHOW COLUMNS FROM `lzm_article_tag` [ RunTime:0.0030s ]
SQL: SELECT * FROM `lzm_article_tag` INNER JOIN lzm_tag ON lzm_article_tag.tid=lzm_tag.tid  WHERE `aid` = 3  [ RunTime:0.0010s ]
SQL: SELECT `cid`,`cid`,`cname`,`keywords` FROM `lzm_category` WHERE `cid` = 31  [ RunTime:0.0000s ]
SQL: SELECT c.*,ou.nickname,ou.head_img FROM lzm_comment c INNER JOIN lzm_oauth_user ou ON c.ouid=ou.id  WHERE c.status = 1 AND c.aid = 3 AND c.pid = 0 AND c.is_delete = 0 ORDER BY date desc  [ RunTime:0.0030s ]
NOTIC: [2] Invalid argument supplied for foreach() F:\WWW\baiduAI\blog\Application\Common\Model\CommentModel.class.php 第 135 行.
INFO: [ view_parse ] --START--
INFO: [ template_filter ] --START--
INFO: Run Behavior\ContentReplaceBehavior [ RunTime:0.000000s ]
INFO: [ template_filter ] --END-- [ RunTime:0.000000s ]
NOTIC: [8] Undefined variable: user_email F:\WWW\baiduAI\blog\Runtime\Cache\Home\d4c1149384e4970b24973a696680cd70.php 第 91 行.
NOTIC: [8] Undefined variable: user_email F:\WWW\baiduAI\blog\Runtime\Cache\Home\d4c1149384e4970b24973a696680cd70.php 第 93 行.
INFO: Run Behavior\ParseTemplateBehavior [ RunTime:0.039002s ]
INFO: [ view_parse ] --END-- [ RunTime:0.039002s ]
INFO: [ view_filter ] --START--
INFO: Run Behavior\WriteHtmlCacheBehavior [ RunTime:0.000000s ]
INFO: [ view_filter ] --END-- [ RunTime:0.000000s ]
INFO: [ app_end ] --START--
INFO: Run Behavior\ShowPageTraceBehavior [ RunTime:0.001000s ]
INFO: [ app_end ] --END-- [ RunTime:0.001000s ]

