[ 2018-03-31T00:10:16+08:00 ] 59.51.81.136 /blog/Admin
INFO: [ app_init ] --START--
INFO: Run Behavior\BuildLiteBehavior [ RunTime:0.000022s ]
INFO: [ app_init ] --END-- [ RunTime:0.000469s ]
INFO: [ app_begin ] --START--
INFO: Run Behavior\ReadHtmlCacheBehavior [ RunTime:0.000858s ]
INFO: [ app_begin ] --END-- [ RunTime:0.000926s ]
INFO: [ view_parse ] --START--
INFO: [ template_filter ] --START--
INFO: Run Behavior\ContentReplaceBehavior [ RunTime:0.000098s ]
INFO: [ template_filter ] --END-- [ RunTime:0.000166s ]
INFO: Run Behavior\ParseTemplateBehavior [ RunTime:0.013300s ]
INFO: [ view_parse ] --END-- [ RunTime:0.013361s ]
INFO: [ view_filter ] --START--
INFO: Run Behavior\WriteHtmlCacheBehavior [ RunTime:0.000265s ]
INFO: [ view_filter ] --END-- [ RunTime:0.000324s ]
INFO: [ app_end ] --START--
INFO: Run Behavior\ShowPageTraceBehavior [ RunTime:0.000688s ]
INFO: [ app_end ] --END-- [ RunTime:0.000739s ]

[ 2018-03-31T00:10:16+08:00 ] 59.51.81.136 /blog/index.php/Admin/Index/welcome.html
INFO: [ app_init ] --START--
INFO: Run Behavior\BuildLiteBehavior [ RunTime:0.000023s ]
INFO: [ app_init ] --END-- [ RunTime:0.000495s ]
INFO: [ app_begin ] --START--
INFO: Run Behavior\ReadHtmlCacheBehavior [ RunTime:0.000635s ]
INFO: [ app_begin ] --END-- [ RunTime:0.000690s ]
SQL: SHOW COLUMNS FROM `lzm_article` [ RunTime:0.0019s ]
SQL: SELECT COUNT(*) AS tp_count FROM `lzm_article` LIMIT 1   [ RunTime:0.0016s ]
SQL: SELECT COUNT(*) AS tp_count FROM `lzm_article` WHERE `is_delete` = 1 LIMIT 1   [ RunTime:0.0013s ]
SQL: SELECT COUNT(*) AS tp_count FROM `lzm_article` WHERE `is_show` = 0 LIMIT 1   [ RunTime:0.0013s ]
SQL: SHOW COLUMNS FROM `lzm_chat` [ RunTime:0.0014s ]
SQL: SELECT COUNT(*) AS tp_count FROM `lzm_chat` LIMIT 1   [ RunTime:0.0013s ]
SQL: SELECT COUNT(*) AS tp_count FROM `lzm_chat` WHERE `is_delete` = 1 LIMIT 1   [ RunTime:0.0013s ]
SQL: SELECT COUNT(*) AS tp_count FROM `lzm_chat` WHERE `is_show` = 0 LIMIT 1   [ RunTime:0.0014s ]
SQL: SHOW COLUMNS FROM `lzm_comment` [ RunTime:0.0015s ]
SQL: SELECT COUNT(*) AS tp_count FROM `lzm_comment` LIMIT 1   [ RunTime:0.0013s ]
INFO: [ view_parse ] --START--
INFO: [ template_filter ] --START--
INFO: Run Behavior\ContentReplaceBehavior [ RunTime:0.000076s ]
INFO: [ template_filter ] --END-- [ RunTime:0.000145s ]
INFO: Run Behavior\ParseTemplateBehavior [ RunTime:0.009460s ]
INFO: [ view_parse ] --END-- [ RunTime:0.009588s ]
INFO: [ view_filter ] --START--
INFO: Run Behavior\WriteHtmlCacheBehavior [ RunTime:0.000265s ]
INFO: [ view_filter ] --END-- [ RunTime:0.000337s ]
INFO: [ app_end ] --START--
INFO: Run Behavior\ShowPageTraceBehavior [ RunTime:0.000877s ]
INFO: [ app_end ] --END-- [ RunTime:0.000931s ]

[ 2018-03-31T00:10:19+08:00 ] 59.51.81.136 /blog/index.php/Admin/User/index.html
INFO: [ app_init ] --START--
INFO: Run Behavior\BuildLiteBehavior [ RunTime:0.000024s ]
INFO: [ app_init ] --END-- [ RunTime:0.000452s ]
INFO: [ app_begin ] --START--
INFO: Run Behavior\ReadHtmlCacheBehavior [ RunTime:0.000587s ]
INFO: [ app_begin ] --END-- [ RunTime:0.000640s ]
SQL: SHOW COLUMNS FROM `lzm_oauth_user` [ RunTime:0.0018s ]
SQL: SELECT COUNT(*) AS tp_count FROM `lzm_oauth_user` LIMIT 1   [ RunTime:0.0015s ]
SQL: SELECT * FROM `lzm_oauth_user` ORDER BY last_login_time desc LIMIT 0,20   [ RunTime:0.0014s ]
INFO: [ view_parse ] --START--
INFO: [ template_filter ] --START--
INFO: Run Behavior\ContentReplaceBehavior [ RunTime:0.000070s ]
INFO: [ template_filter ] --END-- [ RunTime:0.000158s ]
INFO: Run Behavior\ParseTemplateBehavior [ RunTime:0.009360s ]
INFO: [ view_parse ] --END-- [ RunTime:0.009416s ]
INFO: [ view_filter ] --START--
INFO: Run Behavior\WriteHtmlCacheBehavior [ RunTime:0.000288s ]
INFO: [ view_filter ] --END-- [ RunTime:0.000329s ]
INFO: [ app_end ] --START--
INFO: Run Behavior\ShowPageTraceBehavior [ RunTime:0.000720s ]
INFO: [ app_end ] --END-- [ RunTime:0.000769s ]

[ 2018-03-31T00:10:21+08:00 ] 59.51.81.136 /blog/index.php/Admin/Article/add.html
INFO: [ app_init ] --START--
INFO: Run Behavior\BuildLiteBehavior [ RunTime:0.000023s ]
INFO: [ app_init ] --END-- [ RunTime:0.000506s ]
INFO: [ app_begin ] --START--
INFO: Run Behavior\ReadHtmlCacheBehavior [ RunTime:0.000614s ]
INFO: [ app_begin ] --END-- [ RunTime:0.000667s ]
SQL: SHOW COLUMNS FROM `lzm_article` [ RunTime:0.0018s ]
SQL: SHOW COLUMNS FROM `lzm_category` [ RunTime:0.0015s ]
SQL: SELECT * FROM `lzm_category` ORDER BY sort  [ RunTime:0.0018s ]
SQL: SHOW COLUMNS FROM `lzm_tag` [ RunTime:0.0014s ]
SQL: SELECT * FROM `lzm_tag`  [ RunTime:0.0012s ]
SQL: SHOW COLUMNS FROM `lzm_article_tag` [ RunTime:0.0014s ]
SQL: SELECT COUNT(*) AS tp_count FROM `lzm_article_tag` WHERE `tid` = 21 LIMIT 1   [ RunTime:0.0012s ]
SQL: SELECT COUNT(*) AS tp_count FROM `lzm_article_tag` WHERE `tid` = 22 LIMIT 1   [ RunTime:0.0012s ]
INFO: [ view_parse ] --START--
INFO: [ template_filter ] --START--
INFO: Run Behavior\ContentReplaceBehavior [ RunTime:0.000076s ]
INFO: [ template_filter ] --END-- [ RunTime:0.000169s ]
INFO: Run Behavior\ParseTemplateBehavior [ RunTime:0.010973s ]
INFO: [ view_parse ] --END-- [ RunTime:0.011027s ]
INFO: [ view_filter ] --START--
INFO: Run Behavior\WriteHtmlCacheBehavior [ RunTime:0.000257s ]
INFO: [ view_filter ] --END-- [ RunTime:0.000293s ]
INFO: [ app_end ] --START--
INFO: Run Behavior\ShowPageTraceBehavior [ RunTime:0.000581s ]
INFO: [ app_end ] --END-- [ RunTime:0.000633s ]

[ 2018-03-31T00:10:22+08:00 ] 59.51.81.136 /blog/index.php/Admin/Article/index.html
INFO: [ app_init ] --START--
INFO: Run Behavior\BuildLiteBehavior [ RunTime:0.000026s ]
INFO: [ app_init ] --END-- [ RunTime:0.000541s ]
INFO: [ app_begin ] --START--
INFO: Run Behavior\ReadHtmlCacheBehavior [ RunTime:0.000626s ]
INFO: [ app_begin ] --END-- [ RunTime:0.000681s ]
SQL: SHOW COLUMNS FROM `lzm_article` [ RunTime:0.0019s ]
SQL: SELECT COUNT(*) AS tp_count FROM `lzm_article` WHERE `is_delete` = 0 LIMIT 1   [ RunTime:0.0017s ]
SQL: SELECT * FROM `lzm_article` WHERE `is_delete` = 0 ORDER BY addtime desc LIMIT 0,15   [ RunTime:0.0019s ]
SQL: SHOW COLUMNS FROM `lzm_article_tag` [ RunTime:0.0015s ]
SQL: SHOW COLUMNS FROM `lzm_article_tag` [ RunTime:0.0015s ]
SQL: SELECT * FROM `lzm_article_tag` INNER JOIN lzm_tag ON lzm_article_tag.tid=lzm_tag.tid  WHERE `aid` = '25'  [ RunTime:0.0013s ]
SQL: SHOW COLUMNS FROM `lzm_article_pic` [ RunTime:0.0015s ]
SQL: SELECT `path` FROM `lzm_article_pic` WHERE `aid` = 25 ORDER BY ap_id asc LIMIT 1   [ RunTime:0.0013s ]
SQL: SHOW COLUMNS FROM `lzm_category` [ RunTime:0.0016s ]
SQL: SELECT `cid`,`cid`,`cname` FROM `lzm_category` WHERE `cid` = 30  [ RunTime:0.0013s ]
SQL: SELECT * FROM `lzm_article_tag` INNER JOIN lzm_tag ON lzm_article_tag.tid=lzm_tag.tid  WHERE `aid` = '24'  [ RunTime:0.0014s ]
SQL: SELECT `path` FROM `lzm_article_pic` WHERE `aid` = 24 ORDER BY ap_id asc LIMIT 1   [ RunTime:0.0013s ]
SQL: SELECT `cid`,`cid`,`cname` FROM `lzm_category` WHERE `cid` = 30  [ RunTime:0.0013s ]
SQL: SELECT * FROM `lzm_article_tag` INNER JOIN lzm_tag ON lzm_article_tag.tid=lzm_tag.tid  WHERE `aid` = '23'  [ RunTime:0.0013s ]
SQL: SELECT `path` FROM `lzm_article_pic` WHERE `aid` = 23 ORDER BY ap_id asc LIMIT 1   [ RunTime:0.0013s ]
SQL: SELECT `cid`,`cid`,`cname` FROM `lzm_category` WHERE `cid` = 30  [ RunTime:0.0013s ]
INFO: [ view_parse ] --START--
INFO: [ template_filter ] --START--
INFO: Run Behavior\ContentReplaceBehavior [ RunTime:0.000062s ]
INFO: [ template_filter ] --END-- [ RunTime:0.000116s ]
INFO: Run Behavior\ParseTemplateBehavior [ RunTime:0.011134s ]
INFO: [ view_parse ] --END-- [ RunTime:0.011189s ]
INFO: [ view_filter ] --START--
INFO: Run Behavior\WriteHtmlCacheBehavior [ RunTime:0.000309s ]
INFO: [ view_filter ] --END-- [ RunTime:0.000345s ]
INFO: [ app_end ] --START--
INFO: Run Behavior\ShowPageTraceBehavior [ RunTime:0.000739s ]
INFO: [ app_end ] --END-- [ RunTime:0.000862s ]

[ 2018-03-31T00:10:26+08:00 ] 59.51.81.136 /blog/index.php/Admin/Category/index.html
INFO: [ app_init ] --START--
INFO: Run Behavior\BuildLiteBehavior [ RunTime:0.000023s ]
INFO: [ app_init ] --END-- [ RunTime:0.000699s ]
INFO: [ app_begin ] --START--
INFO: Run Behavior\ReadHtmlCacheBehavior [ RunTime:0.000598s ]
INFO: [ app_begin ] --END-- [ RunTime:0.000650s ]
SQL: SHOW COLUMNS FROM `lzm_category` [ RunTime:0.0019s ]
SQL: SELECT * FROM `lzm_category` ORDER BY sort  [ RunTime:0.0014s ]
INFO: [ view_parse ] --START--
INFO: [ template_filter ] --START--
INFO: Run Behavior\ContentReplaceBehavior [ RunTime:0.000059s ]
INFO: [ template_filter ] --END-- [ RunTime:0.000138s ]
INFO: Run Behavior\ParseTemplateBehavior [ RunTime:0.009442s ]
INFO: [ view_parse ] --END-- [ RunTime:0.009497s ]
INFO: [ view_filter ] --START--
INFO: Run Behavior\WriteHtmlCacheBehavior [ RunTime:0.000256s ]
INFO: [ view_filter ] --END-- [ RunTime:0.000296s ]
INFO: [ app_end ] --START--
INFO: Run Behavior\ShowPageTraceBehavior [ RunTime:0.000661s ]
INFO: [ app_end ] --END-- [ RunTime:0.000716s ]

[ 2018-03-31T00:10:37+08:00 ] 59.51.81.136 /blog/index.php/Admin/Category/delete/cid/31.html
INFO: [ app_init ] --START--
INFO: Run Behavior\BuildLiteBehavior [ RunTime:0.000025s ]
INFO: [ app_init ] --END-- [ RunTime:0.000607s ]
INFO: [ app_begin ] --START--
INFO: Run Behavior\ReadHtmlCacheBehavior [ RunTime:0.000591s ]
INFO: [ app_begin ] --END-- [ RunTime:0.000644s ]
SQL: SHOW COLUMNS FROM `lzm_category` [ RunTime:0.0019s ]
SQL: SELECT * FROM `lzm_category` ORDER BY sort  [ RunTime:0.0021s ]
SQL: SELECT * FROM `lzm_category` ORDER BY sort  [ RunTime:0.0014s ]
NOTIC: [8] Undefined variable: childs /data/home/bxu2713680059/htdocs/blog/Application/Common/Model/CategoryModel.class.php 第 83 行.
SQL: SHOW COLUMNS FROM `lzm_article` [ RunTime:0.0017s ]
SQL: SELECT * FROM `lzm_article` WHERE `cid` = 31 AND `is_show` = 1 AND `is_delete` = 0 ORDER BY addtime desc  [ RunTime:0.0015s ]
SQL: DELETE FROM `lzm_category` WHERE `cid` = 31 [ RunTime:0.0126s ]
INFO: [ view_parse ] --START--
INFO: [ template_filter ] --START--
INFO: Run Behavior\ContentReplaceBehavior [ RunTime:0.000042s ]
INFO: [ template_filter ] --END-- [ RunTime:0.000101s ]
INFO: Run Behavior\ParseTemplateBehavior [ RunTime:0.007824s ]
INFO: [ view_parse ] --END-- [ RunTime:0.007897s ]
INFO: [ view_filter ] --START--
INFO: Run Behavior\WriteHtmlCacheBehavior [ RunTime:0.000293s ]
INFO: [ view_filter ] --END-- [ RunTime:0.000328s ]
INFO: [ app_end ] --START--
INFO: Run Behavior\ShowPageTraceBehavior [ RunTime:0.000621s ]
INFO: [ app_end ] --END-- [ RunTime:0.000668s ]

[ 2018-03-31T00:10:39+08:00 ] 59.51.81.136 /blog/index.php/Admin/Category/index.html
INFO: [ app_init ] --START--
INFO: Run Behavior\BuildLiteBehavior [ RunTime:0.000020s ]
INFO: [ app_init ] --END-- [ RunTime:0.000436s ]
INFO: [ app_begin ] --START--
INFO: Run Behavior\ReadHtmlCacheBehavior [ RunTime:0.000540s ]
INFO: [ app_begin ] --END-- [ RunTime:0.000614s ]
SQL: SHOW COLUMNS FROM `lzm_category` [ RunTime:0.0018s ]
SQL: SELECT * FROM `lzm_category` ORDER BY sort  [ RunTime:0.0015s ]
INFO: [ view_parse ] --START--
INFO: [ template_filter ] --START--
INFO: Run Behavior\ContentReplaceBehavior [ RunTime:0.000059s ]
INFO: [ template_filter ] --END-- [ RunTime:0.000117s ]
INFO: Run Behavior\ParseTemplateBehavior [ RunTime:0.009735s ]
INFO: [ view_parse ] --END-- [ RunTime:0.009789s ]
INFO: [ view_filter ] --START--
INFO: Run Behavior\WriteHtmlCacheBehavior [ RunTime:0.000306s ]
INFO: [ view_filter ] --END-- [ RunTime:0.000350s ]
INFO: [ app_end ] --START--
INFO: Run Behavior\ShowPageTraceBehavior [ RunTime:0.000632s ]
INFO: [ app_end ] --END-- [ RunTime:0.000702s ]

[ 2018-03-31T00:10:40+08:00 ] 59.51.81.136 /blog/index.php/Admin/Article/index.html
INFO: [ app_init ] --START--
INFO: Run Behavior\BuildLiteBehavior [ RunTime:0.000022s ]
INFO: [ app_init ] --END-- [ RunTime:0.000477s ]
INFO: [ app_begin ] --START--
INFO: Run Behavior\ReadHtmlCacheBehavior [ RunTime:0.000580s ]
INFO: [ app_begin ] --END-- [ RunTime:0.000635s ]
SQL: SHOW COLUMNS FROM `lzm_article` [ RunTime:0.0023s ]
SQL: SELECT COUNT(*) AS tp_count FROM `lzm_article` WHERE `is_delete` = 0 LIMIT 1   [ RunTime:0.0014s ]
SQL: SELECT * FROM `lzm_article` WHERE `is_delete` = 0 ORDER BY addtime desc LIMIT 0,15   [ RunTime:0.0015s ]
SQL: SHOW COLUMNS FROM `lzm_article_tag` [ RunTime:0.0018s ]
SQL: SHOW COLUMNS FROM `lzm_article_tag` [ RunTime:0.0018s ]
SQL: SELECT * FROM `lzm_article_tag` INNER JOIN lzm_tag ON lzm_article_tag.tid=lzm_tag.tid  WHERE `aid` = '25'  [ RunTime:0.0014s ]
SQL: SHOW COLUMNS FROM `lzm_article_pic` [ RunTime:0.0017s ]
SQL: SELECT `path` FROM `lzm_article_pic` WHERE `aid` = 25 ORDER BY ap_id asc LIMIT 1   [ RunTime:0.0014s ]
SQL: SHOW COLUMNS FROM `lzm_category` [ RunTime:0.0017s ]
SQL: SELECT `cid`,`cid`,`cname` FROM `lzm_category` WHERE `cid` = 30  [ RunTime:0.0015s ]
SQL: SELECT * FROM `lzm_article_tag` INNER JOIN lzm_tag ON lzm_article_tag.tid=lzm_tag.tid  WHERE `aid` = '24'  [ RunTime:0.0014s ]
SQL: SELECT `path` FROM `lzm_article_pic` WHERE `aid` = 24 ORDER BY ap_id asc LIMIT 1   [ RunTime:0.0013s ]
SQL: SELECT `cid`,`cid`,`cname` FROM `lzm_category` WHERE `cid` = 30  [ RunTime:0.0014s ]
SQL: SELECT * FROM `lzm_article_tag` INNER JOIN lzm_tag ON lzm_article_tag.tid=lzm_tag.tid  WHERE `aid` = '23'  [ RunTime:0.0015s ]
SQL: SELECT `path` FROM `lzm_article_pic` WHERE `aid` = 23 ORDER BY ap_id asc LIMIT 1   [ RunTime:0.0023s ]
SQL: SELECT `cid`,`cid`,`cname` FROM `lzm_category` WHERE `cid` = 30  [ RunTime:0.0016s ]
INFO: [ view_parse ] --START--
INFO: [ template_filter ] --START--
INFO: Run Behavior\ContentReplaceBehavior [ RunTime:0.000094s ]
INFO: [ template_filter ] --END-- [ RunTime:0.000195s ]
INFO: Run Behavior\ParseTemplateBehavior [ RunTime:0.013926s ]
INFO: [ view_parse ] --END-- [ RunTime:0.013988s ]
INFO: [ view_filter ] --START--
INFO: Run Behavior\WriteHtmlCacheBehavior [ RunTime:0.000408s ]
INFO: [ view_filter ] --END-- [ RunTime:0.000460s ]
INFO: [ app_end ] --START--
INFO: Run Behavior\ShowPageTraceBehavior [ RunTime:0.000888s ]
INFO: [ app_end ] --END-- [ RunTime:0.000946s ]

[ 2018-03-31T00:11:16+08:00 ] 101.71.55.120 /blog/index.php/Admin/Index/welcome.html
INFO: [ app_init ] --START--
INFO: Run Behavior\BuildLiteBehavior [ RunTime:0.000021s ]
INFO: [ app_init ] --END-- [ RunTime:0.000510s ]
INFO: [ app_begin ] --START--
INFO: Run Behavior\ReadHtmlCacheBehavior [ RunTime:0.000609s ]
INFO: [ app_begin ] --END-- [ RunTime:0.000666s ]
SQL: SHOW COLUMNS FROM `lzm_oauth_user` [ RunTime:0.0022s ]
SQL: SELECT COUNT(*) AS tp_count FROM `lzm_oauth_user` WHERE `is_admin` = 1 LIMIT 1   [ RunTime:0.0017s ]

[ 2018-03-31T00:11:19+08:00 ] 101.71.55.125 /blog/index.php/Admin/User/index.html
INFO: [ app_init ] --START--
INFO: Run Behavior\BuildLiteBehavior [ RunTime:0.000018s ]
INFO: [ app_init ] --END-- [ RunTime:0.000402s ]
INFO: [ app_begin ] --START--
INFO: Run Behavior\ReadHtmlCacheBehavior [ RunTime:0.000621s ]
INFO: [ app_begin ] --END-- [ RunTime:0.000674s ]
SQL: SHOW COLUMNS FROM `lzm_oauth_user` [ RunTime:0.0022s ]
SQL: SELECT COUNT(*) AS tp_count FROM `lzm_oauth_user` WHERE `is_admin` = 1 LIMIT 1   [ RunTime:0.0016s ]

[ 2018-03-31T00:11:22+08:00 ] 101.71.55.115 /blog/index.php/Admin/Article/index.html
INFO: [ app_init ] --START--
INFO: Run Behavior\BuildLiteBehavior [ RunTime:0.000021s ]
INFO: [ app_init ] --END-- [ RunTime:0.000516s ]
INFO: [ app_begin ] --START--
INFO: Run Behavior\ReadHtmlCacheBehavior [ RunTime:0.000667s ]
INFO: [ app_begin ] --END-- [ RunTime:0.000720s ]
SQL: SHOW COLUMNS FROM `lzm_oauth_user` [ RunTime:0.0019s ]
SQL: SELECT COUNT(*) AS tp_count FROM `lzm_oauth_user` WHERE `is_admin` = 1 LIMIT 1   [ RunTime:0.0013s ]

[ 2018-03-31T00:11:37+08:00 ] 101.71.55.125 /blog/index.php/Admin/Category/delete/cid/31.html
INFO: [ app_init ] --START--
INFO: Run Behavior\BuildLiteBehavior [ RunTime:0.000021s ]
INFO: [ app_init ] --END-- [ RunTime:0.000459s ]
INFO: [ app_begin ] --START--
INFO: Run Behavior\ReadHtmlCacheBehavior [ RunTime:0.000713s ]
INFO: [ app_begin ] --END-- [ RunTime:0.000779s ]
SQL: SHOW COLUMNS FROM `lzm_oauth_user` [ RunTime:0.0018s ]
SQL: SELECT COUNT(*) AS tp_count FROM `lzm_oauth_user` WHERE `is_admin` = 1 LIMIT 1   [ RunTime:0.0013s ]

[ 2018-03-31T00:13:07+08:00 ] 123.125.71.42 /blog/index.php/Admin/Article/add.html
INFO: [ app_init ] --START--
INFO: Run Behavior\BuildLiteBehavior [ RunTime:0.000024s ]
INFO: [ app_init ] --END-- [ RunTime:0.000486s ]
INFO: [ app_begin ] --START--
INFO: Run Behavior\ReadHtmlCacheBehavior [ RunTime:0.000629s ]
INFO: [ app_begin ] --END-- [ RunTime:0.000685s ]
SQL: SHOW COLUMNS FROM `lzm_oauth_user` [ RunTime:0.0019s ]
SQL: SELECT COUNT(*) AS tp_count FROM `lzm_oauth_user` WHERE `is_admin` = 1 LIMIT 1   [ RunTime:0.0014s ]

[ 2018-03-31T00:29:11+08:00 ] 101.71.55.110 /blog/index.php/Admin/Index/welcome.html
INFO: [ app_init ] --START--
INFO: Run Behavior\BuildLiteBehavior [ RunTime:0.000019s ]
INFO: [ app_init ] --END-- [ RunTime:0.000467s ]
INFO: [ app_begin ] --START--
INFO: Run Behavior\ReadHtmlCacheBehavior [ RunTime:0.000570s ]
INFO: [ app_begin ] --END-- [ RunTime:0.000628s ]
SQL: SHOW COLUMNS FROM `lzm_oauth_user` [ RunTime:0.0019s ]
SQL: SELECT COUNT(*) AS tp_count FROM `lzm_oauth_user` WHERE `is_admin` = 1 LIMIT 1   [ RunTime:0.0014s ]

[ 2018-03-31T00:33:57+08:00 ] 59.51.81.136 /blog/index.php/Admin/Comment/index.html
INFO: [ app_init ] --START--
INFO: Run Behavior\BuildLiteBehavior [ RunTime:0.000023s ]
INFO: [ app_init ] --END-- [ RunTime:0.000418s ]
INFO: [ app_begin ] --START--
INFO: Run Behavior\ReadHtmlCacheBehavior [ RunTime:0.000898s ]
INFO: [ app_begin ] --END-- [ RunTime:0.000965s ]
SQL: SHOW COLUMNS FROM `lzm_comment` [ RunTime:0.0018s ]
SQL: SELECT COUNT(*) AS tp_count FROM lzm_comment c INNER JOIN lzm_article a ON a.aid=c.aid INNER JOIN lzm_oauth_user ou ON ou.id=c.ouid  WHERE c.is_delete = 0 LIMIT 1   [ RunTime:0.0015s ]
SQL: SELECT c.*,a.title,ou.nickname FROM lzm_comment c INNER JOIN lzm_article a ON a.aid=c.aid INNER JOIN lzm_oauth_user ou ON ou.id=c.ouid  WHERE c.is_delete = 0 ORDER BY date desc LIMIT 0,15   [ RunTime:0.0018s ]
INFO: [ view_parse ] --START--
INFO: [ template_filter ] --START--
INFO: Run Behavior\ContentReplaceBehavior [ RunTime:0.000091s ]
INFO: [ template_filter ] --END-- [ RunTime:0.000168s ]
INFO: Run Behavior\ParseTemplateBehavior [ RunTime:0.011532s ]
INFO: [ view_parse ] --END-- [ RunTime:0.011588s ]
INFO: [ view_filter ] --START--
INFO: Run Behavior\WriteHtmlCacheBehavior [ RunTime:0.000267s ]
INFO: [ view_filter ] --END-- [ RunTime:0.000346s ]
INFO: [ app_end ] --START--
INFO: Run Behavior\ShowPageTraceBehavior [ RunTime:0.000673s ]
INFO: [ app_end ] --END-- [ RunTime:0.000729s ]

[ 2018-03-31T00:33:58+08:00 ] 59.51.81.136 /blog/index.php/Admin/Chat/index.html
INFO: [ app_init ] --START--
INFO: Run Behavior\BuildLiteBehavior [ RunTime:0.000024s ]
INFO: [ app_init ] --END-- [ RunTime:0.000454s ]
INFO: [ app_begin ] --START--
INFO: Run Behavior\ReadHtmlCacheBehavior [ RunTime:0.000642s ]
INFO: [ app_begin ] --END-- [ RunTime:0.000695s ]
SQL: SHOW COLUMNS FROM `lzm_chat` [ RunTime:0.0018s ]
SQL: SELECT * FROM `lzm_chat` WHERE ( is_delete=0  ) ORDER BY date desc  [ RunTime:0.0015s ]
INFO: [ view_parse ] --START--
INFO: [ template_filter ] --START--
INFO: Run Behavior\ContentReplaceBehavior [ RunTime:0.000064s ]
INFO: [ template_filter ] --END-- [ RunTime:0.000134s ]
INFO: Run Behavior\ParseTemplateBehavior [ RunTime:0.010132s ]
INFO: [ view_parse ] --END-- [ RunTime:0.010219s ]
INFO: [ view_filter ] --START--
INFO: Run Behavior\WriteHtmlCacheBehavior [ RunTime:0.000322s ]
INFO: [ view_filter ] --END-- [ RunTime:0.000358s ]
INFO: [ app_end ] --START--
INFO: Run Behavior\ShowPageTraceBehavior [ RunTime:0.000709s ]
INFO: [ app_end ] --END-- [ RunTime:0.000761s ]

[ 2018-03-31T00:34:00+08:00 ] 59.51.81.136 /blog/index.php/Admin/Chat/edit/chid/4.html
INFO: [ app_init ] --START--
INFO: Run Behavior\BuildLiteBehavior [ RunTime:0.000023s ]
INFO: [ app_init ] --END-- [ RunTime:0.000427s ]
INFO: [ app_begin ] --START--
INFO: Run Behavior\ReadHtmlCacheBehavior [ RunTime:0.000632s ]
INFO: [ app_begin ] --END-- [ RunTime:0.000687s ]
SQL: SHOW COLUMNS FROM `lzm_chat` [ RunTime:0.0018s ]
SQL: SELECT * FROM `lzm_chat` WHERE `chid` = 4 LIMIT 1   [ RunTime:0.0014s ]
INFO: [ view_parse ] --START--
INFO: [ template_filter ] --START--
INFO: Run Behavior\ContentReplaceBehavior [ RunTime:0.000063s ]
INFO: [ template_filter ] --END-- [ RunTime:0.000120s ]
INFO: Run Behavior\ParseTemplateBehavior [ RunTime:0.008698s ]
INFO: [ view_parse ] --END-- [ RunTime:0.008764s ]
INFO: [ view_filter ] --START--
INFO: Run Behavior\WriteHtmlCacheBehavior [ RunTime:0.000265s ]
INFO: [ view_filter ] --END-- [ RunTime:0.000300s ]
INFO: [ app_end ] --START--
INFO: Run Behavior\ShowPageTraceBehavior [ RunTime:0.000693s ]
INFO: [ app_end ] --END-- [ RunTime:0.000753s ]

[ 2018-03-31T00:34:23+08:00 ] 59.51.81.136 /blog/index.php/Admin/Chat/edit.html
INFO: [ app_init ] --START--
INFO: Run Behavior\BuildLiteBehavior [ RunTime:0.000022s ]
INFO: [ app_init ] --END-- [ RunTime:0.000443s ]
INFO: [ app_begin ] --START--
INFO: Run Behavior\ReadHtmlCacheBehavior [ RunTime:0.000672s ]
INFO: [ app_begin ] --END-- [ RunTime:0.000728s ]
SQL: SHOW COLUMNS FROM `lzm_chat` [ RunTime:0.0018s ]
SQL: UPDATE `lzm_chat` SET `chid`='4',`content`='负能量不要表现太多，会影响身边的人变得和你一样变得负能量',`is_show`='1' WHERE `chid` = 4 [ RunTime:0.0142s ]
INFO: [ view_parse ] --START--
INFO: [ template_filter ] --START--
INFO: Run Behavior\ContentReplaceBehavior [ RunTime:0.000049s ]
INFO: [ template_filter ] --END-- [ RunTime:0.000113s ]
INFO: Run Behavior\ParseTemplateBehavior [ RunTime:0.007991s ]
INFO: [ view_parse ] --END-- [ RunTime:0.008057s ]
INFO: [ view_filter ] --START--
INFO: Run Behavior\WriteHtmlCacheBehavior [ RunTime:0.000335s ]
INFO: [ view_filter ] --END-- [ RunTime:0.000371s ]
INFO: [ app_end ] --START--
INFO: Run Behavior\ShowPageTraceBehavior [ RunTime:0.000671s ]
INFO: [ app_end ] --END-- [ RunTime:0.000728s ]

[ 2018-03-31T00:34:24+08:00 ] 59.51.81.136 /blog/index.php/Admin/Chat/edit/chid/4.html
INFO: [ app_init ] --START--
INFO: Run Behavior\BuildLiteBehavior [ RunTime:0.000022s ]
INFO: [ app_init ] --END-- [ RunTime:0.000424s ]
INFO: [ app_begin ] --START--
INFO: Run Behavior\ReadHtmlCacheBehavior [ RunTime:0.000559s ]
INFO: [ app_begin ] --END-- [ RunTime:0.000612s ]
SQL: SHOW COLUMNS FROM `lzm_chat` [ RunTime:0.0020s ]
SQL: SELECT * FROM `lzm_chat` WHERE `chid` = 4 LIMIT 1   [ RunTime:0.0015s ]
INFO: [ view_parse ] --START--
INFO: [ template_filter ] --START--
INFO: Run Behavior\ContentReplaceBehavior [ RunTime:0.000063s ]
INFO: [ template_filter ] --END-- [ RunTime:0.000124s ]
INFO: Run Behavior\ParseTemplateBehavior [ RunTime:0.008355s ]
INFO: [ view_parse ] --END-- [ RunTime:0.008413s ]
INFO: [ view_filter ] --START--
INFO: Run Behavior\WriteHtmlCacheBehavior [ RunTime:0.000275s ]
INFO: [ view_filter ] --END-- [ RunTime:0.000332s ]
INFO: [ app_end ] --START--
INFO: Run Behavior\ShowPageTraceBehavior [ RunTime:0.000679s ]
INFO: [ app_end ] --END-- [ RunTime:0.000758s ]

[ 2018-03-31T00:34:26+08:00 ] 59.51.81.136 /blog/index.php/Admin/Chat/index.html
INFO: [ app_init ] --START--
INFO: Run Behavior\BuildLiteBehavior [ RunTime:0.000023s ]
INFO: [ app_init ] --END-- [ RunTime:0.000529s ]
INFO: [ app_begin ] --START--
INFO: Run Behavior\ReadHtmlCacheBehavior [ RunTime:0.000547s ]
INFO: [ app_begin ] --END-- [ RunTime:0.000705s ]
SQL: SHOW COLUMNS FROM `lzm_chat` [ RunTime:0.0019s ]
SQL: SELECT * FROM `lzm_chat` WHERE ( is_delete=0  ) ORDER BY date desc  [ RunTime:0.0015s ]
INFO: [ view_parse ] --START--
INFO: [ template_filter ] --START--
INFO: Run Behavior\ContentReplaceBehavior [ RunTime:0.000061s ]
INFO: [ template_filter ] --END-- [ RunTime:0.000121s ]
INFO: Run Behavior\ParseTemplateBehavior [ RunTime:0.009515s ]
INFO: [ view_parse ] --END-- [ RunTime:0.009576s ]
INFO: [ view_filter ] --START--
INFO: Run Behavior\WriteHtmlCacheBehavior [ RunTime:0.000295s ]
INFO: [ view_filter ] --END-- [ RunTime:0.000331s ]
INFO: [ app_end ] --START--
INFO: Run Behavior\ShowPageTraceBehavior [ RunTime:0.000625s ]
INFO: [ app_end ] --END-- [ RunTime:0.000672s ]

[ 2018-03-31T00:34:57+08:00 ] 101.71.55.115 /blog/index.php/Admin/Comment/index.html
INFO: [ app_init ] --START--
INFO: Run Behavior\BuildLiteBehavior [ RunTime:0.000021s ]
INFO: [ app_init ] --END-- [ RunTime:0.000493s ]
INFO: [ app_begin ] --START--
INFO: Run Behavior\ReadHtmlCacheBehavior [ RunTime:0.001057s ]
INFO: [ app_begin ] --END-- [ RunTime:0.001115s ]
SQL: SHOW COLUMNS FROM `lzm_oauth_user` [ RunTime:0.0018s ]
SQL: SELECT COUNT(*) AS tp_count FROM `lzm_oauth_user` WHERE `is_admin` = 1 LIMIT 1   [ RunTime:0.0012s ]

[ 2018-03-31T00:35:00+08:00 ] 101.71.55.140 /blog/index.php/Admin/Chat/edit/chid/4.html
INFO: [ app_init ] --START--
INFO: Run Behavior\BuildLiteBehavior [ RunTime:0.000050s ]
INFO: [ app_init ] --END-- [ RunTime:0.000567s ]
INFO: [ app_begin ] --START--
INFO: Run Behavior\ReadHtmlCacheBehavior [ RunTime:0.000581s ]
INFO: [ app_begin ] --END-- [ RunTime:0.000637s ]
SQL: SHOW COLUMNS FROM `lzm_oauth_user` [ RunTime:0.0020s ]
SQL: SELECT COUNT(*) AS tp_count FROM `lzm_oauth_user` WHERE `is_admin` = 1 LIMIT 1   [ RunTime:0.0014s ]

[ 2018-03-31T00:35:01+08:00 ] 59.51.81.136 /blog/index.php/Admin/Article/add.html
INFO: [ app_init ] --START--
INFO: Run Behavior\BuildLiteBehavior [ RunTime:0.000024s ]
INFO: [ app_init ] --END-- [ RunTime:0.000619s ]
INFO: [ app_begin ] --START--
INFO: Run Behavior\ReadHtmlCacheBehavior [ RunTime:0.000596s ]
INFO: [ app_begin ] --END-- [ RunTime:0.000672s ]
SQL: SHOW COLUMNS FROM `lzm_article` [ RunTime:0.0019s ]
SQL: SHOW COLUMNS FROM `lzm_category` [ RunTime:0.0016s ]
SQL: SELECT * FROM `lzm_category` ORDER BY sort  [ RunTime:0.0013s ]
SQL: SHOW COLUMNS FROM `lzm_tag` [ RunTime:0.0014s ]
SQL: SELECT * FROM `lzm_tag`  [ RunTime:0.0012s ]
SQL: SHOW COLUMNS FROM `lzm_article_tag` [ RunTime:0.0014s ]
SQL: SELECT COUNT(*) AS tp_count FROM `lzm_article_tag` WHERE `tid` = 21 LIMIT 1   [ RunTime:0.0012s ]
SQL: SELECT COUNT(*) AS tp_count FROM `lzm_article_tag` WHERE `tid` = 22 LIMIT 1   [ RunTime:0.0012s ]
INFO: [ view_parse ] --START--
INFO: [ template_filter ] --START--
INFO: Run Behavior\ContentReplaceBehavior [ RunTime:0.000076s ]
INFO: [ template_filter ] --END-- [ RunTime:0.000148s ]
INFO: Run Behavior\ParseTemplateBehavior [ RunTime:0.010454s ]
INFO: [ view_parse ] --END-- [ RunTime:0.010532s ]
INFO: [ view_filter ] --START--
INFO: Run Behavior\WriteHtmlCacheBehavior [ RunTime:0.000370s ]
INFO: [ view_filter ] --END-- [ RunTime:0.000413s ]
INFO: [ app_end ] --START--
INFO: Run Behavior\ShowPageTraceBehavior [ RunTime:0.000963s ]
INFO: [ app_end ] --END-- [ RunTime:0.001057s ]

[ 2018-03-31T00:35:04+08:00 ] 59.51.81.136 /blog/index.php/Admin/Article/index.html
INFO: [ app_init ] --START--
INFO: Run Behavior\BuildLiteBehavior [ RunTime:0.000022s ]
INFO: [ app_init ] --END-- [ RunTime:0.000488s ]
INFO: [ app_begin ] --START--
INFO: Run Behavior\ReadHtmlCacheBehavior [ RunTime:0.000631s ]
INFO: [ app_begin ] --END-- [ RunTime:0.000685s ]
SQL: SHOW COLUMNS FROM `lzm_article` [ RunTime:0.0017s ]
SQL: SELECT COUNT(*) AS tp_count FROM `lzm_article` WHERE `is_delete` = 0 LIMIT 1   [ RunTime:0.0014s ]
SQL: SELECT * FROM `lzm_article` WHERE `is_delete` = 0 ORDER BY addtime desc LIMIT 0,15   [ RunTime:0.0015s ]
SQL: SHOW COLUMNS FROM `lzm_article_tag` [ RunTime:0.0015s ]
SQL: SHOW COLUMNS FROM `lzm_article_tag` [ RunTime:0.0014s ]
SQL: SELECT * FROM `lzm_article_tag` INNER JOIN lzm_tag ON lzm_article_tag.tid=lzm_tag.tid  WHERE `aid` = '25'  [ RunTime:0.0012s ]
SQL: SHOW COLUMNS FROM `lzm_article_pic` [ RunTime:0.0017s ]
SQL: SELECT `path` FROM `lzm_article_pic` WHERE `aid` = 25 ORDER BY ap_id asc LIMIT 1   [ RunTime:0.0012s ]
SQL: SHOW COLUMNS FROM `lzm_category` [ RunTime:0.0015s ]
SQL: SELECT `cid`,`cid`,`cname` FROM `lzm_category` WHERE `cid` = 30  [ RunTime:0.0012s ]
SQL: SELECT * FROM `lzm_article_tag` INNER JOIN lzm_tag ON lzm_article_tag.tid=lzm_tag.tid  WHERE `aid` = '24'  [ RunTime:0.0012s ]
SQL: SELECT `path` FROM `lzm_article_pic` WHERE `aid` = 24 ORDER BY ap_id asc LIMIT 1   [ RunTime:0.0012s ]
SQL: SELECT `cid`,`cid`,`cname` FROM `lzm_category` WHERE `cid` = 30  [ RunTime:0.0012s ]
SQL: SELECT * FROM `lzm_article_tag` INNER JOIN lzm_tag ON lzm_article_tag.tid=lzm_tag.tid  WHERE `aid` = '23'  [ RunTime:0.0013s ]
SQL: SELECT `path` FROM `lzm_article_pic` WHERE `aid` = 23 ORDER BY ap_id asc LIMIT 1   [ RunTime:0.0012s ]
SQL: SELECT `cid`,`cid`,`cname` FROM `lzm_category` WHERE `cid` = 30  [ RunTime:0.0016s ]
INFO: [ view_parse ] --START--
INFO: [ template_filter ] --START--
INFO: Run Behavior\ContentReplaceBehavior [ RunTime:0.000062s ]
INFO: [ template_filter ] --END-- [ RunTime:0.000127s ]
INFO: Run Behavior\ParseTemplateBehavior [ RunTime:0.011265s ]
INFO: [ view_parse ] --END-- [ RunTime:0.011321s ]
INFO: [ view_filter ] --START--
INFO: Run Behavior\WriteHtmlCacheBehavior [ RunTime:0.000319s ]
INFO: [ view_filter ] --END-- [ RunTime:0.000356s ]
INFO: [ app_end ] --START--
INFO: Run Behavior\ShowPageTraceBehavior [ RunTime:0.000609s ]
INFO: [ app_end ] --END-- [ RunTime:0.000745s ]

[ 2018-03-31T00:35:06+08:00 ] 59.51.81.136 /blog/index.php/Admin/Article/edit/aid/25.html
INFO: [ app_init ] --START--
INFO: Run Behavior\BuildLiteBehavior [ RunTime:0.000022s ]
INFO: [ app_init ] --END-- [ RunTime:0.000521s ]
INFO: [ app_begin ] --START--
INFO: Run Behavior\ReadHtmlCacheBehavior [ RunTime:0.000636s ]
INFO: [ app_begin ] --END-- [ RunTime:0.000699s ]
SQL: SHOW COLUMNS FROM `lzm_article` [ RunTime:0.0018s ]
SQL: SELECT * FROM `lzm_article` WHERE `aid` = 25 LIMIT 1   [ RunTime:0.0013s ]
SQL: SHOW COLUMNS FROM `lzm_article_tag` [ RunTime:0.0014s ]
SQL: SELECT `tid` FROM `lzm_article_tag` WHERE `aid` = 25  [ RunTime:0.0012s ]
SQL: SHOW COLUMNS FROM `lzm_article_tag` [ RunTime:0.0014s ]
SQL: SELECT * FROM `lzm_article_tag` INNER JOIN lzm_tag ON lzm_article_tag.tid=lzm_tag.tid  WHERE `aid` = '25'  [ RunTime:0.0012s ]
SQL: SHOW COLUMNS FROM `lzm_category` [ RunTime:0.0015s ]
SQL: SELECT `cid`,`cid`,`cname`,`keywords` FROM `lzm_category` WHERE `cid` = 30  [ RunTime:0.0013s ]
SQL: SELECT * FROM `lzm_category` ORDER BY sort  [ RunTime:0.0013s ]
SQL: SHOW COLUMNS FROM `lzm_tag` [ RunTime:0.0015s ]
SQL: SELECT * FROM `lzm_tag`  [ RunTime:0.0012s ]
SQL: SHOW COLUMNS FROM `lzm_article_tag` [ RunTime:0.0014s ]
SQL: SELECT COUNT(*) AS tp_count FROM `lzm_article_tag` WHERE `tid` = 21 LIMIT 1   [ RunTime:0.0012s ]
SQL: SELECT COUNT(*) AS tp_count FROM `lzm_article_tag` WHERE `tid` = 22 LIMIT 1   [ RunTime:0.0012s ]
INFO: [ view_parse ] --START--
INFO: [ template_filter ] --START--
INFO: Run Behavior\ContentReplaceBehavior [ RunTime:0.000076s ]
INFO: [ template_filter ] --END-- [ RunTime:0.000125s ]
INFO: Run Behavior\ParseTemplateBehavior [ RunTime:0.013331s ]
INFO: [ view_parse ] --END-- [ RunTime:0.013381s ]
INFO: [ view_filter ] --START--
INFO: Run Behavior\WriteHtmlCacheBehavior [ RunTime:0.000275s ]
INFO: [ view_filter ] --END-- [ RunTime:0.000323s ]
INFO: [ app_end ] --START--
INFO: Run Behavior\ShowPageTraceBehavior [ RunTime:0.000654s ]
INFO: [ app_end ] --END-- [ RunTime:0.000697s ]

[ 2018-03-31T00:35:14+08:00 ] 59.51.81.136 /blog/index.php/Admin/Article/edit/aid/25.html
INFO: [ app_init ] --START--
INFO: Run Behavior\BuildLiteBehavior [ RunTime:0.000022s ]
INFO: [ app_init ] --END-- [ RunTime:0.000421s ]
INFO: [ app_begin ] --START--
INFO: Run Behavior\ReadHtmlCacheBehavior [ RunTime:0.000720s ]
INFO: [ app_begin ] --END-- [ RunTime:0.000794s ]
SQL: SHOW COLUMNS FROM `lzm_article` [ RunTime:0.0021s ]
SQL: UPDATE `lzm_article` SET `aid`='25',`cid`='30',`title`='MySQL主从复制',`author`='爵特猛',`keywords`='主从复制，MySQL',`description`='MySQL主从复制，同步数据库',`is_original`='1',`is_top`='1',`is_show`='1',`content`='&lt;p&gt;主服务器A:192.168.0.1&lt;br/&gt;&lt;br/&gt;从服务器B:192.168.0.2&lt;br/&gt;&lt;br/&gt;&lt;br/&gt;在主服务器新建一个从账号锁定IP&lt;br/&gt;GRANT REPLICATION SLAVE,RELOAD,SUPER ON *.* TO backup@&amp;#39;192.168.0.2&amp;#39; IDENTIFIED BY &amp;#39;q123456&amp;#39;;&lt;br/&gt;//账户名：backup，指定客户端：192.168.0.2，密码：q123456&lt;br/&gt;&lt;br/&gt;&lt;br/&gt;更新sql数据库&lt;br/&gt;mysql mysql -u&lt;br/&gt;&lt;br/&gt;&lt;br/&gt;在从服务器上运行测试是否能登陆主服务器&lt;br/&gt;F:\\phpStudy\\MySQL\\bin\\mysql -h192.168.0.1 -ubackup -pq123456;&lt;br/&gt;&lt;br/&gt;&lt;br/&gt;&lt;br/&gt;对主服务器的配置进行修改，&lt;br/&gt;打开mysql/my.ini文件，在[mysqld]下面添加如下内容：&lt;br/&gt;server-id=1&lt;br/&gt;log-bin=&amp;quot;D:/phpStudy/MySQL/log/log-bin.log&amp;quot;&lt;br/&gt;binlog-do-db =&amp;quot;slsix&amp;quot;&lt;br/&gt;binlog-ignore-db=&amp;quot;mysql&amp;quot;&lt;br/&gt;expire_logs_days = 2&amp;nbsp; //超过两天的二进制日志会被自动删除&lt;br/&gt;（&amp;nbsp;&amp;nbsp; &amp;nbsp;主：binlog-do-db=需要复制的数据库名，如果复制多个数据库，重复设置这个选项即可&lt;br/&gt;&amp;nbsp;&amp;nbsp; &amp;nbsp;主：binlog-ignore-db=不需要复制的数据库苦命，如果复制多个数据库，重复设置这个选项即可&lt;br/&gt;）&lt;br/&gt;&lt;br/&gt;&lt;br/&gt;A查看主服务器的状态&lt;br/&gt;mysql&amp;gt;show master status;&lt;br/&gt;&lt;br/&gt;log-bin.000001 |&amp;nbsp;&amp;nbsp;&amp;nbsp;&amp;nbsp;&amp;nbsp; 107 | demo&lt;br/&gt;&lt;br/&gt;对B服 务器的配置进行修改，&lt;br/&gt;打开mysql/my.ini文件，在[mysqld]下面添加如下内容：&lt;br/&gt;server-id = 2&lt;br/&gt;replicate-do-db =&amp;quot;slsix&amp;quot;&lt;br/&gt;（&amp;nbsp;&amp;nbsp; &amp;nbsp;从：replicate-do-db=需要复制的数据库名，如果复制多个数据库，重复设置这个选项即可&lt;br/&gt;&amp;nbsp;&amp;nbsp; &amp;nbsp;从：replicate-ignore-db=不需要复制的数据库名，如果要忽略多个数据库，重复设置这个选项即可&lt;br/&gt;）&lt;br/&gt;&lt;br/&gt;&lt;br/&gt;B停止slave的服务!!!!!&lt;br/&gt;mysql&amp;gt;stop slave;&lt;br/&gt;&lt;br/&gt;配置从服务器Slave：&lt;br/&gt;&amp;nbsp;&amp;nbsp; mysql&amp;gt;change master to master_host=&amp;#39;192.168.0.1&amp;#39;,master_user=&amp;#39;backup&amp;#39;,master_password=&amp;#39;q123456&amp;#39;,&lt;br/&gt;&amp;nbsp;&amp;nbsp;&amp;nbsp;&amp;nbsp;&amp;nbsp;&amp;nbsp;&amp;nbsp;&amp;nbsp; master_log_file=&amp;#39;log-bin.000001&amp;#39;,master_log_pos=107;&amp;nbsp;&amp;nbsp; //注意不要断开，107数字前后无单引号。&lt;br/&gt;&lt;br/&gt;//B启动同步数据库的线程&lt;br/&gt;mysql&amp;gt;start slave;&lt;br/&gt;&lt;br/&gt;在B查看同步状况&lt;br/&gt;检查从服务器复制功能状态：&lt;br/&gt;&lt;br/&gt;&amp;nbsp;&amp;nbsp; mysql&amp;gt; show slave status\\G;&lt;br/&gt;&lt;br/&gt;&amp;nbsp;&amp;nbsp; *************************** 1. row ***************************&lt;br/&gt;&lt;br/&gt;&amp;nbsp;&amp;nbsp;&amp;nbsp;&amp;nbsp;&amp;nbsp;&amp;nbsp;&amp;nbsp;&amp;nbsp;&amp;nbsp;&amp;nbsp;&amp;nbsp;&amp;nbsp;&amp;nbsp; Slave_IO_State: Waiting for master to send event&lt;br/&gt;&amp;nbsp;&amp;nbsp;&amp;nbsp;&amp;nbsp;&amp;nbsp;&amp;nbsp;&amp;nbsp;&amp;nbsp;&amp;nbsp;&amp;nbsp;&amp;nbsp;&amp;nbsp;&amp;nbsp; Master_Host: 192.168.0.1&amp;nbsp; //主服务器地址&lt;br/&gt;&amp;nbsp;&amp;nbsp;&amp;nbsp;&amp;nbsp;&amp;nbsp;&amp;nbsp;&amp;nbsp;&amp;nbsp;&amp;nbsp;&amp;nbsp;&amp;nbsp;&amp;nbsp;&amp;nbsp; Master_User: mysync&amp;nbsp;&amp;nbsp; //授权帐户名，尽量避免使用root&lt;br/&gt;&amp;nbsp;&amp;nbsp;&amp;nbsp;&amp;nbsp;&amp;nbsp;&amp;nbsp;&amp;nbsp;&amp;nbsp;&amp;nbsp;&amp;nbsp;&amp;nbsp;&amp;nbsp;&amp;nbsp; Master_Port: 3306&amp;nbsp;&amp;nbsp;&amp;nbsp; //数据库端口，部分版本没有此行&lt;br/&gt;&amp;nbsp;&amp;nbsp;&amp;nbsp;&amp;nbsp;&amp;nbsp;&amp;nbsp;&amp;nbsp;&amp;nbsp;&amp;nbsp;&amp;nbsp;&amp;nbsp;&amp;nbsp;&amp;nbsp; Connect_Retry: 60&lt;br/&gt;&amp;nbsp;&amp;nbsp;&amp;nbsp;&amp;nbsp;&amp;nbsp;&amp;nbsp;&amp;nbsp;&amp;nbsp;&amp;nbsp;&amp;nbsp;&amp;nbsp;&amp;nbsp;&amp;nbsp; Master_Log_File: mysql-bin.000001&lt;br/&gt;&amp;nbsp;&amp;nbsp;&amp;nbsp;&amp;nbsp;&amp;nbsp;&amp;nbsp;&amp;nbsp;&amp;nbsp;&amp;nbsp;&amp;nbsp;&amp;nbsp;&amp;nbsp;&amp;nbsp; Read_Master_Log_Pos: 600&amp;nbsp;&amp;nbsp;&amp;nbsp;&amp;nbsp; //#同步读取二进制日志的位置，大于等于Exec_Master_Log_Pos&lt;br/&gt;&amp;nbsp;&amp;nbsp;&amp;nbsp;&amp;nbsp;&amp;nbsp;&amp;nbsp;&amp;nbsp;&amp;nbsp;&amp;nbsp;&amp;nbsp;&amp;nbsp;&amp;nbsp;&amp;nbsp; Relay_Log_File: ddte-relay-bin.000003&lt;br/&gt;&amp;nbsp;&amp;nbsp;&amp;nbsp;&amp;nbsp;&amp;nbsp;&amp;nbsp;&amp;nbsp;&amp;nbsp;&amp;nbsp;&amp;nbsp;&amp;nbsp;&amp;nbsp;&amp;nbsp; Relay_Log_Pos: 251&lt;br/&gt;&amp;nbsp;&amp;nbsp;&amp;nbsp;&amp;nbsp;&amp;nbsp;&amp;nbsp;&amp;nbsp;&amp;nbsp;&amp;nbsp;&amp;nbsp;&amp;nbsp;&amp;nbsp;&amp;nbsp; Relay_Master_Log_File: mysql-bin.000001&lt;br/&gt;&amp;nbsp;&amp;nbsp;&amp;nbsp;&amp;nbsp;&amp;nbsp;&amp;nbsp;&amp;nbsp;&amp;nbsp;&amp;nbsp;&amp;nbsp;&amp;nbsp;&amp;nbsp;&amp;nbsp; Slave_IO_Running: Yes&amp;nbsp;&amp;nbsp;&amp;nbsp; //此状态必须YES&lt;br/&gt;&amp;nbsp;&amp;nbsp;&amp;nbsp;&amp;nbsp;&amp;nbsp;&amp;nbsp;&amp;nbsp;&amp;nbsp;&amp;nbsp;&amp;nbsp;&amp;nbsp;&amp;nbsp;&amp;nbsp; Slave_SQL_Running: Yes&amp;nbsp;&amp;nbsp;&amp;nbsp;&amp;nbsp; //此状态必须YES&lt;br/&gt;&amp;nbsp;&amp;nbsp;&amp;nbsp;&amp;nbsp;&amp;nbsp;&amp;nbsp;&amp;nbsp;&amp;nbsp;&amp;nbsp;&amp;nbsp;&amp;nbsp;&amp;nbsp;&amp;nbsp;&amp;nbsp;&amp;nbsp;&amp;nbsp;&amp;nbsp;&amp;nbsp;&amp;nbsp; ......&lt;br/&gt;&lt;br/&gt;注：Slave_IO及Slave_SQL进程必须正常运行，即YES状态，否则都是错误的状态(如：其中一个NO均属错误)。&lt;/p&gt;&lt;p&gt;&lt;img src=&quot;/blog/Upload/image/ueditor/20180330/1522340670908627.png&quot; title=&quot;爵特猛&quot; alt=&quot;爵特猛&quot;/&gt;&lt;/p&gt;' WHERE `aid` = 25 [ RunTime:0.0071s ]
SQL: SHOW COLUMNS FROM `lzm_article_tag` [ RunTime:0.0018s ]
SQL: DELETE FROM `lzm_article_tag` WHERE `aid` = 25 [ RunTime:0.0037s ]
SQL: INSERT INTO `lzm_article_tag` (`aid`,`tid`) VALUES ('25','22') [ RunTime:0.0065s ]
SQL: SHOW COLUMNS FROM `lzm_article_pic` [ RunTime:0.0017s ]
SQL: DELETE FROM `lzm_article_pic` WHERE `aid` = 25 [ RunTime:0.0036s ]
SQL: INSERT INTO `lzm_article_pic` (`aid`,`path`) VALUES ('25','/Upload/image/ueditor/20180330/1522340670908627.png') [ RunTime:0.0044s ]
INFO: [ view_parse ] --START--
INFO: [ template_filter ] --START--
INFO: Run Behavior\ContentReplaceBehavior [ RunTime:0.000113s ]
INFO: [ template_filter ] --END-- [ RunTime:0.000190s ]
INFO: Run Behavior\ParseTemplateBehavior [ RunTime:0.008220s ]
INFO: [ view_parse ] --END-- [ RunTime:0.008269s ]
INFO: [ view_filter ] --START--
INFO: Run Behavior\WriteHtmlCacheBehavior [ RunTime:0.000340s ]
INFO: [ view_filter ] --END-- [ RunTime:0.000377s ]
INFO: [ app_end ] --START--
INFO: Run Behavior\ShowPageTraceBehavior [ RunTime:0.000681s ]
INFO: [ app_end ] --END-- [ RunTime:0.000727s ]

[ 2018-03-31T00:35:16+08:00 ] 59.51.81.136 /blog/index.php/Admin/Article/edit/aid/25.html
INFO: [ app_init ] --START--
INFO: Run Behavior\BuildLiteBehavior [ RunTime:0.000031s ]
INFO: [ app_init ] --END-- [ RunTime:0.000511s ]
INFO: [ app_begin ] --START--
INFO: Run Behavior\ReadHtmlCacheBehavior [ RunTime:0.000614s ]
INFO: [ app_begin ] --END-- [ RunTime:0.000675s ]
SQL: SHOW COLUMNS FROM `lzm_article` [ RunTime:0.0019s ]
SQL: SELECT * FROM `lzm_article` WHERE `aid` = 25 LIMIT 1   [ RunTime:0.0016s ]
SQL: SHOW COLUMNS FROM `lzm_article_tag` [ RunTime:0.0014s ]
SQL: SELECT `tid` FROM `lzm_article_tag` WHERE `aid` = 25  [ RunTime:0.0013s ]
SQL: SHOW COLUMNS FROM `lzm_article_tag` [ RunTime:0.0013s ]
SQL: SELECT * FROM `lzm_article_tag` INNER JOIN lzm_tag ON lzm_article_tag.tid=lzm_tag.tid  WHERE `aid` = '25'  [ RunTime:0.0013s ]
SQL: SHOW COLUMNS FROM `lzm_category` [ RunTime:0.0014s ]
SQL: SELECT `cid`,`cid`,`cname`,`keywords` FROM `lzm_category` WHERE `cid` = 30  [ RunTime:0.0012s ]
SQL: SELECT * FROM `lzm_category` ORDER BY sort  [ RunTime:0.0012s ]
SQL: SHOW COLUMNS FROM `lzm_tag` [ RunTime:0.0015s ]
SQL: SELECT * FROM `lzm_tag`  [ RunTime:0.0012s ]
SQL: SHOW COLUMNS FROM `lzm_article_tag` [ RunTime:0.0014s ]
SQL: SELECT COUNT(*) AS tp_count FROM `lzm_article_tag` WHERE `tid` = 21 LIMIT 1   [ RunTime:0.0013s ]
SQL: SELECT COUNT(*) AS tp_count FROM `lzm_article_tag` WHERE `tid` = 22 LIMIT 1   [ RunTime:0.0013s ]
INFO: [ view_parse ] --START--
INFO: [ template_filter ] --START--
INFO: Run Behavior\ContentReplaceBehavior [ RunTime:0.000093s ]
INFO: [ template_filter ] --END-- [ RunTime:0.000164s ]
INFO: Run Behavior\ParseTemplateBehavior [ RunTime:0.021900s ]
INFO: [ view_parse ] --END-- [ RunTime:0.022002s ]
INFO: [ view_filter ] --START--
INFO: Run Behavior\WriteHtmlCacheBehavior [ RunTime:0.000518s ]
INFO: [ view_filter ] --END-- [ RunTime:0.000807s ]
INFO: [ app_end ] --START--
INFO: Run Behavior\ShowPageTraceBehavior [ RunTime:0.001016s ]
INFO: [ app_end ] --END-- [ RunTime:0.001088s ]

[ 2018-03-31T00:35:18+08:00 ] 59.51.81.136 /blog/index.php/Admin/Article/add.html
INFO: [ app_init ] --START--
INFO: Run Behavior\BuildLiteBehavior [ RunTime:0.000023s ]
INFO: [ app_init ] --END-- [ RunTime:0.000421s ]
INFO: [ app_begin ] --START--
INFO: Run Behavior\ReadHtmlCacheBehavior [ RunTime:0.000609s ]
INFO: [ app_begin ] --END-- [ RunTime:0.000665s ]
SQL: SHOW COLUMNS FROM `lzm_article` [ RunTime:0.0019s ]
SQL: SHOW COLUMNS FROM `lzm_category` [ RunTime:0.0016s ]
SQL: SELECT * FROM `lzm_category` ORDER BY sort  [ RunTime:0.0014s ]
SQL: SHOW COLUMNS FROM `lzm_tag` [ RunTime:0.0015s ]
SQL: SELECT * FROM `lzm_tag`  [ RunTime:0.0014s ]
SQL: SHOW COLUMNS FROM `lzm_article_tag` [ RunTime:0.0015s ]
SQL: SELECT COUNT(*) AS tp_count FROM `lzm_article_tag` WHERE `tid` = 21 LIMIT 1   [ RunTime:0.0014s ]
SQL: SELECT COUNT(*) AS tp_count FROM `lzm_article_tag` WHERE `tid` = 22 LIMIT 1   [ RunTime:0.0013s ]
INFO: [ view_parse ] --START--
INFO: [ template_filter ] --START--
INFO: Run Behavior\ContentReplaceBehavior [ RunTime:0.000075s ]
INFO: [ template_filter ] --END-- [ RunTime:0.000145s ]
INFO: Run Behavior\ParseTemplateBehavior [ RunTime:0.010026s ]
INFO: [ view_parse ] --END-- [ RunTime:0.010084s ]
INFO: [ view_filter ] --START--
INFO: Run Behavior\WriteHtmlCacheBehavior [ RunTime:0.000299s ]
INFO: [ view_filter ] --END-- [ RunTime:0.000336s ]
INFO: [ app_end ] --START--
INFO: Run Behavior\ShowPageTraceBehavior [ RunTime:0.000620s ]
INFO: [ app_end ] --END-- [ RunTime:0.000669s ]

[ 2018-03-31T00:35:20+08:00 ] 59.51.81.136 /blog/index.php/Admin/Article/index.html
INFO: [ app_init ] --START--
INFO: Run Behavior\BuildLiteBehavior [ RunTime:0.000023s ]
INFO: [ app_init ] --END-- [ RunTime:0.000468s ]
INFO: [ app_begin ] --START--
INFO: Run Behavior\ReadHtmlCacheBehavior [ RunTime:0.000699s ]
INFO: [ app_begin ] --END-- [ RunTime:0.000760s ]
SQL: SHOW COLUMNS FROM `lzm_article` [ RunTime:0.0019s ]
SQL: SELECT COUNT(*) AS tp_count FROM `lzm_article` WHERE `is_delete` = 0 LIMIT 1   [ RunTime:0.0015s ]
SQL: SELECT * FROM `lzm_article` WHERE `is_delete` = 0 ORDER BY addtime desc LIMIT 0,15   [ RunTime:0.0056s ]
SQL: SHOW COLUMNS FROM `lzm_article_tag` [ RunTime:0.0016s ]
SQL: SHOW COLUMNS FROM `lzm_article_tag` [ RunTime:0.0015s ]
SQL: SELECT * FROM `lzm_article_tag` INNER JOIN lzm_tag ON lzm_article_tag.tid=lzm_tag.tid  WHERE `aid` = '25'  [ RunTime:0.0014s ]
SQL: SHOW COLUMNS FROM `lzm_article_pic` [ RunTime:0.0016s ]
SQL: SELECT `path` FROM `lzm_article_pic` WHERE `aid` = 25 ORDER BY ap_id asc LIMIT 1   [ RunTime:0.0015s ]
SQL: SHOW COLUMNS FROM `lzm_category` [ RunTime:0.0047s ]
SQL: SELECT `cid`,`cid`,`cname` FROM `lzm_category` WHERE `cid` = 30  [ RunTime:0.0014s ]
SQL: SELECT * FROM `lzm_article_tag` INNER JOIN lzm_tag ON lzm_article_tag.tid=lzm_tag.tid  WHERE `aid` = '24'  [ RunTime:0.0015s ]
SQL: SELECT `path` FROM `lzm_article_pic` WHERE `aid` = 24 ORDER BY ap_id asc LIMIT 1   [ RunTime:0.0015s ]
SQL: SELECT `cid`,`cid`,`cname` FROM `lzm_category` WHERE `cid` = 30  [ RunTime:0.0013s ]
SQL: SELECT * FROM `lzm_article_tag` INNER JOIN lzm_tag ON lzm_article_tag.tid=lzm_tag.tid  WHERE `aid` = '23'  [ RunTime:0.0014s ]
SQL: SELECT `path` FROM `lzm_article_pic` WHERE `aid` = 23 ORDER BY ap_id asc LIMIT 1   [ RunTime:0.0014s ]
SQL: SELECT `cid`,`cid`,`cname` FROM `lzm_category` WHERE `cid` = 30  [ RunTime:0.0014s ]
INFO: [ view_parse ] --START--
INFO: [ template_filter ] --START--
INFO: Run Behavior\ContentReplaceBehavior [ RunTime:0.000069s ]
INFO: [ template_filter ] --END-- [ RunTime:0.000142s ]
INFO: Run Behavior\ParseTemplateBehavior [ RunTime:0.012175s ]
INFO: [ view_parse ] --END-- [ RunTime:0.012230s ]
INFO: [ view_filter ] --START--
INFO: Run Behavior\WriteHtmlCacheBehavior [ RunTime:0.000337s ]
INFO: [ view_filter ] --END-- [ RunTime:0.000372s ]
INFO: [ app_end ] --START--
INFO: Run Behavior\ShowPageTraceBehavior [ RunTime:0.000742s ]
INFO: [ app_end ] --END-- [ RunTime:0.000796s ]

[ 2018-03-31T00:45:40+08:00 ] 59.51.81.136 /blog/index.php/Admin/Comment/index.html
INFO: [ app_init ] --START--
INFO: Run Behavior\BuildLiteBehavior [ RunTime:0.000021s ]
INFO: [ app_init ] --END-- [ RunTime:0.000519s ]
INFO: [ app_begin ] --START--
INFO: Run Behavior\ReadHtmlCacheBehavior [ RunTime:0.000575s ]
INFO: [ app_begin ] --END-- [ RunTime:0.000645s ]
SQL: SHOW COLUMNS FROM `lzm_comment` [ RunTime:0.0019s ]
SQL: SELECT COUNT(*) AS tp_count FROM lzm_comment c INNER JOIN lzm_article a ON a.aid=c.aid INNER JOIN lzm_oauth_user ou ON ou.id=c.ouid  WHERE c.is_delete = 0 LIMIT 1   [ RunTime:0.0015s ]
SQL: SELECT c.*,a.title,ou.nickname FROM lzm_comment c INNER JOIN lzm_article a ON a.aid=c.aid INNER JOIN lzm_oauth_user ou ON ou.id=c.ouid  WHERE c.is_delete = 0 ORDER BY date desc LIMIT 0,15   [ RunTime:0.0018s ]
INFO: [ view_parse ] --START--
INFO: [ template_filter ] --START--
INFO: Run Behavior\ContentReplaceBehavior [ RunTime:0.000059s ]
INFO: [ template_filter ] --END-- [ RunTime:0.000118s ]
INFO: Run Behavior\ParseTemplateBehavior [ RunTime:0.010362s ]
INFO: [ view_parse ] --END-- [ RunTime:0.010418s ]
INFO: [ view_filter ] --START--
INFO: Run Behavior\WriteHtmlCacheBehavior [ RunTime:0.000290s ]
INFO: [ view_filter ] --END-- [ RunTime:0.000333s ]
INFO: [ app_end ] --START--
INFO: Run Behavior\ShowPageTraceBehavior [ RunTime:0.000600s ]
INFO: [ app_end ] --END-- [ RunTime:0.000648s ]

[ 2018-03-31T00:45:47+08:00 ] 59.51.81.136 /blog/index.php/Admin/Article/add.html
INFO: [ app_init ] --START--
INFO: Run Behavior\BuildLiteBehavior [ RunTime:0.000020s ]
INFO: [ app_init ] --END-- [ RunTime:0.000475s ]
INFO: [ app_begin ] --START--
INFO: Run Behavior\ReadHtmlCacheBehavior [ RunTime:0.000586s ]
INFO: [ app_begin ] --END-- [ RunTime:0.000638s ]
SQL: SHOW COLUMNS FROM `lzm_article` [ RunTime:0.0019s ]
SQL: SHOW COLUMNS FROM `lzm_category` [ RunTime:0.0015s ]
SQL: SELECT * FROM `lzm_category` ORDER BY sort  [ RunTime:0.0012s ]
SQL: SHOW COLUMNS FROM `lzm_tag` [ RunTime:0.0014s ]
SQL: SELECT * FROM `lzm_tag`  [ RunTime:0.0013s ]
SQL: SHOW COLUMNS FROM `lzm_article_tag` [ RunTime:0.0014s ]
SQL: SELECT COUNT(*) AS tp_count FROM `lzm_article_tag` WHERE `tid` = 21 LIMIT 1   [ RunTime:0.0012s ]
SQL: SELECT COUNT(*) AS tp_count FROM `lzm_article_tag` WHERE `tid` = 22 LIMIT 1   [ RunTime:0.0013s ]
INFO: [ view_parse ] --START--
INFO: [ template_filter ] --START--
INFO: Run Behavior\ContentReplaceBehavior [ RunTime:0.000068s ]
INFO: [ template_filter ] --END-- [ RunTime:0.000119s ]
INFO: Run Behavior\ParseTemplateBehavior [ RunTime:0.011144s ]
INFO: [ view_parse ] --END-- [ RunTime:0.011196s ]
INFO: [ view_filter ] --START--
INFO: Run Behavior\WriteHtmlCacheBehavior [ RunTime:0.000313s ]
INFO: [ view_filter ] --END-- [ RunTime:0.000350s ]
INFO: [ app_end ] --START--
INFO: Run Behavior\ShowPageTraceBehavior [ RunTime:0.000661s ]
INFO: [ app_end ] --END-- [ RunTime:0.000711s ]

[ 2018-03-31T00:45:48+08:00 ] 59.51.81.136 /blog/index.php/Admin/Article/index.html
INFO: [ app_init ] --START--
INFO: Run Behavior\BuildLiteBehavior [ RunTime:0.000020s ]
INFO: [ app_init ] --END-- [ RunTime:0.000434s ]
INFO: [ app_begin ] --START--
INFO: Run Behavior\ReadHtmlCacheBehavior [ RunTime:0.000598s ]
INFO: [ app_begin ] --END-- [ RunTime:0.000652s ]
SQL: SHOW COLUMNS FROM `lzm_article` [ RunTime:0.0019s ]
SQL: SELECT COUNT(*) AS tp_count FROM `lzm_article` WHERE `is_delete` = 0 LIMIT 1   [ RunTime:0.0013s ]
SQL: SELECT * FROM `lzm_article` WHERE `is_delete` = 0 ORDER BY addtime desc LIMIT 0,15   [ RunTime:0.0016s ]
SQL: SHOW COLUMNS FROM `lzm_article_tag` [ RunTime:0.0014s ]
SQL: SHOW COLUMNS FROM `lzm_article_tag` [ RunTime:0.0014s ]
SQL: SELECT * FROM `lzm_article_tag` INNER JOIN lzm_tag ON lzm_article_tag.tid=lzm_tag.tid  WHERE `aid` = '25'  [ RunTime:0.0012s ]
SQL: SHOW COLUMNS FROM `lzm_article_pic` [ RunTime:0.0014s ]
SQL: SELECT `path` FROM `lzm_article_pic` WHERE `aid` = 25 ORDER BY ap_id asc LIMIT 1   [ RunTime:0.0013s ]
SQL: SHOW COLUMNS FROM `lzm_category` [ RunTime:0.0014s ]
SQL: SELECT `cid`,`cid`,`cname` FROM `lzm_category` WHERE `cid` = 30  [ RunTime:0.0012s ]
SQL: SELECT * FROM `lzm_article_tag` INNER JOIN lzm_tag ON lzm_article_tag.tid=lzm_tag.tid  WHERE `aid` = '24'  [ RunTime:0.0012s ]
SQL: SELECT `path` FROM `lzm_article_pic` WHERE `aid` = 24 ORDER BY ap_id asc LIMIT 1   [ RunTime:0.0012s ]
SQL: SELECT `cid`,`cid`,`cname` FROM `lzm_category` WHERE `cid` = 30  [ RunTime:0.0012s ]
SQL: SELECT * FROM `lzm_article_tag` INNER JOIN lzm_tag ON lzm_article_tag.tid=lzm_tag.tid  WHERE `aid` = '23'  [ RunTime:0.0012s ]
SQL: SELECT `path` FROM `lzm_article_pic` WHERE `aid` = 23 ORDER BY ap_id asc LIMIT 1   [ RunTime:0.0014s ]
SQL: SELECT `cid`,`cid`,`cname` FROM `lzm_category` WHERE `cid` = 30  [ RunTime:0.0012s ]
INFO: [ view_parse ] --START--
INFO: [ template_filter ] --START--
INFO: Run Behavior\ContentReplaceBehavior [ RunTime:0.000060s ]
INFO: [ template_filter ] --END-- [ RunTime:0.000110s ]
INFO: Run Behavior\ParseTemplateBehavior [ RunTime:0.010819s ]
INFO: [ view_parse ] --END-- [ RunTime:0.010874s ]
INFO: [ view_filter ] --START--
INFO: Run Behavior\WriteHtmlCacheBehavior [ RunTime:0.000254s ]
INFO: [ view_filter ] --END-- [ RunTime:0.000307s ]
INFO: [ app_end ] --START--
INFO: Run Behavior\ShowPageTraceBehavior [ RunTime:0.000678s ]
INFO: [ app_end ] --END-- [ RunTime:0.000736s ]

[ 2018-03-31T00:46:12+08:00 ] 59.51.81.136 /blog/index.php/Admin/Admin/index.html
INFO: [ app_init ] --START--
INFO: Run Behavior\BuildLiteBehavior [ RunTime:0.000017s ]
INFO: [ app_init ] --END-- [ RunTime:0.000418s ]
INFO: [ app_begin ] --START--
INFO: Run Behavior\ReadHtmlCacheBehavior [ RunTime:0.000531s ]
INFO: [ app_begin ] --END-- [ RunTime:0.000586s ]
SQL: SHOW COLUMNS FROM `lzm_admin` [ RunTime:0.0023s ]
SQL: SELECT * FROM `lzm_admin`  [ RunTime:0.0014s ]
INFO: [ view_parse ] --START--
INFO: [ template_filter ] --START--
INFO: Run Behavior\ContentReplaceBehavior [ RunTime:0.000059s ]
INFO: [ template_filter ] --END-- [ RunTime:0.000133s ]
NOTIC: [8] Undefined index: is_admin /data/home/bxu2713680059/htdocs/blog/Runtime/Cache/Admin/4d8324af19d98ad4d454de3b3e0d7e82.php 第 35 行.
NOTIC: [8] Undefined index: is_admin /data/home/bxu2713680059/htdocs/blog/Runtime/Cache/Admin/4d8324af19d98ad4d454de3b3e0d7e82.php 第 35 行.
NOTIC: [8] Undefined variable: page /data/home/bxu2713680059/htdocs/blog/Runtime/Cache/Admin/4d8324af19d98ad4d454de3b3e0d7e82.php 第 40 行.
INFO: Run Behavior\ParseTemplateBehavior [ RunTime:0.009683s ]
INFO: [ view_parse ] --END-- [ RunTime:0.009743s ]
INFO: [ view_filter ] --START--
INFO: Run Behavior\WriteHtmlCacheBehavior [ RunTime:0.000304s ]
INFO: [ view_filter ] --END-- [ RunTime:0.000343s ]
INFO: [ app_end ] --START--
INFO: Run Behavior\ShowPageTraceBehavior [ RunTime:0.000655s ]
INFO: [ app_end ] --END-- [ RunTime:0.000702s ]

[ 2018-03-31T00:46:13+08:00 ] 59.51.81.136 /blog/index.php/Admin/Config/index.html
INFO: [ app_init ] --START--
INFO: Run Behavior\BuildLiteBehavior [ RunTime:0.000027s ]
INFO: [ app_init ] --END-- [ RunTime:0.000445s ]
INFO: [ app_begin ] --START--
INFO: Run Behavior\ReadHtmlCacheBehavior [ RunTime:0.000643s ]
INFO: [ app_begin ] --END-- [ RunTime:0.000695s ]
SQL: SHOW COLUMNS FROM `lzm_config` [ RunTime:0.0020s ]
SQL: SELECT `name`,`value` FROM `lzm_config`  [ RunTime:0.0015s ]
INFO: [ view_parse ] --START--
INFO: [ template_filter ] --START--
INFO: Run Behavior\ContentReplaceBehavior [ RunTime:0.000245s ]
INFO: [ template_filter ] --END-- [ RunTime:0.000292s ]
INFO: Run Behavior\ParseTemplateBehavior [ RunTime:0.018131s ]
INFO: [ view_parse ] --END-- [ RunTime:0.018178s ]
INFO: [ view_filter ] --START--
INFO: Run Behavior\WriteHtmlCacheBehavior [ RunTime:0.000260s ]
INFO: [ view_filter ] --END-- [ RunTime:0.000296s ]
INFO: [ app_end ] --START--
INFO: Run Behavior\ShowPageTraceBehavior [ RunTime:0.000693s ]
INFO: [ app_end ] --END-- [ RunTime:0.000738s ]

[ 2018-03-31T00:46:27+08:00 ] 220.181.108.90 /blog/index.php/Admin/Category/index.html
INFO: [ app_init ] --START--
INFO: Run Behavior\BuildLiteBehavior [ RunTime:0.000022s ]
INFO: [ app_init ] --END-- [ RunTime:0.000515s ]
INFO: [ app_begin ] --START--
INFO: Run Behavior\ReadHtmlCacheBehavior [ RunTime:0.000562s ]
INFO: [ app_begin ] --END-- [ RunTime:0.000616s ]
SQL: SHOW COLUMNS FROM `lzm_oauth_user` [ RunTime:0.0020s ]
SQL: SELECT COUNT(*) AS tp_count FROM `lzm_oauth_user` WHERE `is_admin` = 1 LIMIT 1   [ RunTime:0.0014s ]

[ 2018-03-31T00:46:27+08:00 ] 220.181.108.83 /blog/index.php/Admin/Category/
INFO: [ app_init ] --START--
INFO: Run Behavior\BuildLiteBehavior [ RunTime:0.000038s ]
INFO: [ app_init ] --END-- [ RunTime:0.000473s ]
INFO: [ app_begin ] --START--
INFO: Run Behavior\ReadHtmlCacheBehavior [ RunTime:0.000648s ]
INFO: [ app_begin ] --END-- [ RunTime:0.000714s ]
SQL: SHOW COLUMNS FROM `lzm_oauth_user` [ RunTime:0.0018s ]
SQL: SELECT COUNT(*) AS tp_count FROM `lzm_oauth_user` WHERE `is_admin` = 1 LIMIT 1   [ RunTime:0.0012s ]

[ 2018-03-31T01:19:47+08:00 ] 220.181.108.119 /blog/index.php/Admin/Article/edit/aid/25.html
INFO: [ app_init ] --START--
INFO: Run Behavior\BuildLiteBehavior [ RunTime:0.000021s ]
INFO: [ app_init ] --END-- [ RunTime:0.000445s ]
INFO: [ app_begin ] --START--
INFO: Run Behavior\ReadHtmlCacheBehavior [ RunTime:0.000543s ]
INFO: [ app_begin ] --END-- [ RunTime:0.000597s ]
SQL: SHOW COLUMNS FROM `lzm_oauth_user` [ RunTime:0.0021s ]
SQL: SELECT COUNT(*) AS tp_count FROM `lzm_oauth_user` WHERE `is_admin` = 1 LIMIT 1   [ RunTime:0.0014s ]

[ 2018-03-31T01:47:14+08:00 ] 125.39.239.66 /blog/index.php/Admin/Recycle/chat.html
INFO: [ app_init ] --START--
INFO: Run Behavior\BuildLiteBehavior [ RunTime:0.000023s ]
INFO: [ app_init ] --END-- [ RunTime:0.000484s ]
INFO: [ app_begin ] --START--
INFO: Run Behavior\ReadHtmlCacheBehavior [ RunTime:0.000608s ]
INFO: [ app_begin ] --END-- [ RunTime:0.000661s ]
SQL: SHOW COLUMNS FROM `lzm_oauth_user` [ RunTime:0.0019s ]
SQL: SELECT COUNT(*) AS tp_count FROM `lzm_oauth_user` WHERE `is_admin` = 1 LIMIT 1   [ RunTime:0.0015s ]

[ 2018-03-31T01:47:14+08:00 ] 125.39.239.24 /blog/Admin/Index/index
INFO: [ app_init ] --START--
INFO: Run Behavior\BuildLiteBehavior [ RunTime:0.000019s ]
INFO: [ app_init ] --END-- [ RunTime:0.000407s ]
INFO: [ app_begin ] --START--
INFO: Run Behavior\ReadHtmlCacheBehavior [ RunTime:0.000553s ]
INFO: [ app_begin ] --END-- [ RunTime:0.000639s ]
SQL: SHOW COLUMNS FROM `lzm_oauth_user` [ RunTime:0.0019s ]
SQL: SELECT COUNT(*) AS tp_count FROM `lzm_oauth_user` WHERE `is_admin` = 1 LIMIT 1   [ RunTime:0.0013s ]

[ 2018-03-31T01:47:14+08:00 ] 125.39.239.12 /blog/index.php/Admin/Recycle/comment.html
INFO: [ app_init ] --START--
INFO: Run Behavior\BuildLiteBehavior [ RunTime:0.000019s ]
INFO: [ app_init ] --END-- [ RunTime:0.000443s ]
INFO: [ app_begin ] --START--
INFO: Run Behavior\ReadHtmlCacheBehavior [ RunTime:0.000678s ]
INFO: [ app_begin ] --END-- [ RunTime:0.000736s ]
SQL: SHOW COLUMNS FROM `lzm_oauth_user` [ RunTime:0.0020s ]
SQL: SELECT COUNT(*) AS tp_count FROM `lzm_oauth_user` WHERE `is_admin` = 1 LIMIT 1   [ RunTime:0.0013s ]

[ 2018-03-31T01:47:15+08:00 ] 125.39.239.108 /blog/index.php/Admin/Config/index.html
INFO: [ app_init ] --START--
INFO: Run Behavior\BuildLiteBehavior [ RunTime:0.000018s ]
INFO: [ app_init ] --END-- [ RunTime:0.000430s ]
INFO: [ app_begin ] --START--
INFO: Run Behavior\ReadHtmlCacheBehavior [ RunTime:0.000588s ]
INFO: [ app_begin ] --END-- [ RunTime:0.000647s ]
SQL: SHOW COLUMNS FROM `lzm_oauth_user` [ RunTime:0.0038s ]
SQL: SELECT COUNT(*) AS tp_count FROM `lzm_oauth_user` WHERE `is_admin` = 1 LIMIT 1   [ RunTime:0.0015s ]

[ 2018-03-31T01:47:15+08:00 ] 125.39.239.66 /blog/index.php/Admin/Article/edit/aid/24.html
INFO: [ app_init ] --START--
INFO: Run Behavior\BuildLiteBehavior [ RunTime:0.000019s ]
INFO: [ app_init ] --END-- [ RunTime:0.002012s ]
INFO: [ app_begin ] --START--
INFO: Run Behavior\ReadHtmlCacheBehavior [ RunTime:0.000918s ]
INFO: [ app_begin ] --END-- [ RunTime:0.001011s ]
SQL: SHOW COLUMNS FROM `lzm_oauth_user` [ RunTime:0.0016s ]
SQL: SELECT COUNT(*) AS tp_count FROM `lzm_oauth_user` WHERE `is_admin` = 1 LIMIT 1   [ RunTime:0.0012s ]

[ 2018-03-31T01:47:15+08:00 ] 125.39.239.72 /blog/index.php/Admin/Article/edit/aid/23.html
INFO: [ app_init ] --START--
INFO: Run Behavior\BuildLiteBehavior [ RunTime:0.000018s ]
INFO: [ app_init ] --END-- [ RunTime:0.000391s ]
INFO: [ app_begin ] --START--
INFO: Run Behavior\ReadHtmlCacheBehavior [ RunTime:0.000649s ]
INFO: [ app_begin ] --END-- [ RunTime:0.000708s ]
SQL: SHOW COLUMNS FROM `lzm_oauth_user` [ RunTime:0.0023s ]
SQL: SELECT COUNT(*) AS tp_count FROM `lzm_oauth_user` WHERE `is_admin` = 1 LIMIT 1   [ RunTime:0.0023s ]

[ 2018-03-31T01:47:15+08:00 ] 125.39.239.120 /blog/index.php/Admin/Recycle/article.html
INFO: [ app_init ] --START--
INFO: Run Behavior\BuildLiteBehavior [ RunTime:0.000020s ]
INFO: [ app_init ] --END-- [ RunTime:0.000591s ]
INFO: [ app_begin ] --START--
INFO: Run Behavior\ReadHtmlCacheBehavior [ RunTime:0.000627s ]
INFO: [ app_begin ] --END-- [ RunTime:0.000697s ]
SQL: SHOW COLUMNS FROM `lzm_oauth_user` [ RunTime:0.0020s ]
SQL: SELECT COUNT(*) AS tp_count FROM `lzm_oauth_user` WHERE `is_admin` = 1 LIMIT 1   [ RunTime:0.0014s ]

[ 2018-03-31T01:47:15+08:00 ] 125.39.239.36 /blog/index.php/Admin/Recycle/link.html
INFO: [ app_init ] --START--
INFO: Run Behavior\BuildLiteBehavior [ RunTime:0.000017s ]
INFO: [ app_init ] --END-- [ RunTime:0.000495s ]
INFO: [ app_begin ] --START--
INFO: Run Behavior\ReadHtmlCacheBehavior [ RunTime:0.000873s ]
INFO: [ app_begin ] --END-- [ RunTime:0.000948s ]
SQL: SHOW COLUMNS FROM `lzm_oauth_user` [ RunTime:0.0018s ]
SQL: SELECT COUNT(*) AS tp_count FROM `lzm_oauth_user` WHERE `is_admin` = 1 LIMIT 1   [ RunTime:0.0014s ]

[ 2018-03-31T01:47:15+08:00 ] 125.39.239.90 /blog/index.php/Admin/Chat/add.html
INFO: [ app_init ] --START--
INFO: Run Behavior\BuildLiteBehavior [ RunTime:0.000021s ]
INFO: [ app_init ] --END-- [ RunTime:0.000440s ]
INFO: [ app_begin ] --START--
INFO: Run Behavior\ReadHtmlCacheBehavior [ RunTime:0.000590s ]
INFO: [ app_begin ] --END-- [ RunTime:0.000643s ]
SQL: SHOW COLUMNS FROM `lzm_oauth_user` [ RunTime:0.0019s ]
SQL: SELECT COUNT(*) AS tp_count FROM `lzm_oauth_user` WHERE `is_admin` = 1 LIMIT 1   [ RunTime:0.0012s ]

[ 2018-03-31T01:47:15+08:00 ] 125.39.239.24 /blog/index.php/Admin/Admin/index.html
INFO: [ app_init ] --START--
INFO: Run Behavior\BuildLiteBehavior [ RunTime:0.000019s ]
INFO: [ app_init ] --END-- [ RunTime:0.000443s ]
INFO: [ app_begin ] --START--
INFO: Run Behavior\ReadHtmlCacheBehavior [ RunTime:0.000589s ]
INFO: [ app_begin ] --END-- [ RunTime:0.000663s ]
SQL: SHOW COLUMNS FROM `lzm_oauth_user` [ RunTime:0.0021s ]
SQL: SELECT COUNT(*) AS tp_count FROM `lzm_oauth_user` WHERE `is_admin` = 1 LIMIT 1   [ RunTime:0.0015s ]

[ 2018-03-31T01:47:17+08:00 ] 125.39.239.72 /blog/index.php/Admin/Article/add.html
INFO: [ app_init ] --START--
INFO: Run Behavior\BuildLiteBehavior [ RunTime:0.000018s ]
INFO: [ app_init ] --END-- [ RunTime:0.000435s ]
INFO: [ app_begin ] --START--
INFO: Run Behavior\ReadHtmlCacheBehavior [ RunTime:0.000575s ]
INFO: [ app_begin ] --END-- [ RunTime:0.000644s ]
SQL: SHOW COLUMNS FROM `lzm_oauth_user` [ RunTime:0.0018s ]
SQL: SELECT COUNT(*) AS tp_count FROM `lzm_oauth_user` WHERE `is_admin` = 1 LIMIT 1   [ RunTime:0.0013s ]

[ 2018-03-31T01:47:18+08:00 ] 125.39.239.138 /blog/Admin
INFO: [ app_init ] --START--
INFO: Run Behavior\BuildLiteBehavior [ RunTime:0.000016s ]
INFO: [ app_init ] --END-- [ RunTime:0.000437s ]
INFO: [ app_begin ] --START--
INFO: Run Behavior\ReadHtmlCacheBehavior [ RunTime:0.000636s ]
INFO: [ app_begin ] --END-- [ RunTime:0.000689s ]
SQL: SHOW COLUMNS FROM `lzm_oauth_user` [ RunTime:0.0018s ]
SQL: SELECT COUNT(*) AS tp_count FROM `lzm_oauth_user` WHERE `is_admin` = 1 LIMIT 1   [ RunTime:0.0012s ]

[ 2018-03-31T01:47:18+08:00 ] 125.39.239.78 /blog/index.php/Admin/Chat/index.html
INFO: [ app_init ] --START--
INFO: Run Behavior\BuildLiteBehavior [ RunTime:0.000021s ]
INFO: [ app_init ] --END-- [ RunTime:0.000494s ]
INFO: [ app_begin ] --START--
INFO: Run Behavior\ReadHtmlCacheBehavior [ RunTime:0.000666s ]
INFO: [ app_begin ] --END-- [ RunTime:0.000720s ]
SQL: SHOW COLUMNS FROM `lzm_oauth_user` [ RunTime:0.0018s ]
SQL: SELECT COUNT(*) AS tp_count FROM `lzm_oauth_user` WHERE `is_admin` = 1 LIMIT 1   [ RunTime:0.0014s ]

[ 2018-03-31T01:47:18+08:00 ] 125.39.239.126 /blog/index.php/Admin/Category/index.html
INFO: [ app_init ] --START--
INFO: Run Behavior\BuildLiteBehavior [ RunTime:0.000021s ]
INFO: [ app_init ] --END-- [ RunTime:0.008689s ]
INFO: [ app_begin ] --START--
INFO: Run Behavior\ReadHtmlCacheBehavior [ RunTime:0.000674s ]
INFO: [ app_begin ] --END-- [ RunTime:0.000734s ]
SQL: SHOW COLUMNS FROM `lzm_oauth_user` [ RunTime:0.0019s ]
SQL: SELECT COUNT(*) AS tp_count FROM `lzm_oauth_user` WHERE `is_admin` = 1 LIMIT 1   [ RunTime:0.0013s ]

[ 2018-03-31T01:47:18+08:00 ] 125.39.239.66 /blog/admin/index
INFO: [ app_init ] --START--
INFO: Run Behavior\BuildLiteBehavior [ RunTime:0.000017s ]
INFO: [ app_init ] --END-- [ RunTime:0.000389s ]
INFO: [ app_begin ] --START--
INFO: Run Behavior\ReadHtmlCacheBehavior [ RunTime:0.000731s ]
INFO: [ app_begin ] --END-- [ RunTime:0.000789s ]
SQL: SHOW COLUMNS FROM `lzm_oauth_user` [ RunTime:0.0016s ]
SQL: SELECT COUNT(*) AS tp_count FROM `lzm_oauth_user` WHERE `is_admin` = 1 LIMIT 1   [ RunTime:0.0013s ]

[ 2018-03-31T01:47:19+08:00 ] 125.39.239.126 /blog/index.php/Admin/User/index.html
INFO: [ app_init ] --START--
INFO: Run Behavior\BuildLiteBehavior [ RunTime:0.000022s ]
INFO: [ app_init ] --END-- [ RunTime:0.000535s ]
INFO: [ app_begin ] --START--
INFO: Run Behavior\ReadHtmlCacheBehavior [ RunTime:0.000736s ]
INFO: [ app_begin ] --END-- [ RunTime:0.000797s ]
SQL: SHOW COLUMNS FROM `lzm_oauth_user` [ RunTime:0.0020s ]
SQL: SELECT COUNT(*) AS tp_count FROM `lzm_oauth_user` WHERE `is_admin` = 1 LIMIT 1   [ RunTime:0.0014s ]

[ 2018-03-31T01:47:19+08:00 ] 125.39.239.36 /blog/index.php/Admin/Comment/index.html
INFO: [ app_init ] --START--
INFO: Run Behavior\BuildLiteBehavior [ RunTime:0.000030s ]
INFO: [ app_init ] --END-- [ RunTime:0.000478s ]
INFO: [ app_begin ] --START--
INFO: Run Behavior\ReadHtmlCacheBehavior [ RunTime:0.000628s ]
INFO: [ app_begin ] --END-- [ RunTime:0.000701s ]
SQL: SHOW COLUMNS FROM `lzm_oauth_user` [ RunTime:0.0015s ]
SQL: SELECT COUNT(*) AS tp_count FROM `lzm_oauth_user` WHERE `is_admin` = 1 LIMIT 1   [ RunTime:0.0012s ]

[ 2018-03-31T01:47:19+08:00 ] 125.39.239.102 /blog/index.php/Admin/Config/change_password.html
INFO: [ app_init ] --START--
INFO: Run Behavior\BuildLiteBehavior [ RunTime:0.000019s ]
INFO: [ app_init ] --END-- [ RunTime:0.000393s ]
INFO: [ app_begin ] --START--
INFO: Run Behavior\ReadHtmlCacheBehavior [ RunTime:0.000667s ]
INFO: [ app_begin ] --END-- [ RunTime:0.000729s ]
SQL: SHOW COLUMNS FROM `lzm_oauth_user` [ RunTime:0.0017s ]
SQL: SELECT COUNT(*) AS tp_count FROM `lzm_oauth_user` WHERE `is_admin` = 1 LIMIT 1   [ RunTime:0.0015s ]

[ 2018-03-31T22:27:00+08:00 ] 125.39.239.114 /blog/index.php/Admin/Chat/edit/chid/4.html
INFO: [ app_init ] --START--
INFO: Run Behavior\BuildLiteBehavior [ RunTime:0.000019s ]
INFO: [ app_init ] --END-- [ RunTime:0.000405s ]
INFO: [ app_begin ] --START--
INFO: Run Behavior\ReadHtmlCacheBehavior [ RunTime:0.000631s ]
INFO: [ app_begin ] --END-- [ RunTime:0.000684s ]
SQL: SHOW COLUMNS FROM `lzm_oauth_user` [ RunTime:0.0019s ]
SQL: SELECT COUNT(*) AS tp_count FROM `lzm_oauth_user` WHERE `is_admin` = 1 LIMIT 1   [ RunTime:0.0014s ]

[ 2018-03-31T22:27:02+08:00 ] 125.39.239.30 /blog/index.php/Admin/Category/delete/cid/31.html
INFO: [ app_init ] --START--
INFO: Run Behavior\BuildLiteBehavior [ RunTime:0.000020s ]
INFO: [ app_init ] --END-- [ RunTime:0.000473s ]
INFO: [ app_begin ] --START--
INFO: Run Behavior\ReadHtmlCacheBehavior [ RunTime:0.000571s ]
INFO: [ app_begin ] --END-- [ RunTime:0.000623s ]
SQL: SHOW COLUMNS FROM `lzm_oauth_user` [ RunTime:0.0021s ]
SQL: SELECT COUNT(*) AS tp_count FROM `lzm_oauth_user` WHERE `is_admin` = 1 LIMIT 1   [ RunTime:0.0015s ]

