[ 2018-04-03T07:05:39+08:00 ] 125.39.239.12 /blog/index.php/Admin/Category/add.html
INFO: [ app_init ] --START--
INFO: Run Behavior\BuildLiteBehavior [ RunTime:0.000034s ]
INFO: [ app_init ] --END-- [ RunTime:0.000485s ]
INFO: [ app_begin ] --START--
INFO: Run Behavior\ReadHtmlCacheBehavior [ RunTime:0.000832s ]
INFO: [ app_begin ] --END-- [ RunTime:0.000920s ]
SQL: SHOW COLUMNS FROM `lzm_oauth_user` [ RunTime:0.0018s ]
SQL: SELECT COUNT(*) AS tp_count FROM `lzm_oauth_user` WHERE `is_admin` = 1 LIMIT 1   [ RunTime:0.0014s ]

[ 2018-04-03T09:51:14+08:00 ] 59.51.81.178 /blog/Admin
INFO: [ app_init ] --START--
INFO: Run Behavior\BuildLiteBehavior [ RunTime:0.000023s ]
INFO: [ app_init ] --END-- [ RunTime:0.000544s ]
INFO: [ app_begin ] --START--
INFO: Run Behavior\ReadHtmlCacheBehavior [ RunTime:0.000793s ]
INFO: [ app_begin ] --END-- [ RunTime:0.000871s ]
INFO: [ view_parse ] --START--
INFO: [ template_filter ] --START--
INFO: Run Behavior\ContentReplaceBehavior [ RunTime:0.000093s ]
INFO: [ template_filter ] --END-- [ RunTime:0.000164s ]
INFO: Run Behavior\ParseTemplateBehavior [ RunTime:0.014473s ]
INFO: [ view_parse ] --END-- [ RunTime:0.014526s ]
INFO: [ view_filter ] --START--
INFO: Run Behavior\WriteHtmlCacheBehavior [ RunTime:0.000376s ]
INFO: [ view_filter ] --END-- [ RunTime:0.000413s ]
INFO: [ app_end ] --START--
INFO: Run Behavior\ShowPageTraceBehavior [ RunTime:0.000881s ]
INFO: [ app_end ] --END-- [ RunTime:0.000941s ]

[ 2018-04-03T09:51:14+08:00 ] 59.51.81.178 /blog/index.php/Admin/Index/welcome.html
INFO: [ app_init ] --START--
INFO: Run Behavior\BuildLiteBehavior [ RunTime:0.000022s ]
INFO: [ app_init ] --END-- [ RunTime:0.000489s ]
INFO: [ app_begin ] --START--
INFO: Run Behavior\ReadHtmlCacheBehavior [ RunTime:0.000658s ]
INFO: [ app_begin ] --END-- [ RunTime:0.000715s ]
SQL: SHOW COLUMNS FROM `lzm_article` [ RunTime:0.0018s ]
SQL: SELECT COUNT(*) AS tp_count FROM `lzm_article` LIMIT 1   [ RunTime:0.0014s ]
SQL: SELECT COUNT(*) AS tp_count FROM `lzm_article` WHERE `is_delete` = 1 LIMIT 1   [ RunTime:0.0013s ]
SQL: SELECT COUNT(*) AS tp_count FROM `lzm_article` WHERE `is_show` = 0 LIMIT 1   [ RunTime:0.0012s ]
SQL: SHOW COLUMNS FROM `lzm_chat` [ RunTime:0.0015s ]
SQL: SELECT COUNT(*) AS tp_count FROM `lzm_chat` LIMIT 1   [ RunTime:0.0013s ]
SQL: SELECT COUNT(*) AS tp_count FROM `lzm_chat` WHERE `is_delete` = 1 LIMIT 1   [ RunTime:0.0013s ]
SQL: SELECT COUNT(*) AS tp_count FROM `lzm_chat` WHERE `is_show` = 0 LIMIT 1   [ RunTime:0.0013s ]
SQL: SHOW COLUMNS FROM `lzm_comment` [ RunTime:0.0016s ]
SQL: SELECT COUNT(*) AS tp_count FROM `lzm_comment` LIMIT 1   [ RunTime:0.0013s ]
INFO: [ view_parse ] --START--
INFO: [ template_filter ] --START--
INFO: Run Behavior\ContentReplaceBehavior [ RunTime:0.000098s ]
INFO: [ template_filter ] --END-- [ RunTime:0.000174s ]
INFO: Run Behavior\ParseTemplateBehavior [ RunTime:0.010782s ]
INFO: [ view_parse ] --END-- [ RunTime:0.010918s ]
INFO: [ view_filter ] --START--
INFO: Run Behavior\WriteHtmlCacheBehavior [ RunTime:0.000278s ]
INFO: [ view_filter ] --END-- [ RunTime:0.000318s ]
INFO: [ app_end ] --START--
INFO: Run Behavior\ShowPageTraceBehavior [ RunTime:0.000628s ]
INFO: [ app_end ] --END-- [ RunTime:0.000704s ]

[ 2018-04-03T09:51:16+08:00 ] 59.51.81.178 /blog/index.php/Admin/Article/add.html
INFO: [ app_init ] --START--
INFO: Run Behavior\BuildLiteBehavior [ RunTime:0.000024s ]
INFO: [ app_init ] --END-- [ RunTime:0.000478s ]
INFO: [ app_begin ] --START--
INFO: Run Behavior\ReadHtmlCacheBehavior [ RunTime:0.000768s ]
INFO: [ app_begin ] --END-- [ RunTime:0.000872s ]
SQL: SHOW COLUMNS FROM `lzm_article` [ RunTime:0.0020s ]
SQL: SHOW COLUMNS FROM `lzm_category` [ RunTime:0.0016s ]
SQL: SELECT * FROM `lzm_category` ORDER BY sort  [ RunTime:0.0014s ]
SQL: SHOW COLUMNS FROM `lzm_tag` [ RunTime:0.0017s ]
SQL: SELECT * FROM `lzm_tag`  [ RunTime:0.0014s ]
SQL: SHOW COLUMNS FROM `lzm_article_tag` [ RunTime:0.0015s ]
SQL: SELECT COUNT(*) AS tp_count FROM `lzm_article_tag` WHERE `tid` = 21 LIMIT 1   [ RunTime:0.0014s ]
SQL: SELECT COUNT(*) AS tp_count FROM `lzm_article_tag` WHERE `tid` = 22 LIMIT 1   [ RunTime:0.0014s ]
INFO: [ view_parse ] --START--
INFO: [ template_filter ] --START--
INFO: Run Behavior\ContentReplaceBehavior [ RunTime:0.000093s ]
INFO: [ template_filter ] --END-- [ RunTime:0.000234s ]
INFO: Run Behavior\ParseTemplateBehavior [ RunTime:0.011605s ]
INFO: [ view_parse ] --END-- [ RunTime:0.011667s ]
INFO: [ view_filter ] --START--
INFO: Run Behavior\WriteHtmlCacheBehavior [ RunTime:0.000526s ]
INFO: [ view_filter ] --END-- [ RunTime:0.000575s ]
INFO: [ app_end ] --START--
INFO: Run Behavior\ShowPageTraceBehavior [ RunTime:0.000694s ]
INFO: [ app_end ] --END-- [ RunTime:0.000744s ]

[ 2018-04-03T09:51:46+08:00 ] 59.51.81.178 /blog/index.php/Admin/Tag/add.html
INFO: [ app_init ] --START--
INFO: Run Behavior\BuildLiteBehavior [ RunTime:0.000022s ]
INFO: [ app_init ] --END-- [ RunTime:0.000458s ]
INFO: [ app_begin ] --START--
INFO: Run Behavior\ReadHtmlCacheBehavior [ RunTime:0.000695s ]
INFO: [ app_begin ] --END-- [ RunTime:0.000789s ]
SQL: SHOW COLUMNS FROM `lzm_tag` [ RunTime:0.0022s ]
INFO: [ view_parse ] --START--
INFO: [ template_filter ] --START--
INFO: Run Behavior\ContentReplaceBehavior [ RunTime:0.000066s ]
INFO: [ template_filter ] --END-- [ RunTime:0.000139s ]
INFO: Run Behavior\ParseTemplateBehavior [ RunTime:0.028552s ]
INFO: [ view_parse ] --END-- [ RunTime:0.028631s ]
INFO: [ view_filter ] --START--
INFO: Run Behavior\WriteHtmlCacheBehavior [ RunTime:0.000271s ]
INFO: [ view_filter ] --END-- [ RunTime:0.000307s ]
INFO: [ app_end ] --START--
INFO: Run Behavior\ShowPageTraceBehavior [ RunTime:0.000654s ]
INFO: [ app_end ] --END-- [ RunTime:0.000737s ]

[ 2018-04-03T09:51:51+08:00 ] 59.51.81.178 /blog/index.php/Admin/Tag/add.html
INFO: [ app_init ] --START--
INFO: Run Behavior\BuildLiteBehavior [ RunTime:0.000020s ]
INFO: [ app_init ] --END-- [ RunTime:0.000439s ]
INFO: [ app_begin ] --START--
INFO: Run Behavior\ReadHtmlCacheBehavior [ RunTime:0.000594s ]
INFO: [ app_begin ] --END-- [ RunTime:0.000648s ]
SQL: SHOW COLUMNS FROM `lzm_tag` [ RunTime:0.0016s ]
SQL: INSERT INTO `lzm_tag` (`tname`) VALUES ('PHP') [ RunTime:0.0046s ]
INFO: [ view_parse ] --START--
INFO: [ template_filter ] --START--
INFO: Run Behavior\ContentReplaceBehavior [ RunTime:0.000040s ]
INFO: [ template_filter ] --END-- [ RunTime:0.000083s ]
INFO: Run Behavior\ParseTemplateBehavior [ RunTime:0.007453s ]
INFO: [ view_parse ] --END-- [ RunTime:0.007500s ]
INFO: [ view_filter ] --START--
INFO: Run Behavior\WriteHtmlCacheBehavior [ RunTime:0.000261s ]
INFO: [ view_filter ] --END-- [ RunTime:0.000296s ]
INFO: [ app_end ] --START--
INFO: Run Behavior\ShowPageTraceBehavior [ RunTime:0.000632s ]
INFO: [ app_end ] --END-- [ RunTime:0.000679s ]

[ 2018-04-03T09:51:52+08:00 ] 59.51.81.178 /blog/index.php/Admin/Tag/add.html
INFO: [ app_init ] --START--
INFO: Run Behavior\BuildLiteBehavior [ RunTime:0.000017s ]
INFO: [ app_init ] --END-- [ RunTime:0.000474s ]
INFO: [ app_begin ] --START--
INFO: Run Behavior\ReadHtmlCacheBehavior [ RunTime:0.000680s ]
INFO: [ app_begin ] --END-- [ RunTime:0.000741s ]
SQL: SHOW COLUMNS FROM `lzm_tag` [ RunTime:0.0020s ]
INFO: [ view_parse ] --START--
INFO: [ template_filter ] --START--
INFO: Run Behavior\ContentReplaceBehavior [ RunTime:0.000062s ]
INFO: [ template_filter ] --END-- [ RunTime:0.000114s ]
INFO: Run Behavior\ParseTemplateBehavior [ RunTime:0.007736s ]
INFO: [ view_parse ] --END-- [ RunTime:0.007788s ]
INFO: [ view_filter ] --START--
INFO: Run Behavior\WriteHtmlCacheBehavior [ RunTime:0.000332s ]
INFO: [ view_filter ] --END-- [ RunTime:0.000368s ]
INFO: [ app_end ] --START--
INFO: Run Behavior\ShowPageTraceBehavior [ RunTime:0.000651s ]
INFO: [ app_end ] --END-- [ RunTime:0.000701s ]

[ 2018-04-03T09:51:54+08:00 ] 59.51.81.178 /blog/index.php/Admin/Article/add.html
INFO: [ app_init ] --START--
INFO: Run Behavior\BuildLiteBehavior [ RunTime:0.000028s ]
INFO: [ app_init ] --END-- [ RunTime:0.000620s ]
INFO: [ app_begin ] --START--
INFO: Run Behavior\ReadHtmlCacheBehavior [ RunTime:0.000674s ]
INFO: [ app_begin ] --END-- [ RunTime:0.000727s ]
SQL: SHOW COLUMNS FROM `lzm_article` [ RunTime:0.0019s ]
SQL: SHOW COLUMNS FROM `lzm_category` [ RunTime:0.0015s ]
SQL: SELECT * FROM `lzm_category` ORDER BY sort  [ RunTime:0.0013s ]
SQL: SHOW COLUMNS FROM `lzm_tag` [ RunTime:0.0014s ]
SQL: SELECT * FROM `lzm_tag`  [ RunTime:0.0013s ]
SQL: SHOW COLUMNS FROM `lzm_article_tag` [ RunTime:0.0014s ]
SQL: SELECT COUNT(*) AS tp_count FROM `lzm_article_tag` WHERE `tid` = 21 LIMIT 1   [ RunTime:0.0012s ]
SQL: SELECT COUNT(*) AS tp_count FROM `lzm_article_tag` WHERE `tid` = 22 LIMIT 1   [ RunTime:0.0012s ]
SQL: SELECT COUNT(*) AS tp_count FROM `lzm_article_tag` WHERE `tid` = 23 LIMIT 1   [ RunTime:0.0013s ]
INFO: [ view_parse ] --START--
INFO: [ template_filter ] --START--
INFO: Run Behavior\ContentReplaceBehavior [ RunTime:0.000068s ]
INFO: [ template_filter ] --END-- [ RunTime:0.000112s ]
INFO: Run Behavior\ParseTemplateBehavior [ RunTime:0.010498s ]
INFO: [ view_parse ] --END-- [ RunTime:0.010549s ]
INFO: [ view_filter ] --START--
INFO: Run Behavior\WriteHtmlCacheBehavior [ RunTime:0.000268s ]
INFO: [ view_filter ] --END-- [ RunTime:0.000303s ]
INFO: [ app_end ] --START--
INFO: Run Behavior\ShowPageTraceBehavior [ RunTime:0.000686s ]
INFO: [ app_end ] --END-- [ RunTime:0.000736s ]

[ 2018-04-03T09:52:14+08:00 ] 101.71.55.110 /blog/index.php/Admin/Index/welcome.html
INFO: [ app_init ] --START--
INFO: Run Behavior\BuildLiteBehavior [ RunTime:0.000022s ]
INFO: [ app_init ] --END-- [ RunTime:0.000421s ]
INFO: [ app_begin ] --START--
INFO: Run Behavior\ReadHtmlCacheBehavior [ RunTime:0.000645s ]
INFO: [ app_begin ] --END-- [ RunTime:0.000699s ]
SQL: SHOW COLUMNS FROM `lzm_oauth_user` [ RunTime:0.0024s ]
SQL: SELECT COUNT(*) AS tp_count FROM `lzm_oauth_user` WHERE `is_admin` = 1 LIMIT 1   [ RunTime:0.0014s ]

[ 2018-04-03T09:52:15+08:00 ] 101.71.55.120 /blog/index.php/Admin/Article/add.html
INFO: [ app_init ] --START--
INFO: Run Behavior\BuildLiteBehavior [ RunTime:0.000023s ]
INFO: [ app_init ] --END-- [ RunTime:0.000522s ]
INFO: [ app_begin ] --START--
INFO: Run Behavior\ReadHtmlCacheBehavior [ RunTime:0.000631s ]
INFO: [ app_begin ] --END-- [ RunTime:0.000689s ]
SQL: SHOW COLUMNS FROM `lzm_oauth_user` [ RunTime:0.0020s ]
SQL: SELECT COUNT(*) AS tp_count FROM `lzm_oauth_user` WHERE `is_admin` = 1 LIMIT 1   [ RunTime:0.0014s ]

[ 2018-04-03T09:52:45+08:00 ] 101.71.55.125 /blog/index.php/Admin/Tag/add.html
INFO: [ app_init ] --START--
INFO: Run Behavior\BuildLiteBehavior [ RunTime:0.000021s ]
INFO: [ app_init ] --END-- [ RunTime:0.000631s ]
INFO: [ app_begin ] --START--
INFO: Run Behavior\ReadHtmlCacheBehavior [ RunTime:0.000581s ]
INFO: [ app_begin ] --END-- [ RunTime:0.000634s ]
SQL: SHOW COLUMNS FROM `lzm_oauth_user` [ RunTime:0.0019s ]
SQL: SELECT COUNT(*) AS tp_count FROM `lzm_oauth_user` WHERE `is_admin` = 1 LIMIT 1   [ RunTime:0.0013s ]

[ 2018-04-03T09:54:48+08:00 ] 59.51.81.178 /blog/index.php/Admin/Article/add.html
INFO: [ app_init ] --START--
INFO: Run Behavior\BuildLiteBehavior [ RunTime:0.000025s ]
INFO: [ app_init ] --END-- [ RunTime:0.000427s ]
INFO: [ app_begin ] --START--
INFO: Run Behavior\ReadHtmlCacheBehavior [ RunTime:0.000601s ]
INFO: [ app_begin ] --END-- [ RunTime:0.000655s ]
SQL: SHOW COLUMNS FROM `lzm_article` [ RunTime:0.0018s ]
SQL: INSERT INTO `lzm_article` (`cid`,`title`,`author`,`keywords`,`description`,`is_original`,`is_top`,`is_show`,`content`,`click`,`is_delete`,`addtime`) VALUES ('30','PHP获取文件扩展名方法','爵特猛','PHP,文件,扩展名','$file&nbsp;=&nbsp;‘需要进行获取扩展名的文件.php’;

//第一种，根据.拆分,获取最后一个元素的值
function&nbsp;getExt1{
&nbsp;&nbsp;&nbsp;&nbsp;return&nbsp;end(explode(&quot;.&quot;,$file);)
}
//第二种，获取最后一个点的位置，截取
function&nbsp;g','1','0','1','&lt;pre class=&quot;brush:php;toolbar:false&quot;&gt;$file&amp;nbsp;=&amp;nbsp;‘需要进行获取扩展名的文件.php’;

//第一种，根据.拆分,获取最后一个元素的值
function&amp;nbsp;getExt1{
&amp;nbsp;&amp;nbsp;&amp;nbsp;&amp;nbsp;return&amp;nbsp;end(explode(&amp;quot;.&amp;quot;,$file);)
}
//第二种，获取最后一个点的位置，截取
function&amp;nbsp;getExt2{
&amp;nbsp;&amp;nbsp;&amp;nbsp;&amp;nbsp;return&amp;nbsp;substr($file,strrpos($file,&amp;#39;.&amp;#39;)+1);
}
//第三种,根据.拆分,获取最后一个元素的值
function&amp;nbsp;getExt3($file)&amp;nbsp;{
&amp;nbsp;&amp;nbsp;&amp;nbsp;&amp;nbsp;return&amp;nbsp;array_pop(explode(‘.’,$file));&amp;nbsp;
}

//第四种，pathinfo&amp;nbsp;
function&amp;nbsp;getExt5($file)&amp;nbsp;{
&amp;nbsp;&amp;nbsp;&amp;nbsp;&amp;nbsp;$arr&amp;nbsp;=&amp;nbsp;pathinfo($file);
&amp;nbsp;&amp;nbsp;&amp;nbsp;&amp;nbsp;return&amp;nbsp;$arr[&amp;#39;extension&amp;#39;];
&amp;nbsp;&amp;nbsp;&amp;nbsp;&amp;nbsp;//或者这样return&amp;nbsp;pathinfo($file,PATHINFO_EXTENSION);
}
//第五种，正则,子模式
function&amp;nbsp;getExt6$file){
&amp;nbsp;&amp;nbsp;&amp;nbsp;&amp;nbsp;preg_match（&amp;quot;/(gif&amp;nbsp;|&amp;nbsp;jpg&amp;nbsp;|&amp;nbsp;png)$/&amp;quot;,$file,$match）;
&amp;nbsp;&amp;nbsp;&amp;nbsp;&amp;nbsp;$match=$match[0];
}&amp;nbsp;
//第六种，正则反向引用
function&amp;nbsp;getExt7($file){
&amp;nbsp;&amp;nbsp;&amp;nbsp;&amp;nbsp;$match=preg_replace(&amp;quot;/.*\\.(\\w+)/&amp;quot;&amp;nbsp;,&amp;nbsp;&amp;quot;\\\\1&amp;quot;&amp;nbsp;,$file&amp;nbsp;);
&amp;nbsp;&amp;nbsp;&amp;nbsp;&amp;nbsp;echo&amp;nbsp;$match;
}&lt;/pre&gt;&lt;p&gt;&lt;br/&gt;&lt;/p&gt;','0','0','1522720488') [ RunTime:0.0166s ]
SQL: SHOW COLUMNS FROM `lzm_article_tag` [ RunTime:0.0015s ]
SQL: INSERT INTO `lzm_article_tag` (`aid`,`tid`) VALUES ('27','23') [ RunTime:0.0033s ]
SQL: SHOW COLUMNS FROM `lzm_article` [ RunTime:0.0015s ]
SQL: SELECT `aid`,`addtime` FROM `lzm_article` WHERE `is_show` = 1 AND `is_delete` = 0 ORDER BY aid desc  [ RunTime:0.0013s ]
NOTIC: [8] Undefined index: code /data/home/bxu2713680059/htdocs/blog/Application/Admin/Controller/ArticleController.class.php 第 67 行.
INFO: [ view_parse ] --START--
INFO: [ template_filter ] --START--
INFO: Run Behavior\ContentReplaceBehavior [ RunTime:0.000055s ]
INFO: [ template_filter ] --END-- [ RunTime:0.000132s ]
INFO: Run Behavior\ParseTemplateBehavior [ RunTime:0.008332s ]
INFO: [ view_parse ] --END-- [ RunTime:0.008386s ]
INFO: [ view_filter ] --START--
INFO: Run Behavior\WriteHtmlCacheBehavior [ RunTime:0.000294s ]
INFO: [ view_filter ] --END-- [ RunTime:0.000330s ]
INFO: [ app_end ] --START--
INFO: Run Behavior\ShowPageTraceBehavior [ RunTime:0.000727s ]
INFO: [ app_end ] --END-- [ RunTime:0.000796s ]

[ 2018-04-03T09:54:50+08:00 ] 59.51.81.178 /blog/index.php/Admin/Article/index.html
INFO: [ app_init ] --START--
INFO: Run Behavior\BuildLiteBehavior [ RunTime:0.000041s ]
INFO: [ app_init ] --END-- [ RunTime:0.000574s ]
INFO: [ app_begin ] --START--
INFO: Run Behavior\ReadHtmlCacheBehavior [ RunTime:0.000721s ]
INFO: [ app_begin ] --END-- [ RunTime:0.000774s ]
SQL: SHOW COLUMNS FROM `lzm_article` [ RunTime:0.0022s ]
SQL: SELECT COUNT(*) AS tp_count FROM `lzm_article` WHERE `is_delete` = 0 LIMIT 1   [ RunTime:0.0014s ]
SQL: SELECT * FROM `lzm_article` WHERE `is_delete` = 0 ORDER BY addtime desc LIMIT 0,15   [ RunTime:0.0028s ]
SQL: SHOW COLUMNS FROM `lzm_article_tag` [ RunTime:0.0014s ]
SQL: SHOW COLUMNS FROM `lzm_article_tag` [ RunTime:0.0014s ]
SQL: SELECT * FROM `lzm_article_tag` INNER JOIN lzm_tag ON lzm_article_tag.tid=lzm_tag.tid  WHERE `aid` = '27'  [ RunTime:0.0014s ]
SQL: SHOW COLUMNS FROM `lzm_article_pic` [ RunTime:0.0014s ]
SQL: SELECT `path` FROM `lzm_article_pic` WHERE `aid` = 27 ORDER BY ap_id asc LIMIT 1   [ RunTime:0.0013s ]
SQL: SHOW COLUMNS FROM `lzm_category` [ RunTime:0.0014s ]
SQL: SELECT `cid`,`cid`,`cname` FROM `lzm_category` WHERE `cid` = 30  [ RunTime:0.0012s ]
SQL: SELECT * FROM `lzm_article_tag` INNER JOIN lzm_tag ON lzm_article_tag.tid=lzm_tag.tid  WHERE `aid` = '26'  [ RunTime:0.0013s ]
SQL: SELECT `path` FROM `lzm_article_pic` WHERE `aid` = 26 ORDER BY ap_id asc LIMIT 1   [ RunTime:0.0012s ]
SQL: SELECT `cid`,`cid`,`cname` FROM `lzm_category` WHERE `cid` = 30  [ RunTime:0.0012s ]
SQL: SELECT * FROM `lzm_article_tag` INNER JOIN lzm_tag ON lzm_article_tag.tid=lzm_tag.tid  WHERE `aid` = '25'  [ RunTime:0.0013s ]
SQL: SELECT `path` FROM `lzm_article_pic` WHERE `aid` = 25 ORDER BY ap_id asc LIMIT 1   [ RunTime:0.0012s ]
SQL: SELECT `cid`,`cid`,`cname` FROM `lzm_category` WHERE `cid` = 30  [ RunTime:0.0012s ]
SQL: SELECT * FROM `lzm_article_tag` INNER JOIN lzm_tag ON lzm_article_tag.tid=lzm_tag.tid  WHERE `aid` = '24'  [ RunTime:0.0014s ]
SQL: SELECT `path` FROM `lzm_article_pic` WHERE `aid` = 24 ORDER BY ap_id asc LIMIT 1   [ RunTime:0.0012s ]
SQL: SELECT `cid`,`cid`,`cname` FROM `lzm_category` WHERE `cid` = 30  [ RunTime:0.0013s ]
SQL: SELECT * FROM `lzm_article_tag` INNER JOIN lzm_tag ON lzm_article_tag.tid=lzm_tag.tid  WHERE `aid` = '23'  [ RunTime:0.0015s ]
SQL: SELECT `path` FROM `lzm_article_pic` WHERE `aid` = 23 ORDER BY ap_id asc LIMIT 1   [ RunTime:0.0014s ]
SQL: SELECT `cid`,`cid`,`cname` FROM `lzm_category` WHERE `cid` = 30  [ RunTime:0.0012s ]
INFO: [ view_parse ] --START--
INFO: [ template_filter ] --START--
INFO: Run Behavior\ContentReplaceBehavior [ RunTime:0.000061s ]
INFO: [ template_filter ] --END-- [ RunTime:0.000130s ]
INFO: Run Behavior\ParseTemplateBehavior [ RunTime:0.011837s ]
INFO: [ view_parse ] --END-- [ RunTime:0.011905s ]
INFO: [ view_filter ] --START--
INFO: Run Behavior\WriteHtmlCacheBehavior [ RunTime:0.000270s ]
INFO: [ view_filter ] --END-- [ RunTime:0.000308s ]
INFO: [ app_end ] --START--
INFO: Run Behavior\ShowPageTraceBehavior [ RunTime:0.000684s ]
INFO: [ app_end ] --END-- [ RunTime:0.000734s ]

[ 2018-04-03T09:55:08+08:00 ] 59.51.81.178 /blog/index.php/Admin/Article/index.html
INFO: [ app_init ] --START--
INFO: Run Behavior\BuildLiteBehavior [ RunTime:0.000020s ]
INFO: [ app_init ] --END-- [ RunTime:0.000436s ]
INFO: [ app_begin ] --START--
INFO: Run Behavior\ReadHtmlCacheBehavior [ RunTime:0.000627s ]
INFO: [ app_begin ] --END-- [ RunTime:0.000681s ]
SQL: SHOW COLUMNS FROM `lzm_article` [ RunTime:0.0019s ]
SQL: SELECT COUNT(*) AS tp_count FROM `lzm_article` WHERE `is_delete` = 0 LIMIT 1   [ RunTime:0.0015s ]
SQL: SELECT * FROM `lzm_article` WHERE `is_delete` = 0 ORDER BY addtime desc LIMIT 0,15   [ RunTime:0.0032s ]
SQL: SHOW COLUMNS FROM `lzm_article_tag` [ RunTime:0.0015s ]
SQL: SHOW COLUMNS FROM `lzm_article_tag` [ RunTime:0.0015s ]
SQL: SELECT * FROM `lzm_article_tag` INNER JOIN lzm_tag ON lzm_article_tag.tid=lzm_tag.tid  WHERE `aid` = '27'  [ RunTime:0.0013s ]
SQL: SHOW COLUMNS FROM `lzm_article_pic` [ RunTime:0.0015s ]
SQL: SELECT `path` FROM `lzm_article_pic` WHERE `aid` = 27 ORDER BY ap_id asc LIMIT 1   [ RunTime:0.0013s ]
SQL: SHOW COLUMNS FROM `lzm_category` [ RunTime:0.0016s ]
SQL: SELECT `cid`,`cid`,`cname` FROM `lzm_category` WHERE `cid` = 30  [ RunTime:0.0014s ]
SQL: SELECT * FROM `lzm_article_tag` INNER JOIN lzm_tag ON lzm_article_tag.tid=lzm_tag.tid  WHERE `aid` = '26'  [ RunTime:0.0014s ]
SQL: SELECT `path` FROM `lzm_article_pic` WHERE `aid` = 26 ORDER BY ap_id asc LIMIT 1   [ RunTime:0.0014s ]
SQL: SELECT `cid`,`cid`,`cname` FROM `lzm_category` WHERE `cid` = 30  [ RunTime:0.0013s ]
SQL: SELECT * FROM `lzm_article_tag` INNER JOIN lzm_tag ON lzm_article_tag.tid=lzm_tag.tid  WHERE `aid` = '25'  [ RunTime:0.0013s ]
SQL: SELECT `path` FROM `lzm_article_pic` WHERE `aid` = 25 ORDER BY ap_id asc LIMIT 1   [ RunTime:0.0013s ]
SQL: SELECT `cid`,`cid`,`cname` FROM `lzm_category` WHERE `cid` = 30  [ RunTime:0.0014s ]
SQL: SELECT * FROM `lzm_article_tag` INNER JOIN lzm_tag ON lzm_article_tag.tid=lzm_tag.tid  WHERE `aid` = '24'  [ RunTime:0.0013s ]
SQL: SELECT `path` FROM `lzm_article_pic` WHERE `aid` = 24 ORDER BY ap_id asc LIMIT 1   [ RunTime:0.0014s ]
SQL: SELECT `cid`,`cid`,`cname` FROM `lzm_category` WHERE `cid` = 30  [ RunTime:0.0014s ]
SQL: SELECT * FROM `lzm_article_tag` INNER JOIN lzm_tag ON lzm_article_tag.tid=lzm_tag.tid  WHERE `aid` = '23'  [ RunTime:0.0013s ]
SQL: SELECT `path` FROM `lzm_article_pic` WHERE `aid` = 23 ORDER BY ap_id asc LIMIT 1   [ RunTime:0.0014s ]
SQL: SELECT `cid`,`cid`,`cname` FROM `lzm_category` WHERE `cid` = 30  [ RunTime:0.0014s ]
INFO: [ view_parse ] --START--
INFO: [ template_filter ] --START--
INFO: Run Behavior\ContentReplaceBehavior [ RunTime:0.000060s ]
INFO: [ template_filter ] --END-- [ RunTime:0.000119s ]
INFO: Run Behavior\ParseTemplateBehavior [ RunTime:0.011231s ]
INFO: [ view_parse ] --END-- [ RunTime:0.011294s ]
INFO: [ view_filter ] --START--
INFO: Run Behavior\WriteHtmlCacheBehavior [ RunTime:0.000291s ]
INFO: [ view_filter ] --END-- [ RunTime:0.000357s ]
INFO: [ app_end ] --START--
INFO: Run Behavior\ShowPageTraceBehavior [ RunTime:0.000628s ]
INFO: [ app_end ] --END-- [ RunTime:0.000710s ]

[ 2018-04-03T09:55:13+08:00 ] 59.51.81.178 /blog/index.php/Admin/Article/edit/aid/27.html
INFO: [ app_init ] --START--
INFO: Run Behavior\BuildLiteBehavior [ RunTime:0.000022s ]
INFO: [ app_init ] --END-- [ RunTime:0.000455s ]
INFO: [ app_begin ] --START--
INFO: Run Behavior\ReadHtmlCacheBehavior [ RunTime:0.000551s ]
INFO: [ app_begin ] --END-- [ RunTime:0.000606s ]
SQL: SHOW COLUMNS FROM `lzm_article` [ RunTime:0.0020s ]
SQL: SELECT * FROM `lzm_article` WHERE `aid` = 27 LIMIT 1   [ RunTime:0.0015s ]
SQL: SHOW COLUMNS FROM `lzm_article_tag` [ RunTime:0.0016s ]
SQL: SELECT `tid` FROM `lzm_article_tag` WHERE `aid` = 27  [ RunTime:0.0014s ]
SQL: SHOW COLUMNS FROM `lzm_article_tag` [ RunTime:0.0016s ]
SQL: SELECT * FROM `lzm_article_tag` INNER JOIN lzm_tag ON lzm_article_tag.tid=lzm_tag.tid  WHERE `aid` = '27'  [ RunTime:0.0014s ]
SQL: SHOW COLUMNS FROM `lzm_category` [ RunTime:0.0016s ]
SQL: SELECT `cid`,`cid`,`cname`,`keywords` FROM `lzm_category` WHERE `cid` = 30  [ RunTime:0.0014s ]
SQL: SELECT * FROM `lzm_category` ORDER BY sort  [ RunTime:0.0014s ]
SQL: SHOW COLUMNS FROM `lzm_tag` [ RunTime:0.0016s ]
SQL: SELECT * FROM `lzm_tag`  [ RunTime:0.0014s ]
SQL: SHOW COLUMNS FROM `lzm_article_tag` [ RunTime:0.0015s ]
SQL: SELECT COUNT(*) AS tp_count FROM `lzm_article_tag` WHERE `tid` = 21 LIMIT 1   [ RunTime:0.0014s ]
SQL: SELECT COUNT(*) AS tp_count FROM `lzm_article_tag` WHERE `tid` = 22 LIMIT 1   [ RunTime:0.0014s ]
SQL: SELECT COUNT(*) AS tp_count FROM `lzm_article_tag` WHERE `tid` = 23 LIMIT 1   [ RunTime:0.0015s ]
INFO: [ view_parse ] --START--
INFO: [ template_filter ] --START--
INFO: Run Behavior\ContentReplaceBehavior [ RunTime:0.000108s ]
INFO: [ template_filter ] --END-- [ RunTime:0.000175s ]
INFO: Run Behavior\ParseTemplateBehavior [ RunTime:0.012696s ]
INFO: [ view_parse ] --END-- [ RunTime:0.012756s ]
INFO: [ view_filter ] --START--
INFO: Run Behavior\WriteHtmlCacheBehavior [ RunTime:0.000386s ]
INFO: [ view_filter ] --END-- [ RunTime:0.000423s ]
INFO: [ app_end ] --START--
INFO: Run Behavior\ShowPageTraceBehavior [ RunTime:0.000717s ]
INFO: [ app_end ] --END-- [ RunTime:0.000764s ]

[ 2018-04-03T09:55:33+08:00 ] 59.51.81.178 /blog/index.php/Admin/Article/edit/aid/27.html
INFO: [ app_init ] --START--
INFO: Run Behavior\BuildLiteBehavior [ RunTime:0.000024s ]
INFO: [ app_init ] --END-- [ RunTime:0.000665s ]
INFO: [ app_begin ] --START--
INFO: Run Behavior\ReadHtmlCacheBehavior [ RunTime:0.000696s ]
INFO: [ app_begin ] --END-- [ RunTime:0.000762s ]
SQL: SHOW COLUMNS FROM `lzm_article` [ RunTime:0.0021s ]
SQL: UPDATE `lzm_article` SET `aid`='27',`cid`='30',`title`='PHP获取文件扩展名方法',`author`='爵特猛',`keywords`='PHP,文件,扩展名',`description`='$file = ‘需要进行获取扩展名的文件.php’;

//第一种，根据.拆分,获取最后一个元素的值
function getExt1{
    return end(explode(&quot;.&quot;,$file);)
}
//第二种，获取最后一个点的位置，截取
function g',`is_original`='1',`is_top`='0',`is_show`='1',`content`='&lt;pre class=&quot;brush:php;toolbar:false&quot;&gt;$file&amp;nbsp;=&amp;nbsp;‘需要进行获取扩展名的文件.php’;

//第一种，根据.拆分,获取最后一个元素的值
function&amp;nbsp;getExt1{
&amp;nbsp;&amp;nbsp;&amp;nbsp;&amp;nbsp;return&amp;nbsp;end(explode(&amp;quot;.&amp;quot;,$file);)
}
//第二种，获取最后一个点的位置，截取
function&amp;nbsp;getExt2{
&amp;nbsp;&amp;nbsp;&amp;nbsp;&amp;nbsp;return&amp;nbsp;substr($file,strrpos($file,&amp;#39;.&amp;#39;)+1);
}
//第三种,根据.拆分,获取最后一个元素的值
function&amp;nbsp;getExt3($file)&amp;nbsp;{
&amp;nbsp;&amp;nbsp;&amp;nbsp;&amp;nbsp;return&amp;nbsp;array_pop(explode(‘.’,$file));&amp;nbsp;
}

//第四种，pathinfo&amp;nbsp;
function&amp;nbsp;getExt5($file)&amp;nbsp;{
&amp;nbsp;&amp;nbsp;&amp;nbsp;&amp;nbsp;$arr&amp;nbsp;=&amp;nbsp;pathinfo($file);
&amp;nbsp;&amp;nbsp;&amp;nbsp;&amp;nbsp;return&amp;nbsp;$arr[&amp;#39;extension&amp;#39;];
&amp;nbsp;&amp;nbsp;&amp;nbsp;&amp;nbsp;//或者这样return&amp;nbsp;pathinfo($file,PATHINFO_EXTENSION);
}
//第五种，正则,子模式
function&amp;nbsp;getExt6$file){
&amp;nbsp;&amp;nbsp;&amp;nbsp;&amp;nbsp;preg_match（&amp;quot;/(gif&amp;nbsp;|&amp;nbsp;jpg&amp;nbsp;|&amp;nbsp;png)$/&amp;quot;,$file,$match）;
&amp;nbsp;&amp;nbsp;&amp;nbsp;&amp;nbsp;$match=$match[0];
}&amp;nbsp;
//第六种，正则反向引用
function&amp;nbsp;getExt7($file){
&amp;nbsp;&amp;nbsp;&amp;nbsp;&amp;nbsp;$match=preg_replace(&amp;quot;/.*\\.(\\w+)/&amp;quot;&amp;nbsp;,&amp;nbsp;&amp;quot;\\\\1&amp;quot;&amp;nbsp;,$file&amp;nbsp;);
&amp;nbsp;&amp;nbsp;&amp;nbsp;&amp;nbsp;echo&amp;nbsp;$match;
}&lt;/pre&gt;&lt;p&gt;&lt;img src=&quot;/blog/Upload/image/ueditor/20180403/1522720521257357.png&quot; title=&quot;爵特猛&quot; alt=&quot;爵特猛&quot;/&gt;&lt;/p&gt;' WHERE `aid` = 27 [ RunTime:0.0120s ]
SQL: SHOW COLUMNS FROM `lzm_article_tag` [ RunTime:0.0015s ]
SQL: DELETE FROM `lzm_article_tag` WHERE `aid` = 27 [ RunTime:0.0100s ]
SQL: INSERT INTO `lzm_article_tag` (`aid`,`tid`) VALUES ('27','23') [ RunTime:0.0060s ]
SQL: SHOW COLUMNS FROM `lzm_article_pic` [ RunTime:0.0016s ]
SQL: DELETE FROM `lzm_article_pic` WHERE `aid` = 27 [ RunTime:0.0013s ]
SQL: INSERT INTO `lzm_article_pic` (`aid`,`path`) VALUES ('27','/Upload/image/ueditor/20180403/1522720521257357.png') [ RunTime:0.0048s ]
INFO: [ view_parse ] --START--
INFO: [ template_filter ] --START--
INFO: Run Behavior\ContentReplaceBehavior [ RunTime:0.000056s ]
INFO: [ template_filter ] --END-- [ RunTime:0.000151s ]
INFO: Run Behavior\ParseTemplateBehavior [ RunTime:0.007569s ]
INFO: [ view_parse ] --END-- [ RunTime:0.007645s ]
INFO: [ view_filter ] --START--
INFO: Run Behavior\WriteHtmlCacheBehavior [ RunTime:0.000379s ]
INFO: [ view_filter ] --END-- [ RunTime:0.000425s ]
INFO: [ app_end ] --START--
INFO: Run Behavior\ShowPageTraceBehavior [ RunTime:0.000764s ]
INFO: [ app_end ] --END-- [ RunTime:0.000810s ]

[ 2018-04-03T09:55:35+08:00 ] 59.51.81.178 /blog/index.php/Admin/Article/edit/aid/27.html
INFO: [ app_init ] --START--
INFO: Run Behavior\BuildLiteBehavior [ RunTime:0.000023s ]
INFO: [ app_init ] --END-- [ RunTime:0.000474s ]
INFO: [ app_begin ] --START--
INFO: Run Behavior\ReadHtmlCacheBehavior [ RunTime:0.000585s ]
INFO: [ app_begin ] --END-- [ RunTime:0.000642s ]
SQL: SHOW COLUMNS FROM `lzm_article` [ RunTime:0.0019s ]
SQL: SELECT * FROM `lzm_article` WHERE `aid` = 27 LIMIT 1   [ RunTime:0.0014s ]
SQL: SHOW COLUMNS FROM `lzm_article_tag` [ RunTime:0.0014s ]
SQL: SELECT `tid` FROM `lzm_article_tag` WHERE `aid` = 27  [ RunTime:0.0012s ]
SQL: SHOW COLUMNS FROM `lzm_article_tag` [ RunTime:0.0015s ]
SQL: SELECT * FROM `lzm_article_tag` INNER JOIN lzm_tag ON lzm_article_tag.tid=lzm_tag.tid  WHERE `aid` = '27'  [ RunTime:0.0027s ]
SQL: SHOW COLUMNS FROM `lzm_category` [ RunTime:0.0015s ]
SQL: SELECT `cid`,`cid`,`cname`,`keywords` FROM `lzm_category` WHERE `cid` = 30  [ RunTime:0.0012s ]
SQL: SELECT * FROM `lzm_category` ORDER BY sort  [ RunTime:0.0012s ]
SQL: SHOW COLUMNS FROM `lzm_tag` [ RunTime:0.0014s ]
SQL: SELECT * FROM `lzm_tag`  [ RunTime:0.0017s ]
SQL: SHOW COLUMNS FROM `lzm_article_tag` [ RunTime:0.0024s ]
SQL: SELECT COUNT(*) AS tp_count FROM `lzm_article_tag` WHERE `tid` = 21 LIMIT 1   [ RunTime:0.0013s ]
SQL: SELECT COUNT(*) AS tp_count FROM `lzm_article_tag` WHERE `tid` = 22 LIMIT 1   [ RunTime:0.0026s ]
SQL: SELECT COUNT(*) AS tp_count FROM `lzm_article_tag` WHERE `tid` = 23 LIMIT 1   [ RunTime:0.0013s ]
INFO: [ view_parse ] --START--
INFO: [ template_filter ] --START--
INFO: Run Behavior\ContentReplaceBehavior [ RunTime:0.000080s ]
INFO: [ template_filter ] --END-- [ RunTime:0.000146s ]
INFO: Run Behavior\ParseTemplateBehavior [ RunTime:0.011385s ]
INFO: [ view_parse ] --END-- [ RunTime:0.011437s ]
INFO: [ view_filter ] --START--
INFO: Run Behavior\WriteHtmlCacheBehavior [ RunTime:0.000287s ]
INFO: [ view_filter ] --END-- [ RunTime:0.000323s ]
INFO: [ app_end ] --START--
INFO: Run Behavior\ShowPageTraceBehavior [ RunTime:0.000687s ]
INFO: [ app_end ] --END-- [ RunTime:0.000733s ]

[ 2018-04-03T09:55:49+08:00 ] 101.71.55.90 /blog/index.php/Admin/Article/index.html
INFO: [ app_init ] --START--
INFO: Run Behavior\BuildLiteBehavior [ RunTime:0.000022s ]
INFO: [ app_init ] --END-- [ RunTime:0.000443s ]
INFO: [ app_begin ] --START--
INFO: Run Behavior\ReadHtmlCacheBehavior [ RunTime:0.000595s ]
INFO: [ app_begin ] --END-- [ RunTime:0.000665s ]
SQL: SHOW COLUMNS FROM `lzm_oauth_user` [ RunTime:0.0018s ]
SQL: SELECT COUNT(*) AS tp_count FROM `lzm_oauth_user` WHERE `is_admin` = 1 LIMIT 1   [ RunTime:0.0012s ]

[ 2018-04-03T09:56:12+08:00 ] 101.71.55.100 /blog/index.php/Admin/Article/edit/aid/27.html
INFO: [ app_init ] --START--
INFO: Run Behavior\BuildLiteBehavior [ RunTime:0.000022s ]
INFO: [ app_init ] --END-- [ RunTime:0.000629s ]
INFO: [ app_begin ] --START--
INFO: Run Behavior\ReadHtmlCacheBehavior [ RunTime:0.000654s ]
INFO: [ app_begin ] --END-- [ RunTime:0.000715s ]
SQL: SHOW COLUMNS FROM `lzm_oauth_user` [ RunTime:0.0020s ]
SQL: SELECT COUNT(*) AS tp_count FROM `lzm_oauth_user` WHERE `is_admin` = 1 LIMIT 1   [ RunTime:0.0015s ]

[ 2018-04-03T09:57:33+08:00 ] 59.51.81.178 /blog/index.php/Admin/Article/edit/aid/27.html
INFO: [ app_init ] --START--
INFO: Run Behavior\BuildLiteBehavior [ RunTime:0.000023s ]
INFO: [ app_init ] --END-- [ RunTime:0.000436s ]
INFO: [ app_begin ] --START--
INFO: Run Behavior\ReadHtmlCacheBehavior [ RunTime:0.000640s ]
INFO: [ app_begin ] --END-- [ RunTime:0.000704s ]
SQL: SHOW COLUMNS FROM `lzm_article` [ RunTime:0.0019s ]
SQL: UPDATE `lzm_article` SET `aid`='27',`cid`='30',`title`='PHP获取文件扩展名方法',`author`='爵特猛',`keywords`='PHP,文件,扩展名',`description`='$file = ‘需要进行获取扩展名的文件.php’;

//第一种，根据.拆分,获取最后一个元素的值
function getExt1{
    return end(explode(&quot;.&quot;,$file);)
}
//第二种，获取最后一个点的位置，截取
function g',`is_original`='1',`is_top`='0',`is_show`='1',`content`='&lt;pre class=&quot;brush:php;toolbar:false&quot;&gt;$file&amp;nbsp;=&amp;nbsp;‘需要进行获取扩展名的文件.php’;

//第一种，根据.拆分,获取最后一个元素的值
function&amp;nbsp;getExt1($file)&amp;nbsp;{
&amp;nbsp;&amp;nbsp;&amp;nbsp;&amp;nbsp;return&amp;nbsp;end(explode(&amp;quot;.&amp;quot;,$file);)
}
//第二种，获取最后一个点的位置，截取
function&amp;nbsp;getExt2($file)&amp;nbsp;{
&amp;nbsp;&amp;nbsp;&amp;nbsp;&amp;nbsp;return&amp;nbsp;substr($file,strrpos($file,&amp;#39;.&amp;#39;)+1);
}
//第三种,根据.拆分,获取最后一个元素的值
function&amp;nbsp;getExt3($file)&amp;nbsp;{
&amp;nbsp;&amp;nbsp;&amp;nbsp;&amp;nbsp;return&amp;nbsp;array_pop(explode(‘.’,$file));&amp;nbsp;
}

//第四种，pathinfo&amp;nbsp;
function&amp;nbsp;getExt5($file)&amp;nbsp;{
&amp;nbsp;&amp;nbsp;&amp;nbsp;&amp;nbsp;$arr&amp;nbsp;=&amp;nbsp;pathinfo($file);
&amp;nbsp;&amp;nbsp;&amp;nbsp;&amp;nbsp;return&amp;nbsp;$arr[&amp;#39;extension&amp;#39;];
&amp;nbsp;&amp;nbsp;&amp;nbsp;&amp;nbsp;//或者这样return&amp;nbsp;pathinfo($file,PATHINFO_EXTENSION);
}
//第五种，正则,子模式
function&amp;nbsp;getExt6$file){
&amp;nbsp;&amp;nbsp;&amp;nbsp;&amp;nbsp;preg_match（&amp;quot;/(gif&amp;nbsp;|&amp;nbsp;jpg&amp;nbsp;|&amp;nbsp;png)$/&amp;quot;,$file,$match）;
&amp;nbsp;&amp;nbsp;&amp;nbsp;&amp;nbsp;$match=$match[0];
}&amp;nbsp;
//第六种，正则反向引用
function&amp;nbsp;getExt7($file){
&amp;nbsp;&amp;nbsp;&amp;nbsp;&amp;nbsp;$match=preg_replace(&amp;quot;/.*\\.(\\w+)/&amp;quot;&amp;nbsp;,&amp;nbsp;&amp;quot;\\\\1&amp;quot;&amp;nbsp;,$file&amp;nbsp;);
&amp;nbsp;&amp;nbsp;&amp;nbsp;&amp;nbsp;echo&amp;nbsp;$match;
}&lt;/pre&gt;&lt;p&gt;&lt;img src=&quot;/blog/Upload/image/ueditor/20180403/1522720521257357.png&quot; title=&quot;爵特猛&quot; alt=&quot;爵特猛&quot;/&gt;&lt;/p&gt;' WHERE `aid` = 27 [ RunTime:0.0053s ]
SQL: SHOW COLUMNS FROM `lzm_article_tag` [ RunTime:0.0016s ]
SQL: DELETE FROM `lzm_article_tag` WHERE `aid` = 27 [ RunTime:0.0035s ]
SQL: INSERT INTO `lzm_article_tag` (`aid`,`tid`) VALUES ('27','23') [ RunTime:0.0034s ]
SQL: SHOW COLUMNS FROM `lzm_article_pic` [ RunTime:0.0026s ]
SQL: DELETE FROM `lzm_article_pic` WHERE `aid` = 27 [ RunTime:0.0039s ]
SQL: INSERT INTO `lzm_article_pic` (`aid`,`path`) VALUES ('27','/Upload/image/ueditor/20180403/1522720521257357.png') [ RunTime:0.0055s ]
INFO: [ view_parse ] --START--
INFO: [ template_filter ] --START--
INFO: Run Behavior\ContentReplaceBehavior [ RunTime:0.000058s ]
INFO: [ template_filter ] --END-- [ RunTime:0.000157s ]
INFO: Run Behavior\ParseTemplateBehavior [ RunTime:0.007438s ]
INFO: [ view_parse ] --END-- [ RunTime:0.007488s ]
INFO: [ view_filter ] --START--
INFO: Run Behavior\WriteHtmlCacheBehavior [ RunTime:0.000352s ]
INFO: [ view_filter ] --END-- [ RunTime:0.000409s ]
INFO: [ app_end ] --START--
INFO: Run Behavior\ShowPageTraceBehavior [ RunTime:0.000696s ]
INFO: [ app_end ] --END-- [ RunTime:0.000771s ]

[ 2018-04-03T09:57:34+08:00 ] 59.51.81.178 /blog/index.php/Admin/Article/edit/aid/27.html
INFO: [ app_init ] --START--
INFO: Run Behavior\BuildLiteBehavior [ RunTime:0.000024s ]
INFO: [ app_init ] --END-- [ RunTime:0.000521s ]
INFO: [ app_begin ] --START--
INFO: Run Behavior\ReadHtmlCacheBehavior [ RunTime:0.000591s ]
INFO: [ app_begin ] --END-- [ RunTime:0.000671s ]
SQL: SHOW COLUMNS FROM `lzm_article` [ RunTime:0.0020s ]
SQL: SELECT * FROM `lzm_article` WHERE `aid` = 27 LIMIT 1   [ RunTime:0.0017s ]
SQL: SHOW COLUMNS FROM `lzm_article_tag` [ RunTime:0.0016s ]
SQL: SELECT `tid` FROM `lzm_article_tag` WHERE `aid` = 27  [ RunTime:0.0015s ]
SQL: SHOW COLUMNS FROM `lzm_article_tag` [ RunTime:0.0022s ]
SQL: SELECT * FROM `lzm_article_tag` INNER JOIN lzm_tag ON lzm_article_tag.tid=lzm_tag.tid  WHERE `aid` = '27'  [ RunTime:0.0016s ]
SQL: SHOW COLUMNS FROM `lzm_category` [ RunTime:0.0017s ]
SQL: SELECT `cid`,`cid`,`cname`,`keywords` FROM `lzm_category` WHERE `cid` = 30  [ RunTime:0.0014s ]
SQL: SELECT * FROM `lzm_category` ORDER BY sort  [ RunTime:0.0014s ]
SQL: SHOW COLUMNS FROM `lzm_tag` [ RunTime:0.0016s ]
SQL: SELECT * FROM `lzm_tag`  [ RunTime:0.0015s ]
SQL: SHOW COLUMNS FROM `lzm_article_tag` [ RunTime:0.0016s ]
SQL: SELECT COUNT(*) AS tp_count FROM `lzm_article_tag` WHERE `tid` = 21 LIMIT 1   [ RunTime:0.0016s ]
SQL: SELECT COUNT(*) AS tp_count FROM `lzm_article_tag` WHERE `tid` = 22 LIMIT 1   [ RunTime:0.0015s ]
SQL: SELECT COUNT(*) AS tp_count FROM `lzm_article_tag` WHERE `tid` = 23 LIMIT 1   [ RunTime:0.0015s ]
INFO: [ view_parse ] --START--
INFO: [ template_filter ] --START--
INFO: Run Behavior\ContentReplaceBehavior [ RunTime:0.000078s ]
INFO: [ template_filter ] --END-- [ RunTime:0.000147s ]
INFO: Run Behavior\ParseTemplateBehavior [ RunTime:0.011975s ]
INFO: [ view_parse ] --END-- [ RunTime:0.012028s ]
INFO: [ view_filter ] --START--
INFO: Run Behavior\WriteHtmlCacheBehavior [ RunTime:0.000317s ]
INFO: [ view_filter ] --END-- [ RunTime:0.000354s ]
INFO: [ app_end ] --START--
INFO: Run Behavior\ShowPageTraceBehavior [ RunTime:0.000690s ]
INFO: [ app_end ] --END-- [ RunTime:0.000739s ]

[ 2018-04-03T09:58:19+08:00 ] 59.51.81.178 /blog/index.php/Admin/Admin/index.html
INFO: [ app_init ] --START--
INFO: Run Behavior\BuildLiteBehavior [ RunTime:0.000020s ]
INFO: [ app_init ] --END-- [ RunTime:0.000482s ]
INFO: [ app_begin ] --START--
INFO: Run Behavior\ReadHtmlCacheBehavior [ RunTime:0.000743s ]
INFO: [ app_begin ] --END-- [ RunTime:0.000824s ]
SQL: SHOW COLUMNS FROM `lzm_admin` [ RunTime:0.0022s ]
SQL: SELECT * FROM `lzm_admin`  [ RunTime:0.0016s ]
INFO: [ view_parse ] --START--
INFO: [ template_filter ] --START--
INFO: Run Behavior\ContentReplaceBehavior [ RunTime:0.000065s ]
INFO: [ template_filter ] --END-- [ RunTime:0.000133s ]
NOTIC: [8] Undefined index: is_admin /data/home/bxu2713680059/htdocs/blog/Runtime/Cache/Admin/4d8324af19d98ad4d454de3b3e0d7e82.php 第 35 行.
NOTIC: [8] Undefined index: is_admin /data/home/bxu2713680059/htdocs/blog/Runtime/Cache/Admin/4d8324af19d98ad4d454de3b3e0d7e82.php 第 35 行.
NOTIC: [8] Undefined variable: page /data/home/bxu2713680059/htdocs/blog/Runtime/Cache/Admin/4d8324af19d98ad4d454de3b3e0d7e82.php 第 40 行.
INFO: Run Behavior\ParseTemplateBehavior [ RunTime:0.011733s ]
INFO: [ view_parse ] --END-- [ RunTime:0.011796s ]
INFO: [ view_filter ] --START--
INFO: Run Behavior\WriteHtmlCacheBehavior [ RunTime:0.000317s ]
INFO: [ view_filter ] --END-- [ RunTime:0.000358s ]
INFO: [ app_end ] --START--
INFO: Run Behavior\ShowPageTraceBehavior [ RunTime:0.000985s ]
INFO: [ app_end ] --END-- [ RunTime:0.001071s ]

[ 2018-04-03T09:58:20+08:00 ] 59.51.81.178 /blog/index.php/Admin/Config/index.html
INFO: [ app_init ] --START--
INFO: Run Behavior\BuildLiteBehavior [ RunTime:0.000022s ]
INFO: [ app_init ] --END-- [ RunTime:0.000475s ]
INFO: [ app_begin ] --START--
INFO: Run Behavior\ReadHtmlCacheBehavior [ RunTime:0.000605s ]
INFO: [ app_begin ] --END-- [ RunTime:0.000660s ]
SQL: SHOW COLUMNS FROM `lzm_config` [ RunTime:0.0020s ]
SQL: SELECT `name`,`value` FROM `lzm_config`  [ RunTime:0.0018s ]
INFO: [ view_parse ] --START--
INFO: [ template_filter ] --START--
INFO: Run Behavior\ContentReplaceBehavior [ RunTime:0.000198s ]
INFO: [ template_filter ] --END-- [ RunTime:0.000325s ]
INFO: Run Behavior\ParseTemplateBehavior [ RunTime:0.020941s ]
INFO: [ view_parse ] --END-- [ RunTime:0.021000s ]
INFO: [ view_filter ] --START--
INFO: Run Behavior\WriteHtmlCacheBehavior [ RunTime:0.000462s ]
INFO: [ view_filter ] --END-- [ RunTime:0.000500s ]
INFO: [ app_end ] --START--
INFO: Run Behavior\ShowPageTraceBehavior [ RunTime:0.000715s ]
INFO: [ app_end ] --END-- [ RunTime:0.000767s ]

[ 2018-04-03T09:58:31+08:00 ] 59.51.81.178 /blog/index.php/Admin/Config/index.html
INFO: [ app_init ] --START--
INFO: Run Behavior\BuildLiteBehavior [ RunTime:0.000024s ]
INFO: [ app_init ] --END-- [ RunTime:0.000504s ]
INFO: [ app_begin ] --START--
INFO: Run Behavior\ReadHtmlCacheBehavior [ RunTime:0.000581s ]
INFO: [ app_begin ] --END-- [ RunTime:0.000649s ]
SQL: SHOW COLUMNS FROM `lzm_config` [ RunTime:0.0021s ]
SQL: UPDATE `lzm_config` SET `value`='1' WHERE `name` = 'WEB_STATUS' [ RunTime:0.0055s ]
SQL: UPDATE `lzm_config` SET `value`='网站升级中，请稍后访问。' WHERE `name` = 'WEB_CLOSE_WORD' [ RunTime:0.0037s ]
SQL: UPDATE `lzm_config` SET `value`='桂ICP备17006323号-1' WHERE `name` = 'WEB_ICP_NUMBER' [ RunTime:0.0036s ]
SQL: UPDATE `lzm_config` SET `value`='1240876905@qq.com' WHERE `name` = 'ADMIN_EMAIL' [ RunTime:0.0039s ]
SQL: UPDATE `lzm_config` SET `value`='爵特猛个人博客' WHERE `name` = 'WEB_NAME' [ RunTime:0.0039s ]
SQL: UPDATE `lzm_config` SET `value`='爵特猛,帅白,技术博客,个人博客,lzm，李正猛' WHERE `name` = 'WEB_KEYWORDS' [ RunTime:0.0039s ]
SQL: UPDATE `lzm_config` SET `value`='爵特猛的个人技术博客,lzm官方网站，南宁PHP程序员，南宁猿' WHERE `name` = 'WEB_DESCRIPTION' [ RunTime:0.0036s ]
SQL: UPDATE `lzm_config` SET `value`='爵特猛' WHERE `name` = 'AUTHOR' [ RunTime:0.0039s ]
SQL: UPDATE `lzm_config` SET `value`='本文为爵特猛原创文章,转载无需和我联系,但请注明来自爵特猛博客www.lizhengmeng.club' WHERE `name` = 'COPYRIGHT_WORD' [ RunTime:0.0038s ]
SQL: UPDATE `lzm_config` SET `value`='爵特猛' WHERE `name` = 'IMAGE_TITLE_ALT_WORD' [ RunTime:0.0036s ]
SQL: UPDATE `lzm_config` SET `value`='1' WHERE `name` = 'WATER_TYPE' [ RunTime:0.0038s ]
SQL: UPDATE `lzm_config` SET `value`='www.lizhengmeng.club' WHERE `name` = 'TEXT_WATER_WORD' [ RunTime:0.0039s ]
SQL: UPDATE `lzm_config` SET `value`='./Public/static/font/ariali.ttf' WHERE `name` = 'TEXT_WATER_TTF_PTH' [ RunTime:0.0038s ]
SQL: UPDATE `lzm_config` SET `value`='15' WHERE `name` = 'TEXT_WATER_FONT_SIZE' [ RunTime:0.0038s ]
SQL: UPDATE `lzm_config` SET `value`='#5ea8fb' WHERE `name` = 'TEXT_WATER_COLOR' [ RunTime:0.0037s ]
SQL: UPDATE `lzm_config` SET `value`='0' WHERE `name` = 'TEXT_WATER_ANGLE' [ RunTime:0.0047s ]
SQL: UPDATE `lzm_config` SET `value`='9' WHERE `name` = 'TEXT_WATER_LOCATE' [ RunTime:0.0044s ]
SQL: UPDATE `lzm_config` SET `value`='./Upload/image/logo/logo.png' WHERE `name` = 'IMAGE_WATER_PIC_PTAH' [ RunTime:0.0038s ]
SQL: UPDATE `lzm_config` SET `value`='9' WHERE `name` = 'IMAGE_WATER_LOCATE' [ RunTime:0.0037s ]
SQL: UPDATE `lzm_config` SET `value`='50' WHERE `name` = 'IMAGE_WATER_ALPHA' [ RunTime:0.0038s ]
SQL: UPDATE `lzm_config` SET `value`='' WHERE `name` = 'QQ_APP_ID' [ RunTime:0.0037s ]
SQL: UPDATE `lzm_config` SET `value`='' WHERE `name` = 'QQ_APP_KEY' [ RunTime:0.0038s ]
SQL: UPDATE `lzm_config` SET `value`='2214965598' WHERE `name` = 'SINA_API_KEY' [ RunTime:0.0037s ]
SQL: UPDATE `lzm_config` SET `value`='0db7c19eace92d66787ea248c62e6725' WHERE `name` = 'SINA_SECRET' [ RunTime:0.0036s ]
SQL: UPDATE `lzm_config` SET `value`='' WHERE `name` = 'DOUBAN_API_KEY' [ RunTime:0.0037s ]
SQL: UPDATE `lzm_config` SET `value`='' WHERE `name` = 'DOUBAN_SECRET' [ RunTime:0.0039s ]
SQL: UPDATE `lzm_config` SET `value`='' WHERE `name` = 'RENREN_API_KEY' [ RunTime:0.0039s ]
SQL: UPDATE `lzm_config` SET `value`='' WHERE `name` = 'RENREN_SECRET' [ RunTime:0.0036s ]
SQL: UPDATE `lzm_config` SET `value`='' WHERE `name` = 'KAIXIN_API_KEY' [ RunTime:0.0044s ]
SQL: UPDATE `lzm_config` SET `value`='' WHERE `name` = 'KAIXIN_SECRET' [ RunTime:0.0039s ]
SQL: UPDATE `lzm_config` SET `value`='' WHERE `name` = 'GITHUB_CLIENT_ID' [ RunTime:0.0040s ]
SQL: UPDATE `lzm_config` SET `value`='' WHERE `name` = 'GITHUB_CLIENT_SECRET' [ RunTime:0.0038s ]
SQL: UPDATE `lzm_config` SET `value`='' WHERE `name` = 'SOHU_API_KEY' [ RunTime:0.0040s ]
SQL: UPDATE `lzm_config` SET `value`='' WHERE `name` = 'SOHU_SECRET' [ RunTime:0.0037s ]
SQL: UPDATE `lzm_config` SET `value`='http://data.zz.baidu.com/urls?site=www.lizhengmeng.club&amp;token=C5mkqCDAkColc1am' WHERE `name` = 'BAIDU_SITE_URL' [ RunTime:0.0036s ]
SQL: UPDATE `lzm_config` SET `value`='' WHERE `name` = 'WEB_STATISTICS' [ RunTime:0.0036s ]
SQL: UPDATE `lzm_config` SET `value`='' WHERE `name` = 'EMAIL_SMTP' [ RunTime:0.0036s ]
SQL: UPDATE `lzm_config` SET `value`='' WHERE `name` = 'EMAIL_USERNAME' [ RunTime:0.0038s ]
SQL: UPDATE `lzm_config` SET `value`='' WHERE `name` = 'EMAIL_PASSWORD' [ RunTime:0.0038s ]
SQL: UPDATE `lzm_config` SET `value`='' WHERE `name` = 'EMAIL_FROM_NAME' [ RunTime:0.0035s ]
SQL: UPDATE `lzm_config` SET `value`='1' WHERE `name` = 'COMMENT_REVIEW' [ RunTime:0.0049s ]
SQL: UPDATE `lzm_config` SET `value`='0' WHERE `name` = 'COMMENT_SEND_EMAIL' [ RunTime:0.0040s ]
SQL: UPDATE `lzm_config` SET `value`='1240876905@qq.com' WHERE `name` = 'EMAIL_RECEIVE' [ RunTime:0.0038s ]
NOTIC: [8] Undefined index: CHANGYAN_COMMENT /data/home/bxu2713680059/htdocs/blog/Application/Common/Model/ConfigModel.class.php 第 26 行.
INFO: [ view_parse ] --START--
INFO: [ template_filter ] --START--
INFO: Run Behavior\ContentReplaceBehavior [ RunTime:0.000053s ]
INFO: [ template_filter ] --END-- [ RunTime:0.000116s ]
INFO: Run Behavior\ParseTemplateBehavior [ RunTime:0.008612s ]
INFO: [ view_parse ] --END-- [ RunTime:0.008663s ]
INFO: [ view_filter ] --START--
INFO: Run Behavior\WriteHtmlCacheBehavior [ RunTime:0.000268s ]
INFO: [ view_filter ] --END-- [ RunTime:0.000304s ]
INFO: [ app_end ] --START--
INFO: Run Behavior\ShowPageTraceBehavior [ RunTime:0.000758s ]
INFO: [ app_end ] --END-- [ RunTime:0.000804s ]

[ 2018-04-03T09:58:32+08:00 ] 59.51.81.178 /blog/index.php/Admin/Config/index.html
INFO: [ app_init ] --START--
INFO: Run Behavior\BuildLiteBehavior [ RunTime:0.000022s ]
INFO: [ app_init ] --END-- [ RunTime:0.000523s ]
INFO: [ app_begin ] --START--
INFO: Run Behavior\ReadHtmlCacheBehavior [ RunTime:0.000646s ]
INFO: [ app_begin ] --END-- [ RunTime:0.000705s ]
SQL: SHOW COLUMNS FROM `lzm_config` [ RunTime:0.0019s ]
SQL: SELECT `name`,`value` FROM `lzm_config`  [ RunTime:0.0017s ]
INFO: [ view_parse ] --START--
INFO: [ template_filter ] --START--
INFO: Run Behavior\ContentReplaceBehavior [ RunTime:0.000195s ]
INFO: [ template_filter ] --END-- [ RunTime:0.000286s ]
INFO: Run Behavior\ParseTemplateBehavior [ RunTime:0.020037s ]
INFO: [ view_parse ] --END-- [ RunTime:0.020105s ]
INFO: [ view_filter ] --START--
INFO: Run Behavior\WriteHtmlCacheBehavior [ RunTime:0.000320s ]
INFO: [ view_filter ] --END-- [ RunTime:0.000360s ]
INFO: [ app_end ] --START--
INFO: Run Behavior\ShowPageTraceBehavior [ RunTime:0.000615s ]
INFO: [ app_end ] --END-- [ RunTime:0.000671s ]

[ 2018-04-03T09:59:19+08:00 ] 101.71.55.120 /blog/index.php/Admin/Admin/index.html
INFO: [ app_init ] --START--
INFO: Run Behavior\BuildLiteBehavior [ RunTime:0.000021s ]
INFO: [ app_init ] --END-- [ RunTime:0.000418s ]
INFO: [ app_begin ] --START--
INFO: Run Behavior\ReadHtmlCacheBehavior [ RunTime:0.000608s ]
INFO: [ app_begin ] --END-- [ RunTime:0.000661s ]
SQL: SHOW COLUMNS FROM `lzm_oauth_user` [ RunTime:0.0020s ]
SQL: SELECT COUNT(*) AS tp_count FROM `lzm_oauth_user` WHERE `is_admin` = 1 LIMIT 1   [ RunTime:0.0014s ]

[ 2018-04-03T09:59:20+08:00 ] 101.71.55.105 /blog/index.php/Admin/Config/index.html
INFO: [ app_init ] --START--
INFO: Run Behavior\BuildLiteBehavior [ RunTime:0.000039s ]
INFO: [ app_init ] --END-- [ RunTime:0.000461s ]
INFO: [ app_begin ] --START--
INFO: Run Behavior\ReadHtmlCacheBehavior [ RunTime:0.000720s ]
INFO: [ app_begin ] --END-- [ RunTime:0.000796s ]
SQL: SHOW COLUMNS FROM `lzm_oauth_user` [ RunTime:0.0021s ]
SQL: SELECT COUNT(*) AS tp_count FROM `lzm_oauth_user` WHERE `is_admin` = 1 LIMIT 1   [ RunTime:0.0013s ]

[ 2018-04-03T10:02:27+08:00 ] 59.51.81.178 /blog/index.php/Admin/Comment/index.html
INFO: [ app_init ] --START--
INFO: Run Behavior\BuildLiteBehavior [ RunTime:0.000017s ]
INFO: [ app_init ] --END-- [ RunTime:0.000412s ]
INFO: [ app_begin ] --START--
INFO: Run Behavior\ReadHtmlCacheBehavior [ RunTime:0.000623s ]
INFO: [ app_begin ] --END-- [ RunTime:0.000677s ]
SQL: SHOW COLUMNS FROM `lzm_comment` [ RunTime:0.0020s ]
SQL: SELECT COUNT(*) AS tp_count FROM lzm_comment c INNER JOIN lzm_article a ON a.aid=c.aid INNER JOIN lzm_oauth_user ou ON ou.id=c.ouid  WHERE c.is_delete = 0 LIMIT 1   [ RunTime:0.0017s ]
SQL: SELECT c.*,a.title,ou.nickname FROM lzm_comment c INNER JOIN lzm_article a ON a.aid=c.aid INNER JOIN lzm_oauth_user ou ON ou.id=c.ouid  WHERE c.is_delete = 0 ORDER BY date desc LIMIT 0,15   [ RunTime:0.0018s ]
INFO: [ view_parse ] --START--
INFO: [ template_filter ] --START--
INFO: Run Behavior\ContentReplaceBehavior [ RunTime:0.000058s ]
INFO: [ template_filter ] --END-- [ RunTime:0.000110s ]
INFO: Run Behavior\ParseTemplateBehavior [ RunTime:0.010743s ]
INFO: [ view_parse ] --END-- [ RunTime:0.010797s ]
INFO: [ view_filter ] --START--
INFO: Run Behavior\WriteHtmlCacheBehavior [ RunTime:0.000281s ]
INFO: [ view_filter ] --END-- [ RunTime:0.000324s ]
INFO: [ app_end ] --START--
INFO: Run Behavior\ShowPageTraceBehavior [ RunTime:0.000633s ]
INFO: [ app_end ] --END-- [ RunTime:0.000680s ]

[ 2018-04-03T10:02:32+08:00 ] 59.51.81.178 /blog/index.php/Admin/Recycle/recycle/table_name/Comment/id_name/cmtid/id_number/32.html
INFO: [ app_init ] --START--
INFO: Run Behavior\BuildLiteBehavior [ RunTime:0.000022s ]
INFO: [ app_init ] --END-- [ RunTime:0.000538s ]
INFO: [ app_begin ] --START--
INFO: Run Behavior\ReadHtmlCacheBehavior [ RunTime:0.000660s ]
INFO: [ app_begin ] --END-- [ RunTime:0.000720s ]
SQL: SHOW COLUMNS FROM `lzm_comment` [ RunTime:0.0018s ]
SQL: UPDATE `lzm_comment` SET `is_delete`='1' WHERE `cmtid` = 32 [ RunTime:0.0091s ]
INFO: [ view_parse ] --START--
INFO: [ template_filter ] --START--
INFO: Run Behavior\ContentReplaceBehavior [ RunTime:0.000049s ]
INFO: [ template_filter ] --END-- [ RunTime:0.000116s ]
INFO: Run Behavior\ParseTemplateBehavior [ RunTime:0.007885s ]
INFO: [ view_parse ] --END-- [ RunTime:0.007945s ]
INFO: [ view_filter ] --START--
INFO: Run Behavior\WriteHtmlCacheBehavior [ RunTime:0.000273s ]
INFO: [ view_filter ] --END-- [ RunTime:0.000307s ]
INFO: [ app_end ] --START--
INFO: Run Behavior\ShowPageTraceBehavior [ RunTime:0.000651s ]
INFO: [ app_end ] --END-- [ RunTime:0.000770s ]

[ 2018-04-03T10:02:34+08:00 ] 59.51.81.178 /blog/index.php/Admin/Comment/index.html
INFO: [ app_init ] --START--
INFO: Run Behavior\BuildLiteBehavior [ RunTime:0.000023s ]
INFO: [ app_init ] --END-- [ RunTime:0.000476s ]
INFO: [ app_begin ] --START--
INFO: Run Behavior\ReadHtmlCacheBehavior [ RunTime:0.000655s ]
INFO: [ app_begin ] --END-- [ RunTime:0.000714s ]
SQL: SHOW COLUMNS FROM `lzm_comment` [ RunTime:0.0020s ]
SQL: SELECT COUNT(*) AS tp_count FROM lzm_comment c INNER JOIN lzm_article a ON a.aid=c.aid INNER JOIN lzm_oauth_user ou ON ou.id=c.ouid  WHERE c.is_delete = 0 LIMIT 1   [ RunTime:0.0016s ]
SQL: SELECT c.*,a.title,ou.nickname FROM lzm_comment c INNER JOIN lzm_article a ON a.aid=c.aid INNER JOIN lzm_oauth_user ou ON ou.id=c.ouid  WHERE c.is_delete = 0 ORDER BY date desc LIMIT 0,15   [ RunTime:0.0018s ]
INFO: [ view_parse ] --START--
INFO: [ template_filter ] --START--
INFO: Run Behavior\ContentReplaceBehavior [ RunTime:0.000074s ]
INFO: [ template_filter ] --END-- [ RunTime:0.000143s ]
INFO: Run Behavior\ParseTemplateBehavior [ RunTime:0.010389s ]
INFO: [ view_parse ] --END-- [ RunTime:0.010443s ]
INFO: [ view_filter ] --START--
INFO: Run Behavior\WriteHtmlCacheBehavior [ RunTime:0.000272s ]
INFO: [ view_filter ] --END-- [ RunTime:0.000314s ]
INFO: [ app_end ] --START--
INFO: Run Behavior\ShowPageTraceBehavior [ RunTime:0.000582s ]
INFO: [ app_end ] --END-- [ RunTime:0.000630s ]

[ 2018-04-03T10:02:36+08:00 ] 59.51.81.178 /blog/index.php/Admin/Recycle/recycle/table_name/Comment/id_name/cmtid/id_number/31.html
INFO: [ app_init ] --START--
INFO: Run Behavior\BuildLiteBehavior [ RunTime:0.000022s ]
INFO: [ app_init ] --END-- [ RunTime:0.000425s ]
INFO: [ app_begin ] --START--
INFO: Run Behavior\ReadHtmlCacheBehavior [ RunTime:0.000683s ]
INFO: [ app_begin ] --END-- [ RunTime:0.000740s ]
SQL: SHOW COLUMNS FROM `lzm_comment` [ RunTime:0.0019s ]
SQL: UPDATE `lzm_comment` SET `is_delete`='1' WHERE `cmtid` = 31 [ RunTime:0.0049s ]
INFO: [ view_parse ] --START--
INFO: [ template_filter ] --START--
INFO: Run Behavior\ContentReplaceBehavior [ RunTime:0.000157s ]
INFO: [ template_filter ] --END-- [ RunTime:0.000425s ]
INFO: Run Behavior\ParseTemplateBehavior [ RunTime:0.007554s ]
INFO: [ view_parse ] --END-- [ RunTime:0.007608s ]
INFO: [ view_filter ] --START--
INFO: Run Behavior\WriteHtmlCacheBehavior [ RunTime:0.000272s ]
INFO: [ view_filter ] --END-- [ RunTime:0.000307s ]
INFO: [ app_end ] --START--
INFO: Run Behavior\ShowPageTraceBehavior [ RunTime:0.000728s ]
INFO: [ app_end ] --END-- [ RunTime:0.000818s ]

[ 2018-04-03T10:02:38+08:00 ] 59.51.81.178 /blog/index.php/Admin/Comment/index.html
INFO: [ app_init ] --START--
INFO: Run Behavior\BuildLiteBehavior [ RunTime:0.000024s ]
INFO: [ app_init ] --END-- [ RunTime:0.000474s ]
INFO: [ app_begin ] --START--
INFO: Run Behavior\ReadHtmlCacheBehavior [ RunTime:0.000641s ]
INFO: [ app_begin ] --END-- [ RunTime:0.000698s ]
SQL: SHOW COLUMNS FROM `lzm_comment` [ RunTime:0.0023s ]
SQL: SELECT COUNT(*) AS tp_count FROM lzm_comment c INNER JOIN lzm_article a ON a.aid=c.aid INNER JOIN lzm_oauth_user ou ON ou.id=c.ouid  WHERE c.is_delete = 0 LIMIT 1   [ RunTime:0.0019s ]
SQL: SELECT c.*,a.title,ou.nickname FROM lzm_comment c INNER JOIN lzm_article a ON a.aid=c.aid INNER JOIN lzm_oauth_user ou ON ou.id=c.ouid  WHERE c.is_delete = 0 ORDER BY date desc LIMIT 0,15   [ RunTime:0.0023s ]
INFO: [ view_parse ] --START--
INFO: [ template_filter ] --START--
INFO: Run Behavior\ContentReplaceBehavior [ RunTime:0.000062s ]
INFO: [ template_filter ] --END-- [ RunTime:0.000128s ]
INFO: Run Behavior\ParseTemplateBehavior [ RunTime:0.011239s ]
INFO: [ view_parse ] --END-- [ RunTime:0.011304s ]
INFO: [ view_filter ] --START--
INFO: Run Behavior\WriteHtmlCacheBehavior [ RunTime:0.000358s ]
INFO: [ view_filter ] --END-- [ RunTime:0.000400s ]
INFO: [ app_end ] --START--
INFO: Run Behavior\ShowPageTraceBehavior [ RunTime:0.000706s ]
INFO: [ app_end ] --END-- [ RunTime:0.000755s ]

[ 2018-04-03T10:02:43+08:00 ] 59.51.81.178 /blog/index.php/Admin/Recycle/recycle/table_name/Comment/id_name/cmtid/id_number/30.html
INFO: [ app_init ] --START--
INFO: Run Behavior\BuildLiteBehavior [ RunTime:0.000023s ]
INFO: [ app_init ] --END-- [ RunTime:0.000466s ]
INFO: [ app_begin ] --START--
INFO: Run Behavior\ReadHtmlCacheBehavior [ RunTime:0.000737s ]
INFO: [ app_begin ] --END-- [ RunTime:0.000796s ]
SQL: SHOW COLUMNS FROM `lzm_comment` [ RunTime:0.0019s ]
SQL: UPDATE `lzm_comment` SET `is_delete`='1' WHERE `cmtid` = 30 [ RunTime:0.0063s ]
INFO: [ view_parse ] --START--
INFO: [ template_filter ] --START--
INFO: Run Behavior\ContentReplaceBehavior [ RunTime:0.000051s ]
INFO: [ template_filter ] --END-- [ RunTime:0.000154s ]
INFO: Run Behavior\ParseTemplateBehavior [ RunTime:0.007823s ]
INFO: [ view_parse ] --END-- [ RunTime:0.007882s ]
INFO: [ view_filter ] --START--
INFO: Run Behavior\WriteHtmlCacheBehavior [ RunTime:0.000304s ]
INFO: [ view_filter ] --END-- [ RunTime:0.000340s ]
INFO: [ app_end ] --START--
INFO: Run Behavior\ShowPageTraceBehavior [ RunTime:0.000720s ]
INFO: [ app_end ] --END-- [ RunTime:0.000798s ]

[ 2018-04-03T10:02:44+08:00 ] 59.51.81.178 /blog/index.php/Admin/Comment/index.html
INFO: [ app_init ] --START--
INFO: Run Behavior\BuildLiteBehavior [ RunTime:0.000055s ]
INFO: [ app_init ] --END-- [ RunTime:0.000522s ]
INFO: [ app_begin ] --START--
INFO: Run Behavior\ReadHtmlCacheBehavior [ RunTime:0.000628s ]
INFO: [ app_begin ] --END-- [ RunTime:0.000684s ]
SQL: SHOW COLUMNS FROM `lzm_comment` [ RunTime:0.0020s ]
SQL: SELECT COUNT(*) AS tp_count FROM lzm_comment c INNER JOIN lzm_article a ON a.aid=c.aid INNER JOIN lzm_oauth_user ou ON ou.id=c.ouid  WHERE c.is_delete = 0 LIMIT 1   [ RunTime:0.0017s ]
SQL: SELECT c.*,a.title,ou.nickname FROM lzm_comment c INNER JOIN lzm_article a ON a.aid=c.aid INNER JOIN lzm_oauth_user ou ON ou.id=c.ouid  WHERE c.is_delete = 0 ORDER BY date desc LIMIT 0,15   [ RunTime:0.0019s ]
INFO: [ view_parse ] --START--
INFO: [ template_filter ] --START--
INFO: Run Behavior\ContentReplaceBehavior [ RunTime:0.000067s ]
INFO: [ template_filter ] --END-- [ RunTime:0.000155s ]
INFO: Run Behavior\ParseTemplateBehavior [ RunTime:0.011013s ]
INFO: [ view_parse ] --END-- [ RunTime:0.011069s ]
INFO: [ view_filter ] --START--
INFO: Run Behavior\WriteHtmlCacheBehavior [ RunTime:0.000270s ]
INFO: [ view_filter ] --END-- [ RunTime:0.000310s ]
INFO: [ app_end ] --START--
INFO: Run Behavior\ShowPageTraceBehavior [ RunTime:0.000752s ]
INFO: [ app_end ] --END-- [ RunTime:0.000803s ]

[ 2018-04-03T10:02:46+08:00 ] 59.51.81.178 /blog/index.php/Admin/Recycle/recycle/table_name/Comment/id_name/cmtid/id_number/29.html
INFO: [ app_init ] --START--
INFO: Run Behavior\BuildLiteBehavior [ RunTime:0.000024s ]
INFO: [ app_init ] --END-- [ RunTime:0.000462s ]
INFO: [ app_begin ] --START--
INFO: Run Behavior\ReadHtmlCacheBehavior [ RunTime:0.000750s ]
INFO: [ app_begin ] --END-- [ RunTime:0.000807s ]
SQL: SHOW COLUMNS FROM `lzm_comment` [ RunTime:0.0019s ]
SQL: UPDATE `lzm_comment` SET `is_delete`='1' WHERE `cmtid` = 29 [ RunTime:0.0081s ]
INFO: [ view_parse ] --START--
INFO: [ template_filter ] --START--
INFO: Run Behavior\ContentReplaceBehavior [ RunTime:0.000052s ]
INFO: [ template_filter ] --END-- [ RunTime:0.000117s ]
INFO: Run Behavior\ParseTemplateBehavior [ RunTime:0.008102s ]
INFO: [ view_parse ] --END-- [ RunTime:0.008196s ]
INFO: [ view_filter ] --START--
INFO: Run Behavior\WriteHtmlCacheBehavior [ RunTime:0.000265s ]
INFO: [ view_filter ] --END-- [ RunTime:0.000301s ]
INFO: [ app_end ] --START--
INFO: Run Behavior\ShowPageTraceBehavior [ RunTime:0.000670s ]
INFO: [ app_end ] --END-- [ RunTime:0.000733s ]

[ 2018-04-03T10:02:47+08:00 ] 59.51.81.178 /blog/index.php/Admin/Comment/index.html
INFO: [ app_init ] --START--
INFO: Run Behavior\BuildLiteBehavior [ RunTime:0.000023s ]
INFO: [ app_init ] --END-- [ RunTime:0.000563s ]
INFO: [ app_begin ] --START--
INFO: Run Behavior\ReadHtmlCacheBehavior [ RunTime:0.000642s ]
INFO: [ app_begin ] --END-- [ RunTime:0.000731s ]
SQL: SHOW COLUMNS FROM `lzm_comment` [ RunTime:0.0020s ]
SQL: SELECT COUNT(*) AS tp_count FROM lzm_comment c INNER JOIN lzm_article a ON a.aid=c.aid INNER JOIN lzm_oauth_user ou ON ou.id=c.ouid  WHERE c.is_delete = 0 LIMIT 1   [ RunTime:0.0018s ]
SQL: SELECT c.*,a.title,ou.nickname FROM lzm_comment c INNER JOIN lzm_article a ON a.aid=c.aid INNER JOIN lzm_oauth_user ou ON ou.id=c.ouid  WHERE c.is_delete = 0 ORDER BY date desc LIMIT 0,15   [ RunTime:0.0019s ]
INFO: [ view_parse ] --START--
INFO: [ template_filter ] --START--
INFO: Run Behavior\ContentReplaceBehavior [ RunTime:0.000091s ]
INFO: [ template_filter ] --END-- [ RunTime:0.000163s ]
INFO: Run Behavior\ParseTemplateBehavior [ RunTime:0.010808s ]
INFO: [ view_parse ] --END-- [ RunTime:0.010866s ]
INFO: [ view_filter ] --START--
INFO: Run Behavior\WriteHtmlCacheBehavior [ RunTime:0.000325s ]
INFO: [ view_filter ] --END-- [ RunTime:0.000382s ]
INFO: [ app_end ] --START--
INFO: Run Behavior\ShowPageTraceBehavior [ RunTime:0.000716s ]
INFO: [ app_end ] --END-- [ RunTime:0.000809s ]

[ 2018-04-03T10:02:50+08:00 ] 59.51.81.178 /blog/index.php/Admin/Recycle/recycle/table_name/Comment/id_name/cmtid/id_number/27.html
INFO: [ app_init ] --START--
INFO: Run Behavior\BuildLiteBehavior [ RunTime:0.000022s ]
INFO: [ app_init ] --END-- [ RunTime:0.000461s ]
INFO: [ app_begin ] --START--
INFO: Run Behavior\ReadHtmlCacheBehavior [ RunTime:0.000688s ]
INFO: [ app_begin ] --END-- [ RunTime:0.000777s ]
SQL: SHOW COLUMNS FROM `lzm_comment` [ RunTime:0.0019s ]
SQL: UPDATE `lzm_comment` SET `is_delete`='1' WHERE `cmtid` = 27 [ RunTime:0.0077s ]
INFO: [ view_parse ] --START--
INFO: [ template_filter ] --START--
INFO: Run Behavior\ContentReplaceBehavior [ RunTime:0.000053s ]
INFO: [ template_filter ] --END-- [ RunTime:0.000116s ]
INFO: Run Behavior\ParseTemplateBehavior [ RunTime:0.008235s ]
INFO: [ view_parse ] --END-- [ RunTime:0.008291s ]
INFO: [ view_filter ] --START--
INFO: Run Behavior\WriteHtmlCacheBehavior [ RunTime:0.000325s ]
INFO: [ view_filter ] --END-- [ RunTime:0.000362s ]
INFO: [ app_end ] --START--
INFO: Run Behavior\ShowPageTraceBehavior [ RunTime:0.000670s ]
INFO: [ app_end ] --END-- [ RunTime:0.000727s ]

[ 2018-04-03T10:02:51+08:00 ] 59.51.81.178 /blog/index.php/Admin/Comment/index.html
INFO: [ app_init ] --START--
INFO: Run Behavior\BuildLiteBehavior [ RunTime:0.000023s ]
INFO: [ app_init ] --END-- [ RunTime:0.000466s ]
INFO: [ app_begin ] --START--
INFO: Run Behavior\ReadHtmlCacheBehavior [ RunTime:0.000624s ]
INFO: [ app_begin ] --END-- [ RunTime:0.000683s ]
SQL: SHOW COLUMNS FROM `lzm_comment` [ RunTime:0.0017s ]
SQL: SELECT COUNT(*) AS tp_count FROM lzm_comment c INNER JOIN lzm_article a ON a.aid=c.aid INNER JOIN lzm_oauth_user ou ON ou.id=c.ouid  WHERE c.is_delete = 0 LIMIT 1   [ RunTime:0.0014s ]
SQL: SELECT c.*,a.title,ou.nickname FROM lzm_comment c INNER JOIN lzm_article a ON a.aid=c.aid INNER JOIN lzm_oauth_user ou ON ou.id=c.ouid  WHERE c.is_delete = 0 ORDER BY date desc LIMIT 0,15   [ RunTime:0.0015s ]
INFO: [ view_parse ] --START--
INFO: [ template_filter ] --START--
INFO: Run Behavior\ContentReplaceBehavior [ RunTime:0.000109s ]
INFO: [ template_filter ] --END-- [ RunTime:0.000175s ]
INFO: Run Behavior\ParseTemplateBehavior [ RunTime:0.012568s ]
INFO: [ view_parse ] --END-- [ RunTime:0.012647s ]
INFO: [ view_filter ] --START--
INFO: Run Behavior\WriteHtmlCacheBehavior [ RunTime:0.000560s ]
INFO: [ view_filter ] --END-- [ RunTime:0.000634s ]
INFO: [ app_end ] --START--
INFO: Run Behavior\ShowPageTraceBehavior [ RunTime:0.001058s ]
INFO: [ app_end ] --END-- [ RunTime:0.001145s ]

[ 2018-04-03T10:02:52+08:00 ] 59.51.81.178 /blog/index.php/Admin/Recycle/article.html
INFO: [ app_init ] --START--
INFO: Run Behavior\BuildLiteBehavior [ RunTime:0.000023s ]
INFO: [ app_init ] --END-- [ RunTime:0.000530s ]
INFO: [ app_begin ] --START--
INFO: Run Behavior\ReadHtmlCacheBehavior [ RunTime:0.000689s ]
INFO: [ app_begin ] --END-- [ RunTime:0.000744s ]
SQL: SHOW COLUMNS FROM `lzm_article` [ RunTime:0.0018s ]
SQL: SELECT COUNT(*) AS tp_count FROM `lzm_article` WHERE `is_delete` = 1 LIMIT 1   [ RunTime:0.0014s ]
SQL: SELECT * FROM `lzm_article` WHERE `is_delete` = 1 ORDER BY addtime desc LIMIT 0,10   [ RunTime:0.0016s ]
NOTIC: [2] Invalid argument supplied for foreach() /data/home/bxu2713680059/htdocs/blog/Application/Common/Model/ArticleModel.class.php 第 247 行.
INFO: [ view_parse ] --START--
INFO: [ template_filter ] --START--
INFO: Run Behavior\ContentReplaceBehavior [ RunTime:0.000063s ]
INFO: [ template_filter ] --END-- [ RunTime:0.000132s ]
INFO: Run Behavior\ParseTemplateBehavior [ RunTime:0.008845s ]
INFO: [ view_parse ] --END-- [ RunTime:0.008920s ]
INFO: [ view_filter ] --START--
INFO: Run Behavior\WriteHtmlCacheBehavior [ RunTime:0.000274s ]
INFO: [ view_filter ] --END-- [ RunTime:0.000311s ]
INFO: [ app_end ] --START--
INFO: Run Behavior\ShowPageTraceBehavior [ RunTime:0.000717s ]
INFO: [ app_end ] --END-- [ RunTime:0.000758s ]

[ 2018-04-03T10:02:53+08:00 ] 59.51.81.178 /blog/index.php/Admin/Recycle/comment.html
INFO: [ app_init ] --START--
INFO: Run Behavior\BuildLiteBehavior [ RunTime:0.000026s ]
INFO: [ app_init ] --END-- [ RunTime:0.000574s ]
INFO: [ app_begin ] --START--
INFO: Run Behavior\ReadHtmlCacheBehavior [ RunTime:0.000574s ]
INFO: [ app_begin ] --END-- [ RunTime:0.000629s ]
SQL: SHOW COLUMNS FROM `lzm_comment` [ RunTime:0.0022s ]
SQL: SELECT COUNT(*) AS tp_count FROM lzm_comment c INNER JOIN lzm_article a ON a.aid=c.aid INNER JOIN lzm_oauth_user ou ON ou.id=c.ouid  WHERE c.is_delete = 1 LIMIT 1   [ RunTime:0.0024s ]
SQL: SELECT c.*,a.title,ou.nickname FROM lzm_comment c INNER JOIN lzm_article a ON a.aid=c.aid INNER JOIN lzm_oauth_user ou ON ou.id=c.ouid  WHERE c.is_delete = 1 ORDER BY date desc LIMIT 0,15   [ RunTime:0.0022s ]
INFO: [ view_parse ] --START--
INFO: [ template_filter ] --START--
INFO: Run Behavior\ContentReplaceBehavior [ RunTime:0.000076s ]
INFO: [ template_filter ] --END-- [ RunTime:0.000153s ]
INFO: Run Behavior\ParseTemplateBehavior [ RunTime:0.009930s ]
INFO: [ view_parse ] --END-- [ RunTime:0.009984s ]
INFO: [ view_filter ] --START--
INFO: Run Behavior\WriteHtmlCacheBehavior [ RunTime:0.000270s ]
INFO: [ view_filter ] --END-- [ RunTime:0.000311s ]
INFO: [ app_end ] --START--
INFO: Run Behavior\ShowPageTraceBehavior [ RunTime:0.001009s ]
INFO: [ app_end ] --END-- [ RunTime:0.001121s ]

[ 2018-04-03T10:03:27+08:00 ] 101.71.55.85 /blog/index.php/Admin/Comment/index.html
INFO: [ app_init ] --START--
INFO: Run Behavior\BuildLiteBehavior [ RunTime:0.000022s ]
INFO: [ app_init ] --END-- [ RunTime:0.000415s ]
INFO: [ app_begin ] --START--
INFO: Run Behavior\ReadHtmlCacheBehavior [ RunTime:0.000591s ]
INFO: [ app_begin ] --END-- [ RunTime:0.000644s ]
SQL: SHOW COLUMNS FROM `lzm_oauth_user` [ RunTime:0.0020s ]
SQL: SELECT COUNT(*) AS tp_count FROM `lzm_oauth_user` WHERE `is_admin` = 1 LIMIT 1   [ RunTime:0.0012s ]

[ 2018-04-03T10:03:32+08:00 ] 101.71.55.90 /blog/index.php/Admin/Recycle/recycle/table_name/Comment/id_name/cmtid/id_number/32.html
INFO: [ app_init ] --START--
INFO: Run Behavior\BuildLiteBehavior [ RunTime:0.000050s ]
INFO: [ app_init ] --END-- [ RunTime:0.000467s ]
INFO: [ app_begin ] --START--
INFO: Run Behavior\ReadHtmlCacheBehavior [ RunTime:0.000640s ]
INFO: [ app_begin ] --END-- [ RunTime:0.000699s ]
SQL: SHOW COLUMNS FROM `lzm_oauth_user` [ RunTime:0.0021s ]
SQL: SELECT COUNT(*) AS tp_count FROM `lzm_oauth_user` WHERE `is_admin` = 1 LIMIT 1   [ RunTime:0.0015s ]

[ 2018-04-03T10:03:36+08:00 ] 101.71.55.110 /blog/index.php/Admin/Recycle/recycle/table_name/Comment/id_name/cmtid/id_number/31.html
INFO: [ app_init ] --START--
INFO: Run Behavior\BuildLiteBehavior [ RunTime:0.000022s ]
INFO: [ app_init ] --END-- [ RunTime:0.000420s ]
INFO: [ app_begin ] --START--
INFO: Run Behavior\ReadHtmlCacheBehavior [ RunTime:0.000607s ]
INFO: [ app_begin ] --END-- [ RunTime:0.000661s ]
SQL: SHOW COLUMNS FROM `lzm_oauth_user` [ RunTime:0.0033s ]
SQL: SELECT COUNT(*) AS tp_count FROM `lzm_oauth_user` WHERE `is_admin` = 1 LIMIT 1   [ RunTime:0.0014s ]

[ 2018-04-03T10:03:45+08:00 ] 101.71.55.80 /blog/index.php/Admin/Recycle/recycle/table_name/Comment/id_name/cmtid/id_number/29.html
INFO: [ app_init ] --START--
INFO: Run Behavior\BuildLiteBehavior [ RunTime:0.000022s ]
INFO: [ app_init ] --END-- [ RunTime:0.000425s ]
INFO: [ app_begin ] --START--
INFO: Run Behavior\ReadHtmlCacheBehavior [ RunTime:0.000626s ]
INFO: [ app_begin ] --END-- [ RunTime:0.000681s ]
SQL: SHOW COLUMNS FROM `lzm_oauth_user` [ RunTime:0.0018s ]
SQL: SELECT COUNT(*) AS tp_count FROM `lzm_oauth_user` WHERE `is_admin` = 1 LIMIT 1   [ RunTime:0.0014s ]

[ 2018-04-03T10:03:49+08:00 ] 101.71.55.80 /blog/index.php/Admin/Recycle/recycle/table_name/Comment/id_name/cmtid/id_number/27.html
INFO: [ app_init ] --START--
INFO: Run Behavior\BuildLiteBehavior [ RunTime:0.000017s ]
INFO: [ app_init ] --END-- [ RunTime:0.000396s ]
INFO: [ app_begin ] --START--
INFO: Run Behavior\ReadHtmlCacheBehavior [ RunTime:0.000576s ]
INFO: [ app_begin ] --END-- [ RunTime:0.000634s ]
SQL: SHOW COLUMNS FROM `lzm_oauth_user` [ RunTime:0.0020s ]
SQL: SELECT COUNT(*) AS tp_count FROM `lzm_oauth_user` WHERE `is_admin` = 1 LIMIT 1   [ RunTime:0.0014s ]

[ 2018-04-03T10:03:52+08:00 ] 101.71.55.90 /blog/index.php/Admin/Recycle/article.html
INFO: [ app_init ] --START--
INFO: Run Behavior\BuildLiteBehavior [ RunTime:0.000017s ]
INFO: [ app_init ] --END-- [ RunTime:0.000408s ]
INFO: [ app_begin ] --START--
INFO: Run Behavior\ReadHtmlCacheBehavior [ RunTime:0.000538s ]
INFO: [ app_begin ] --END-- [ RunTime:0.000590s ]
SQL: SHOW COLUMNS FROM `lzm_oauth_user` [ RunTime:0.0021s ]
SQL: SELECT COUNT(*) AS tp_count FROM `lzm_oauth_user` WHERE `is_admin` = 1 LIMIT 1   [ RunTime:0.0015s ]

[ 2018-04-03T10:03:53+08:00 ] 101.71.55.95 /blog/index.php/Admin/Recycle/comment.html
INFO: [ app_init ] --START--
INFO: Run Behavior\BuildLiteBehavior [ RunTime:0.000017s ]
INFO: [ app_init ] --END-- [ RunTime:0.000394s ]
INFO: [ app_begin ] --START--
INFO: Run Behavior\ReadHtmlCacheBehavior [ RunTime:0.000567s ]
INFO: [ app_begin ] --END-- [ RunTime:0.000618s ]
SQL: SHOW COLUMNS FROM `lzm_oauth_user` [ RunTime:0.0018s ]
SQL: SELECT COUNT(*) AS tp_count FROM `lzm_oauth_user` WHERE `is_admin` = 1 LIMIT 1   [ RunTime:0.0012s ]

[ 2018-04-03T10:04:11+08:00 ] 59.51.81.178 /blog/index.php/Admin/Article/add.html
INFO: [ app_init ] --START--
INFO: Run Behavior\BuildLiteBehavior [ RunTime:0.000022s ]
INFO: [ app_init ] --END-- [ RunTime:0.000452s ]
INFO: [ app_begin ] --START--
INFO: Run Behavior\ReadHtmlCacheBehavior [ RunTime:0.000567s ]
INFO: [ app_begin ] --END-- [ RunTime:0.000651s ]
SQL: SHOW COLUMNS FROM `lzm_article` [ RunTime:0.0017s ]
SQL: SHOW COLUMNS FROM `lzm_category` [ RunTime:0.0014s ]
SQL: SELECT * FROM `lzm_category` ORDER BY sort  [ RunTime:0.0012s ]
SQL: SHOW COLUMNS FROM `lzm_tag` [ RunTime:0.0014s ]
SQL: SELECT * FROM `lzm_tag`  [ RunTime:0.0012s ]
SQL: SHOW COLUMNS FROM `lzm_article_tag` [ RunTime:0.0014s ]
SQL: SELECT COUNT(*) AS tp_count FROM `lzm_article_tag` WHERE `tid` = 21 LIMIT 1   [ RunTime:0.0012s ]
SQL: SELECT COUNT(*) AS tp_count FROM `lzm_article_tag` WHERE `tid` = 22 LIMIT 1   [ RunTime:0.0012s ]
SQL: SELECT COUNT(*) AS tp_count FROM `lzm_article_tag` WHERE `tid` = 23 LIMIT 1   [ RunTime:0.0012s ]
INFO: [ view_parse ] --START--
INFO: [ template_filter ] --START--
INFO: Run Behavior\ContentReplaceBehavior [ RunTime:0.000075s ]
INFO: [ template_filter ] --END-- [ RunTime:0.000148s ]
INFO: Run Behavior\ParseTemplateBehavior [ RunTime:0.011552s ]
INFO: [ view_parse ] --END-- [ RunTime:0.011605s ]
INFO: [ view_filter ] --START--
INFO: Run Behavior\WriteHtmlCacheBehavior [ RunTime:0.000280s ]
INFO: [ view_filter ] --END-- [ RunTime:0.000316s ]
INFO: [ app_end ] --START--
INFO: Run Behavior\ShowPageTraceBehavior [ RunTime:0.000646s ]
INFO: [ app_end ] --END-- [ RunTime:0.000706s ]

[ 2018-04-03T10:04:12+08:00 ] 59.51.81.178 /blog/index.php/Admin/Article/index.html
INFO: [ app_init ] --START--
INFO: Run Behavior\BuildLiteBehavior [ RunTime:0.000039s ]
INFO: [ app_init ] --END-- [ RunTime:0.000539s ]
INFO: [ app_begin ] --START--
INFO: Run Behavior\ReadHtmlCacheBehavior [ RunTime:0.000637s ]
INFO: [ app_begin ] --END-- [ RunTime:0.000710s ]
SQL: SHOW COLUMNS FROM `lzm_article` [ RunTime:0.0019s ]
SQL: SELECT COUNT(*) AS tp_count FROM `lzm_article` WHERE `is_delete` = 0 LIMIT 1   [ RunTime:0.0015s ]
SQL: SELECT * FROM `lzm_article` WHERE `is_delete` = 0 ORDER BY addtime desc LIMIT 0,15   [ RunTime:0.0029s ]
SQL: SHOW COLUMNS FROM `lzm_article_tag` [ RunTime:0.0016s ]
SQL: SHOW COLUMNS FROM `lzm_article_tag` [ RunTime:0.0015s ]
SQL: SELECT * FROM `lzm_article_tag` INNER JOIN lzm_tag ON lzm_article_tag.tid=lzm_tag.tid  WHERE `aid` = '27'  [ RunTime:0.0014s ]
SQL: SHOW COLUMNS FROM `lzm_article_pic` [ RunTime:0.0015s ]
SQL: SELECT `path` FROM `lzm_article_pic` WHERE `aid` = 27 ORDER BY ap_id asc LIMIT 1   [ RunTime:0.0014s ]
SQL: SHOW COLUMNS FROM `lzm_category` [ RunTime:0.0016s ]
SQL: SELECT `cid`,`cid`,`cname` FROM `lzm_category` WHERE `cid` = 30  [ RunTime:0.0013s ]
SQL: SELECT * FROM `lzm_article_tag` INNER JOIN lzm_tag ON lzm_article_tag.tid=lzm_tag.tid  WHERE `aid` = '26'  [ RunTime:0.0013s ]
SQL: SELECT `path` FROM `lzm_article_pic` WHERE `aid` = 26 ORDER BY ap_id asc LIMIT 1   [ RunTime:0.0014s ]
SQL: SELECT `cid`,`cid`,`cname` FROM `lzm_category` WHERE `cid` = 30  [ RunTime:0.0014s ]
SQL: SELECT * FROM `lzm_article_tag` INNER JOIN lzm_tag ON lzm_article_tag.tid=lzm_tag.tid  WHERE `aid` = '25'  [ RunTime:0.0014s ]
SQL: SELECT `path` FROM `lzm_article_pic` WHERE `aid` = 25 ORDER BY ap_id asc LIMIT 1   [ RunTime:0.0015s ]
SQL: SELECT `cid`,`cid`,`cname` FROM `lzm_category` WHERE `cid` = 30  [ RunTime:0.0014s ]
SQL: SELECT * FROM `lzm_article_tag` INNER JOIN lzm_tag ON lzm_article_tag.tid=lzm_tag.tid  WHERE `aid` = '24'  [ RunTime:0.0014s ]
SQL: SELECT `path` FROM `lzm_article_pic` WHERE `aid` = 24 ORDER BY ap_id asc LIMIT 1   [ RunTime:0.0014s ]
SQL: SELECT `cid`,`cid`,`cname` FROM `lzm_category` WHERE `cid` = 30  [ RunTime:0.0014s ]
SQL: SELECT * FROM `lzm_article_tag` INNER JOIN lzm_tag ON lzm_article_tag.tid=lzm_tag.tid  WHERE `aid` = '23'  [ RunTime:0.0014s ]
SQL: SELECT `path` FROM `lzm_article_pic` WHERE `aid` = 23 ORDER BY ap_id asc LIMIT 1   [ RunTime:0.0013s ]
SQL: SELECT `cid`,`cid`,`cname` FROM `lzm_category` WHERE `cid` = 30  [ RunTime:0.0014s ]
INFO: [ view_parse ] --START--
INFO: [ template_filter ] --START--
INFO: Run Behavior\ContentReplaceBehavior [ RunTime:0.000067s ]
INFO: [ template_filter ] --END-- [ RunTime:0.000140s ]
INFO: Run Behavior\ParseTemplateBehavior [ RunTime:0.012494s ]
INFO: [ view_parse ] --END-- [ RunTime:0.012583s ]
INFO: [ view_filter ] --START--
INFO: Run Behavior\WriteHtmlCacheBehavior [ RunTime:0.000278s ]
INFO: [ view_filter ] --END-- [ RunTime:0.000315s ]
INFO: [ app_end ] --START--
INFO: Run Behavior\ShowPageTraceBehavior [ RunTime:0.000637s ]
INFO: [ app_end ] --END-- [ RunTime:0.000688s ]

[ 2018-04-03T10:04:13+08:00 ] 59.51.81.178 /blog/index.php/Admin/Article/edit/aid/27.html
INFO: [ app_init ] --START--
INFO: Run Behavior\BuildLiteBehavior [ RunTime:0.000022s ]
INFO: [ app_init ] --END-- [ RunTime:0.000449s ]
INFO: [ app_begin ] --START--
INFO: Run Behavior\ReadHtmlCacheBehavior [ RunTime:0.000552s ]
INFO: [ app_begin ] --END-- [ RunTime:0.000602s ]
SQL: SHOW COLUMNS FROM `lzm_article` [ RunTime:0.0019s ]
SQL: SELECT * FROM `lzm_article` WHERE `aid` = 27 LIMIT 1   [ RunTime:0.0013s ]
SQL: SHOW COLUMNS FROM `lzm_article_tag` [ RunTime:0.0014s ]
SQL: SELECT `tid` FROM `lzm_article_tag` WHERE `aid` = 27  [ RunTime:0.0012s ]
SQL: SHOW COLUMNS FROM `lzm_article_tag` [ RunTime:0.0014s ]
SQL: SELECT * FROM `lzm_article_tag` INNER JOIN lzm_tag ON lzm_article_tag.tid=lzm_tag.tid  WHERE `aid` = '27'  [ RunTime:0.0012s ]
SQL: SHOW COLUMNS FROM `lzm_category` [ RunTime:0.0015s ]
SQL: SELECT `cid`,`cid`,`cname`,`keywords` FROM `lzm_category` WHERE `cid` = 30  [ RunTime:0.0012s ]
SQL: SELECT * FROM `lzm_category` ORDER BY sort  [ RunTime:0.0012s ]
SQL: SHOW COLUMNS FROM `lzm_tag` [ RunTime:0.0014s ]
SQL: SELECT * FROM `lzm_tag`  [ RunTime:0.0012s ]
SQL: SHOW COLUMNS FROM `lzm_article_tag` [ RunTime:0.0014s ]
SQL: SELECT COUNT(*) AS tp_count FROM `lzm_article_tag` WHERE `tid` = 21 LIMIT 1   [ RunTime:0.0012s ]
SQL: SELECT COUNT(*) AS tp_count FROM `lzm_article_tag` WHERE `tid` = 22 LIMIT 1   [ RunTime:0.0012s ]
SQL: SELECT COUNT(*) AS tp_count FROM `lzm_article_tag` WHERE `tid` = 23 LIMIT 1   [ RunTime:0.0016s ]
INFO: [ view_parse ] --START--
INFO: [ template_filter ] --START--
INFO: Run Behavior\ContentReplaceBehavior [ RunTime:0.000082s ]
INFO: [ template_filter ] --END-- [ RunTime:0.000148s ]
INFO: Run Behavior\ParseTemplateBehavior [ RunTime:0.013284s ]
INFO: [ view_parse ] --END-- [ RunTime:0.013339s ]
INFO: [ view_filter ] --START--
INFO: Run Behavior\WriteHtmlCacheBehavior [ RunTime:0.000284s ]
INFO: [ view_filter ] --END-- [ RunTime:0.000369s ]
INFO: [ app_end ] --START--
INFO: Run Behavior\ShowPageTraceBehavior [ RunTime:0.000793s ]
INFO: [ app_end ] --END-- [ RunTime:0.000839s ]

[ 2018-04-03T10:04:26+08:00 ] 59.51.81.178 /blog/index.php/Admin/Article/edit/aid/27.html
INFO: [ app_init ] --START--
INFO: Run Behavior\BuildLiteBehavior [ RunTime:0.000022s ]
INFO: [ app_init ] --END-- [ RunTime:0.000460s ]
INFO: [ app_begin ] --START--
INFO: Run Behavior\ReadHtmlCacheBehavior [ RunTime:0.000633s ]
INFO: [ app_begin ] --END-- [ RunTime:0.000696s ]
SQL: SHOW COLUMNS FROM `lzm_article` [ RunTime:0.0020s ]
SQL: UPDATE `lzm_article` SET `aid`='27',`cid`='30',`title`='PHP获取文件扩展名方法',`author`='爵特猛',`keywords`='PHP,文件,扩展名',`description`='$file = ‘需要进行获取扩展名的文件.php’;

//第一种，根据.拆分,获取最后一个元素的值
function getExt1{
    return end(explode(&quot;.&quot;,$file);)
}
//第二种，获取最后一个点的位置，截取
function g',`is_original`='1',`is_top`='0',`is_show`='1',`content`='&lt;pre class=&quot;brush:php;toolbar:false&quot;&gt;$file&amp;nbsp;=&amp;nbsp;‘需要进行获取扩展名的文件.php’;

//第一种，根据.拆分,获取最后一个元素的值
function&amp;nbsp;getExt1($file)&amp;nbsp;{
&amp;nbsp;&amp;nbsp;&amp;nbsp;&amp;nbsp;return&amp;nbsp;end(explode(&amp;quot;.&amp;quot;,$file));
}
//第二种，获取最后一个点的位置，截取
function&amp;nbsp;getExt2($file)&amp;nbsp;{
&amp;nbsp;&amp;nbsp;&amp;nbsp;&amp;nbsp;return&amp;nbsp;substr($file,strrpos($file,&amp;#39;.&amp;#39;)+1);
}
//第三种,根据.拆分,获取最后一个元素的值
function&amp;nbsp;getExt3($file)&amp;nbsp;{
&amp;nbsp;&amp;nbsp;&amp;nbsp;&amp;nbsp;return&amp;nbsp;array_pop(explode(‘.’,$file));&amp;nbsp;
}

//第四种，pathinfo&amp;nbsp;
function&amp;nbsp;getExt5($file)&amp;nbsp;{
&amp;nbsp;&amp;nbsp;&amp;nbsp;&amp;nbsp;$arr&amp;nbsp;=&amp;nbsp;pathinfo($file);
&amp;nbsp;&amp;nbsp;&amp;nbsp;&amp;nbsp;return&amp;nbsp;$arr[&amp;#39;extension&amp;#39;];
&amp;nbsp;&amp;nbsp;&amp;nbsp;&amp;nbsp;//或者这样return&amp;nbsp;pathinfo($file,PATHINFO_EXTENSION);
}
//第五种，正则,子模式
function&amp;nbsp;getExt6$file){
&amp;nbsp;&amp;nbsp;&amp;nbsp;&amp;nbsp;preg_match（&amp;quot;/(gif&amp;nbsp;|&amp;nbsp;jpg&amp;nbsp;|&amp;nbsp;png)$/&amp;quot;,$file,$match）;
&amp;nbsp;&amp;nbsp;&amp;nbsp;&amp;nbsp;$match=$match[0];
}&amp;nbsp;
//第六种，正则反向引用
function&amp;nbsp;getExt7($file){
&amp;nbsp;&amp;nbsp;&amp;nbsp;&amp;nbsp;$match=preg_replace(&amp;quot;/.*\\.(\\w+)/&amp;quot;&amp;nbsp;,&amp;nbsp;&amp;quot;\\\\1&amp;quot;&amp;nbsp;,$file&amp;nbsp;);
&amp;nbsp;&amp;nbsp;&amp;nbsp;&amp;nbsp;echo&amp;nbsp;$match;
}&lt;/pre&gt;&lt;p&gt;&lt;img src=&quot;/blog/Upload/image/ueditor/20180403/1522720521257357.png&quot; title=&quot;爵特猛&quot; alt=&quot;爵特猛&quot;/&gt;&lt;/p&gt;' WHERE `aid` = 27 [ RunTime:0.0085s ]
SQL: SHOW COLUMNS FROM `lzm_article_tag` [ RunTime:0.0019s ]
SQL: DELETE FROM `lzm_article_tag` WHERE `aid` = 27 [ RunTime:0.0038s ]
SQL: INSERT INTO `lzm_article_tag` (`aid`,`tid`) VALUES ('27','23') [ RunTime:0.0043s ]
SQL: SHOW COLUMNS FROM `lzm_article_pic` [ RunTime:0.0017s ]
SQL: DELETE FROM `lzm_article_pic` WHERE `aid` = 27 [ RunTime:0.0052s ]
SQL: INSERT INTO `lzm_article_pic` (`aid`,`path`) VALUES ('27','/Upload/image/ueditor/20180403/1522720521257357.png') [ RunTime:0.0049s ]
INFO: [ view_parse ] --START--
INFO: [ template_filter ] --START--
INFO: Run Behavior\ContentReplaceBehavior [ RunTime:0.000050s ]
INFO: [ template_filter ] --END-- [ RunTime:0.000100s ]
INFO: Run Behavior\ParseTemplateBehavior [ RunTime:0.007319s ]
INFO: [ view_parse ] --END-- [ RunTime:0.007380s ]
INFO: [ view_filter ] --START--
INFO: Run Behavior\WriteHtmlCacheBehavior [ RunTime:0.000333s ]
INFO: [ view_filter ] --END-- [ RunTime:0.000416s ]
INFO: [ app_end ] --START--
INFO: Run Behavior\ShowPageTraceBehavior [ RunTime:0.000897s ]
INFO: [ app_end ] --END-- [ RunTime:0.000954s ]

[ 2018-04-03T10:04:28+08:00 ] 59.51.81.178 /blog/index.php/Admin/Article/edit/aid/27.html
INFO: [ app_init ] --START--
INFO: Run Behavior\BuildLiteBehavior [ RunTime:0.000020s ]
INFO: [ app_init ] --END-- [ RunTime:0.000457s ]
INFO: [ app_begin ] --START--
INFO: Run Behavior\ReadHtmlCacheBehavior [ RunTime:0.000577s ]
INFO: [ app_begin ] --END-- [ RunTime:0.000630s ]
SQL: SHOW COLUMNS FROM `lzm_article` [ RunTime:0.0018s ]
SQL: SELECT * FROM `lzm_article` WHERE `aid` = 27 LIMIT 1   [ RunTime:0.0014s ]
SQL: SHOW COLUMNS FROM `lzm_article_tag` [ RunTime:0.0014s ]
SQL: SELECT `tid` FROM `lzm_article_tag` WHERE `aid` = 27  [ RunTime:0.0013s ]
SQL: SHOW COLUMNS FROM `lzm_article_tag` [ RunTime:0.0014s ]
SQL: SELECT * FROM `lzm_article_tag` INNER JOIN lzm_tag ON lzm_article_tag.tid=lzm_tag.tid  WHERE `aid` = '27'  [ RunTime:0.0013s ]
SQL: SHOW COLUMNS FROM `lzm_category` [ RunTime:0.0015s ]
SQL: SELECT `cid`,`cid`,`cname`,`keywords` FROM `lzm_category` WHERE `cid` = 30  [ RunTime:0.0012s ]
SQL: SELECT * FROM `lzm_category` ORDER BY sort  [ RunTime:0.0012s ]
SQL: SHOW COLUMNS FROM `lzm_tag` [ RunTime:0.0015s ]
SQL: SELECT * FROM `lzm_tag`  [ RunTime:0.0012s ]
SQL: SHOW COLUMNS FROM `lzm_article_tag` [ RunTime:0.0014s ]
SQL: SELECT COUNT(*) AS tp_count FROM `lzm_article_tag` WHERE `tid` = 21 LIMIT 1   [ RunTime:0.0013s ]
SQL: SELECT COUNT(*) AS tp_count FROM `lzm_article_tag` WHERE `tid` = 22 LIMIT 1   [ RunTime:0.0013s ]
SQL: SELECT COUNT(*) AS tp_count FROM `lzm_article_tag` WHERE `tid` = 23 LIMIT 1   [ RunTime:0.0012s ]
INFO: [ view_parse ] --START--
INFO: [ template_filter ] --START--
INFO: Run Behavior\ContentReplaceBehavior [ RunTime:0.000075s ]
INFO: [ template_filter ] --END-- [ RunTime:0.000130s ]
INFO: Run Behavior\ParseTemplateBehavior [ RunTime:0.012436s ]
INFO: [ view_parse ] --END-- [ RunTime:0.012485s ]
INFO: [ view_filter ] --START--
INFO: Run Behavior\WriteHtmlCacheBehavior [ RunTime:0.000311s ]
INFO: [ view_filter ] --END-- [ RunTime:0.000367s ]
INFO: [ app_end ] --START--
INFO: Run Behavior\ShowPageTraceBehavior [ RunTime:0.000795s ]
INFO: [ app_end ] --END-- [ RunTime:0.000860s ]

[ 2018-04-03T10:05:11+08:00 ] 101.71.55.146 /blog/index.php/Admin/Article/index.html
INFO: [ app_init ] --START--
INFO: Run Behavior\BuildLiteBehavior [ RunTime:0.000022s ]
INFO: [ app_init ] --END-- [ RunTime:0.000420s ]
INFO: [ app_begin ] --START--
INFO: Run Behavior\ReadHtmlCacheBehavior [ RunTime:0.000633s ]
INFO: [ app_begin ] --END-- [ RunTime:0.000685s ]
SQL: SHOW COLUMNS FROM `lzm_oauth_user` [ RunTime:0.0019s ]
SQL: SELECT COUNT(*) AS tp_count FROM `lzm_oauth_user` WHERE `is_admin` = 1 LIMIT 1   [ RunTime:0.0014s ]

[ 2018-04-03T10:36:01+08:00 ] 220.181.108.140 /blog/index.php/Admin/Comment/index.html
INFO: [ app_init ] --START--
INFO: Run Behavior\BuildLiteBehavior [ RunTime:0.000024s ]
INFO: [ app_init ] --END-- [ RunTime:0.000473s ]
INFO: [ app_begin ] --START--
INFO: Run Behavior\ReadHtmlCacheBehavior [ RunTime:0.000680s ]
INFO: [ app_begin ] --END-- [ RunTime:0.000747s ]
SQL: SHOW COLUMNS FROM `lzm_oauth_user` [ RunTime:0.0020s ]
SQL: SELECT COUNT(*) AS tp_count FROM `lzm_oauth_user` WHERE `is_admin` = 1 LIMIT 1   [ RunTime:0.0013s ]

[ 2018-04-03T10:36:02+08:00 ] 220.181.108.156 /blog/index.php/Admin/Comment/
INFO: [ app_init ] --START--
INFO: Run Behavior\BuildLiteBehavior [ RunTime:0.000032s ]
INFO: [ app_init ] --END-- [ RunTime:0.000685s ]
INFO: [ app_begin ] --START--
INFO: Run Behavior\ReadHtmlCacheBehavior [ RunTime:0.000692s ]
INFO: [ app_begin ] --END-- [ RunTime:0.000767s ]
SQL: SHOW COLUMNS FROM `lzm_oauth_user` [ RunTime:0.0020s ]
SQL: SELECT COUNT(*) AS tp_count FROM `lzm_oauth_user` WHERE `is_admin` = 1 LIMIT 1   [ RunTime:0.0015s ]

[ 2018-04-03T12:31:06+08:00 ] 59.51.81.178 /blog/index.php/Admin/Admin/index.html
INFO: [ app_init ] --START--
INFO: Run Behavior\BuildLiteBehavior [ RunTime:0.000036s ]
INFO: [ app_init ] --END-- [ RunTime:0.000533s ]
INFO: [ app_begin ] --START--
INFO: Run Behavior\ReadHtmlCacheBehavior [ RunTime:0.000672s ]
INFO: [ app_begin ] --END-- [ RunTime:0.000728s ]
SQL: SHOW COLUMNS FROM `lzm_admin` [ RunTime:0.0019s ]
SQL: SELECT * FROM `lzm_admin`  [ RunTime:0.0013s ]
INFO: [ view_parse ] --START--
INFO: [ template_filter ] --START--
INFO: Run Behavior\ContentReplaceBehavior [ RunTime:0.000091s ]
INFO: [ template_filter ] --END-- [ RunTime:0.000163s ]
NOTIC: [8] Undefined index: is_admin /data/home/bxu2713680059/htdocs/blog/Runtime/Cache/Admin/4d8324af19d98ad4d454de3b3e0d7e82.php 第 35 行.
NOTIC: [8] Undefined index: is_admin /data/home/bxu2713680059/htdocs/blog/Runtime/Cache/Admin/4d8324af19d98ad4d454de3b3e0d7e82.php 第 35 行.
NOTIC: [8] Undefined variable: page /data/home/bxu2713680059/htdocs/blog/Runtime/Cache/Admin/4d8324af19d98ad4d454de3b3e0d7e82.php 第 40 行.
INFO: Run Behavior\ParseTemplateBehavior [ RunTime:0.010602s ]
INFO: [ view_parse ] --END-- [ RunTime:0.010663s ]
INFO: [ view_filter ] --START--
INFO: Run Behavior\WriteHtmlCacheBehavior [ RunTime:0.000321s ]
INFO: [ view_filter ] --END-- [ RunTime:0.000359s ]
INFO: [ app_end ] --START--
INFO: Run Behavior\ShowPageTraceBehavior [ RunTime:0.000658s ]
INFO: [ app_end ] --END-- [ RunTime:0.000712s ]

[ 2018-04-03T12:31:06+08:00 ] 59.51.81.178 /blog/index.php/Admin/Config/index.html
INFO: [ app_init ] --START--
INFO: Run Behavior\BuildLiteBehavior [ RunTime:0.000036s ]
INFO: [ app_init ] --END-- [ RunTime:0.000763s ]
INFO: [ app_begin ] --START--
INFO: Run Behavior\ReadHtmlCacheBehavior [ RunTime:0.000683s ]
INFO: [ app_begin ] --END-- [ RunTime:0.000743s ]
SQL: SHOW COLUMNS FROM `lzm_config` [ RunTime:0.0018s ]
SQL: SELECT `name`,`value` FROM `lzm_config`  [ RunTime:0.0014s ]
INFO: [ view_parse ] --START--
INFO: [ template_filter ] --START--
INFO: Run Behavior\ContentReplaceBehavior [ RunTime:0.000208s ]
INFO: [ template_filter ] --END-- [ RunTime:0.000312s ]
INFO: Run Behavior\ParseTemplateBehavior [ RunTime:0.018854s ]
INFO: [ view_parse ] --END-- [ RunTime:0.018910s ]
INFO: [ view_filter ] --START--
INFO: Run Behavior\WriteHtmlCacheBehavior [ RunTime:0.000311s ]
INFO: [ view_filter ] --END-- [ RunTime:0.000356s ]
INFO: [ app_end ] --START--
INFO: Run Behavior\ShowPageTraceBehavior [ RunTime:0.000760s ]
INFO: [ app_end ] --END-- [ RunTime:0.000805s ]

[ 2018-04-03T12:32:06+08:00 ] 101.71.55.146 /blog/index.php/Admin/Config/index.html
INFO: [ app_init ] --START--
INFO: Run Behavior\BuildLiteBehavior [ RunTime:0.000024s ]
INFO: [ app_init ] --END-- [ RunTime:0.000475s ]
INFO: [ app_begin ] --START--
INFO: Run Behavior\ReadHtmlCacheBehavior [ RunTime:0.000617s ]
INFO: [ app_begin ] --END-- [ RunTime:0.000674s ]
SQL: SHOW COLUMNS FROM `lzm_oauth_user` [ RunTime:0.0018s ]
SQL: SELECT COUNT(*) AS tp_count FROM `lzm_oauth_user` WHERE `is_admin` = 1 LIMIT 1   [ RunTime:0.0015s ]

