[ 2018-05-09T11:48:37+08:00 ] 127.0.0.1 /blog/Admin/Index/index
INFO: [ app_init ] --START--
INFO: Run Behavior\BuildLiteBehavior [ RunTime:0.000000s ]
INFO: [ app_init ] --END-- [ RunTime:0.001000s ]
INFO: [ app_begin ] --START--
INFO: Run Behavior\ReadHtmlCacheBehavior [ RunTime:0.001000s ]
INFO: [ app_begin ] --END-- [ RunTime:0.001000s ]
SQL: SHOW COLUMNS FROM `lzm_oauth_user` [ RunTime:0.0030s ]
SQL: SELECT COUNT(*) AS tp_count FROM `lzm_oauth_user` WHERE `is_admin` = 1 LIMIT 1   [ RunTime:0.0000s ]

[ 2018-05-09T11:48:37+08:00 ] 127.0.0.1 /blog/index.php?s=/Admin/Login/login.html
INFO: [ app_init ] --START--
INFO: Run Behavior\BuildLiteBehavior [ RunTime:0.000000s ]
INFO: [ app_init ] --END-- [ RunTime:0.000000s ]
INFO: [ app_begin ] --START--
INFO: Run Behavior\ReadHtmlCacheBehavior [ RunTime:0.000000s ]
INFO: [ app_begin ] --END-- [ RunTime:0.000000s ]
SQL: SHOW COLUMNS FROM `lzm_category` [ RunTime:0.0030s ]
SQL: SELECT * FROM `lzm_category` ORDER BY sort  [ RunTime:0.0000s ]
SQL: SHOW COLUMNS FROM `lzm_tag` [ RunTime:0.0030s ]
SQL: SELECT * FROM `lzm_tag`  [ RunTime:0.0010s ]
SQL: SHOW COLUMNS FROM `lzm_article_tag` [ RunTime:0.0030s ]
SQL: SELECT COUNT(*) AS tp_count FROM `lzm_article_tag` WHERE `tid` = 20 LIMIT 1   [ RunTime:0.0000s ]
SQL: SHOW COLUMNS FROM `lzm_link` [ RunTime:0.0030s ]
SQL: SELECT * FROM `lzm_link` WHERE `is_delete` = 0 AND `is_show` = 1 ORDER BY sort  [ RunTime:0.0000s ]
SQL: SHOW COLUMNS FROM `lzm_oauth_user` [ RunTime:0.0040s ]
SQL: SELECT COUNT(*) AS tp_count FROM `lzm_oauth_user` WHERE `is_admin` = 1 LIMIT 1   [ RunTime:0.0000s ]
INFO: [ view_parse ] --START--
INFO: [ template_filter ] --START--
INFO: Run Behavior\ContentReplaceBehavior [ RunTime:0.000000s ]
INFO: [ template_filter ] --END-- [ RunTime:0.000000s ]
NOTIC: [8] Undefined index: ADMIN_PASSWORD F:\WWW\baiduAI\blog\Runtime\Cache\Admin\b891abcc3bb76636e2a96a245e9568d6.php 第 16 行.
INFO: Run Behavior\ParseTemplateBehavior [ RunTime:0.005001s ]
INFO: [ view_parse ] --END-- [ RunTime:0.005001s ]
INFO: [ view_filter ] --START--
INFO: Run Behavior\WriteHtmlCacheBehavior [ RunTime:0.000000s ]
INFO: [ view_filter ] --END-- [ RunTime:0.000000s ]
INFO: [ app_end ] --START--
INFO: Run Behavior\ShowPageTraceBehavior [ RunTime:0.001000s ]
INFO: [ app_end ] --END-- [ RunTime:0.001000s ]

[ 2018-05-09T11:48:37+08:00 ] 127.0.0.1 /blog/index.php?s=/Admin/Login/showVerify.html
INFO: [ app_init ] --START--
INFO: Run Behavior\BuildLiteBehavior [ RunTime:0.001001s ]
INFO: [ app_init ] --END-- [ RunTime:0.001001s ]
INFO: [ app_begin ] --START--
INFO: Run Behavior\ReadHtmlCacheBehavior [ RunTime:0.000000s ]
INFO: [ app_begin ] --END-- [ RunTime:0.000000s ]
SQL: SHOW COLUMNS FROM `lzm_category` [ RunTime:0.0040s ]
SQL: SELECT * FROM `lzm_category` ORDER BY sort  [ RunTime:0.0000s ]
SQL: SHOW COLUMNS FROM `lzm_tag` [ RunTime:0.0030s ]
SQL: SELECT * FROM `lzm_tag`  [ RunTime:0.0000s ]
SQL: SHOW COLUMNS FROM `lzm_article_tag` [ RunTime:0.0030s ]
SQL: SELECT COUNT(*) AS tp_count FROM `lzm_article_tag` WHERE `tid` = 20 LIMIT 1   [ RunTime:0.0000s ]
SQL: SHOW COLUMNS FROM `lzm_link` [ RunTime:0.0050s ]
SQL: SELECT * FROM `lzm_link` WHERE `is_delete` = 0 AND `is_show` = 1 ORDER BY sort  [ RunTime:0.0000s ]
INFO: [ app_end ] --START--
INFO: Run Behavior\ShowPageTraceBehavior [ RunTime:0.001000s ]
INFO: [ app_end ] --END-- [ RunTime:0.001000s ]

[ 2018-05-09T11:59:51+08:00 ] 127.0.0.1 /blog/Admin/Index/index
INFO: [ app_init ] --START--
INFO: Run Behavior\BuildLiteBehavior [ RunTime:0.000000s ]
INFO: [ app_init ] --END-- [ RunTime:0.000000s ]
INFO: [ app_begin ] --START--
INFO: Run Behavior\ReadHtmlCacheBehavior [ RunTime:0.000000s ]
INFO: [ app_begin ] --END-- [ RunTime:0.000000s ]
SQL: SHOW COLUMNS FROM `lzm_oauth_user` [ RunTime:0.0030s ]
SQL: SELECT COUNT(*) AS tp_count FROM `lzm_oauth_user` WHERE `is_admin` = 1 LIMIT 1   [ RunTime:0.0000s ]

[ 2018-05-09T11:59:51+08:00 ] 127.0.0.1 /blog/index.php?s=/Admin/Login/login.html
INFO: [ app_init ] --START--
INFO: Run Behavior\BuildLiteBehavior [ RunTime:0.000000s ]
INFO: [ app_init ] --END-- [ RunTime:0.000000s ]
INFO: [ app_begin ] --START--
INFO: Run Behavior\ReadHtmlCacheBehavior [ RunTime:0.000000s ]
INFO: [ app_begin ] --END-- [ RunTime:0.000000s ]
SQL: SHOW COLUMNS FROM `lzm_category` [ RunTime:0.0030s ]
SQL: SELECT * FROM `lzm_category` ORDER BY sort  [ RunTime:0.0010s ]
SQL: SHOW COLUMNS FROM `lzm_tag` [ RunTime:0.0030s ]
SQL: SELECT * FROM `lzm_tag`  [ RunTime:0.0000s ]
SQL: SHOW COLUMNS FROM `lzm_article_tag` [ RunTime:0.0030s ]
SQL: SELECT COUNT(*) AS tp_count FROM `lzm_article_tag` WHERE `tid` = 20 LIMIT 1   [ RunTime:0.0010s ]
SQL: SHOW COLUMNS FROM `lzm_link` [ RunTime:0.0030s ]
SQL: SELECT * FROM `lzm_link` WHERE `is_delete` = 0 AND `is_show` = 1 ORDER BY sort  [ RunTime:0.0000s ]
SQL: SHOW COLUMNS FROM `lzm_oauth_user` [ RunTime:0.0030s ]
SQL: SELECT COUNT(*) AS tp_count FROM `lzm_oauth_user` WHERE `is_admin` = 1 LIMIT 1   [ RunTime:0.0000s ]
INFO: [ view_parse ] --START--
INFO: [ template_filter ] --START--
INFO: Run Behavior\ContentReplaceBehavior [ RunTime:0.000000s ]
INFO: [ template_filter ] --END-- [ RunTime:0.000000s ]
NOTIC: [8] Undefined index: ADMIN_PASSWORD F:\WWW\baiduAI\blog\Runtime\Cache\Admin\b891abcc3bb76636e2a96a245e9568d6.php 第 16 行.
INFO: Run Behavior\ParseTemplateBehavior [ RunTime:0.004001s ]
INFO: [ view_parse ] --END-- [ RunTime:0.005001s ]
INFO: [ view_filter ] --START--
INFO: Run Behavior\WriteHtmlCacheBehavior [ RunTime:0.000000s ]
INFO: [ view_filter ] --END-- [ RunTime:0.000000s ]
INFO: [ app_end ] --START--
INFO: Run Behavior\ShowPageTraceBehavior [ RunTime:0.000000s ]
INFO: [ app_end ] --END-- [ RunTime:0.000000s ]

[ 2018-05-09T11:59:51+08:00 ] 127.0.0.1 /blog/index.php?s=/Admin/Login/showVerify.html
INFO: [ app_init ] --START--
INFO: Run Behavior\BuildLiteBehavior [ RunTime:0.000000s ]
INFO: [ app_init ] --END-- [ RunTime:0.000000s ]
INFO: [ app_begin ] --START--
INFO: Run Behavior\ReadHtmlCacheBehavior [ RunTime:0.000000s ]
INFO: [ app_begin ] --END-- [ RunTime:0.001000s ]
SQL: SHOW COLUMNS FROM `lzm_category` [ RunTime:0.0030s ]
SQL: SELECT * FROM `lzm_category` ORDER BY sort  [ RunTime:0.0000s ]
SQL: SHOW COLUMNS FROM `lzm_tag` [ RunTime:0.0030s ]
SQL: SELECT * FROM `lzm_tag`  [ RunTime:0.0000s ]
SQL: SHOW COLUMNS FROM `lzm_article_tag` [ RunTime:0.0040s ]
SQL: SELECT COUNT(*) AS tp_count FROM `lzm_article_tag` WHERE `tid` = 20 LIMIT 1   [ RunTime:0.0000s ]
SQL: SHOW COLUMNS FROM `lzm_link` [ RunTime:0.0030s ]
SQL: SELECT * FROM `lzm_link` WHERE `is_delete` = 0 AND `is_show` = 1 ORDER BY sort  [ RunTime:0.0010s ]
INFO: [ app_end ] --START--
INFO: Run Behavior\ShowPageTraceBehavior [ RunTime:0.001000s ]
INFO: [ app_end ] --END-- [ RunTime:0.001000s ]

[ 2018-05-09T11:59:56+08:00 ] 127.0.0.1 /blog/index.php?s=/Admin/Login/login.html
INFO: [ app_init ] --START--
INFO: Run Behavior\BuildLiteBehavior [ RunTime:0.000000s ]
INFO: [ app_init ] --END-- [ RunTime:0.000000s ]
INFO: [ app_begin ] --START--
INFO: Run Behavior\ReadHtmlCacheBehavior [ RunTime:0.001000s ]
INFO: [ app_begin ] --END-- [ RunTime:0.001000s ]
SQL: SHOW COLUMNS FROM `lzm_category` [ RunTime:0.0040s ]
SQL: SELECT * FROM `lzm_category` ORDER BY sort  [ RunTime:0.0000s ]
SQL: SHOW COLUMNS FROM `lzm_tag` [ RunTime:0.0030s ]
SQL: SELECT * FROM `lzm_tag`  [ RunTime:0.0000s ]
SQL: SHOW COLUMNS FROM `lzm_article_tag` [ RunTime:0.0030s ]
SQL: SELECT COUNT(*) AS tp_count FROM `lzm_article_tag` WHERE `tid` = 20 LIMIT 1   [ RunTime:0.0010s ]
SQL: SHOW COLUMNS FROM `lzm_link` [ RunTime:0.0030s ]
SQL: SELECT * FROM `lzm_link` WHERE `is_delete` = 0 AND `is_show` = 1 ORDER BY sort  [ RunTime:0.0000s ]
SQL: SHOW COLUMNS FROM `lzm_oauth_user` [ RunTime:0.0030s ]
SQL: SELECT COUNT(*) AS tp_count FROM `lzm_oauth_user` WHERE `is_admin` = 1 LIMIT 1   [ RunTime:0.0000s ]
SQL: SHOW COLUMNS FROM `lzm_config` [ RunTime:0.0300s ]
SQL: SELECT `value` FROM `lzm_config` WHERE `name` = 'ADMIN_PASSWORD' LIMIT 1   [ RunTime:0.0000s ]
INFO: [ view_parse ] --START--
INFO: [ template_filter ] --START--
INFO: Run Behavior\ContentReplaceBehavior [ RunTime:0.000000s ]
INFO: [ template_filter ] --END-- [ RunTime:0.000000s ]
INFO: Run Behavior\ParseTemplateBehavior [ RunTime:0.005001s ]
INFO: [ view_parse ] --END-- [ RunTime:0.005001s ]
INFO: [ view_filter ] --START--
INFO: Run Behavior\WriteHtmlCacheBehavior [ RunTime:0.000000s ]
INFO: [ view_filter ] --END-- [ RunTime:0.000000s ]
INFO: [ app_end ] --START--
INFO: Run Behavior\ShowPageTraceBehavior [ RunTime:0.000000s ]
INFO: [ app_end ] --END-- [ RunTime:0.000000s ]

[ 2018-05-09T11:59:57+08:00 ] 127.0.0.1 /blog/index.php?s=/Admin/Index/index.html
INFO: [ app_init ] --START--
INFO: Run Behavior\BuildLiteBehavior [ RunTime:0.001000s ]
INFO: [ app_init ] --END-- [ RunTime:0.001000s ]
INFO: [ app_begin ] --START--
INFO: Run Behavior\ReadHtmlCacheBehavior [ RunTime:0.000000s ]
INFO: [ app_begin ] --END-- [ RunTime:0.000000s ]
INFO: [ view_parse ] --START--
INFO: [ template_filter ] --START--
INFO: Run Behavior\ContentReplaceBehavior [ RunTime:0.000000s ]
INFO: [ template_filter ] --END-- [ RunTime:0.000000s ]
INFO: Run Behavior\ParseTemplateBehavior [ RunTime:0.027001s ]
INFO: [ view_parse ] --END-- [ RunTime:0.027001s ]
INFO: [ view_filter ] --START--
INFO: Run Behavior\WriteHtmlCacheBehavior [ RunTime:0.001000s ]
INFO: [ view_filter ] --END-- [ RunTime:0.001000s ]
INFO: [ app_end ] --START--
INFO: Run Behavior\ShowPageTraceBehavior [ RunTime:0.001000s ]
INFO: [ app_end ] --END-- [ RunTime:0.001000s ]

[ 2018-05-09T11:59:57+08:00 ] 127.0.0.1 /blog/index.php?s=/Admin/Index/welcome.html
INFO: [ app_init ] --START--
INFO: Run Behavior\BuildLiteBehavior [ RunTime:0.000000s ]
INFO: [ app_init ] --END-- [ RunTime:0.000000s ]
INFO: [ app_begin ] --START--
INFO: Run Behavior\ReadHtmlCacheBehavior [ RunTime:0.000000s ]
INFO: [ app_begin ] --END-- [ RunTime:0.000000s ]
SQL: SHOW COLUMNS FROM `lzm_article` [ RunTime:0.0050s ]
SQL: SELECT COUNT(*) AS tp_count FROM `lzm_article` LIMIT 1   [ RunTime:0.0010s ]
SQL: SELECT COUNT(*) AS tp_count FROM `lzm_article` WHERE `is_delete` = 1 LIMIT 1   [ RunTime:0.0000s ]
SQL: SELECT COUNT(*) AS tp_count FROM `lzm_article` WHERE `is_show` = 0 LIMIT 1   [ RunTime:0.0000s ]
SQL: SHOW COLUMNS FROM `lzm_chat` [ RunTime:0.0050s ]
SQL: SELECT COUNT(*) AS tp_count FROM `lzm_chat` LIMIT 1   [ RunTime:0.0010s ]
SQL: SELECT COUNT(*) AS tp_count FROM `lzm_chat` WHERE `is_delete` = 1 LIMIT 1   [ RunTime:0.0000s ]
SQL: SELECT COUNT(*) AS tp_count FROM `lzm_chat` WHERE `is_show` = 0 LIMIT 1   [ RunTime:0.0010s ]
SQL: SHOW COLUMNS FROM `lzm_comment` [ RunTime:0.0060s ]
SQL: SELECT COUNT(*) AS tp_count FROM `lzm_comment` LIMIT 1   [ RunTime:0.0000s ]
INFO: [ view_parse ] --START--
INFO: [ template_filter ] --START--
INFO: Run Behavior\ContentReplaceBehavior [ RunTime:0.000000s ]
INFO: [ template_filter ] --END-- [ RunTime:0.000000s ]
INFO: Run Behavior\ParseTemplateBehavior [ RunTime:0.009001s ]
INFO: [ view_parse ] --END-- [ RunTime:0.009001s ]
INFO: [ view_filter ] --START--
INFO: Run Behavior\WriteHtmlCacheBehavior [ RunTime:0.000000s ]
INFO: [ view_filter ] --END-- [ RunTime:0.000000s ]
INFO: [ app_end ] --START--
INFO: Run Behavior\ShowPageTraceBehavior [ RunTime:0.001000s ]
INFO: [ app_end ] --END-- [ RunTime:0.001000s ]

[ 2018-05-09T12:00:06+08:00 ] 127.0.0.1 /blog/index.php?s=/Admin/Article/add.html
INFO: [ app_init ] --START--
INFO: Run Behavior\BuildLiteBehavior [ RunTime:0.000000s ]
INFO: [ app_init ] --END-- [ RunTime:0.001000s ]
INFO: [ app_begin ] --START--
INFO: Run Behavior\ReadHtmlCacheBehavior [ RunTime:0.001000s ]
INFO: [ app_begin ] --END-- [ RunTime:0.001000s ]
SQL: SHOW COLUMNS FROM `lzm_article` [ RunTime:0.0040s ]
SQL: SHOW COLUMNS FROM `lzm_category` [ RunTime:0.0040s ]
SQL: SELECT * FROM `lzm_category` ORDER BY sort  [ RunTime:0.0000s ]
SQL: SHOW COLUMNS FROM `lzm_tag` [ RunTime:0.0030s ]
SQL: SELECT * FROM `lzm_tag`  [ RunTime:0.0000s ]
SQL: SHOW COLUMNS FROM `lzm_article_tag` [ RunTime:0.0030s ]
SQL: SELECT COUNT(*) AS tp_count FROM `lzm_article_tag` WHERE `tid` = 20 LIMIT 1   [ RunTime:0.0000s ]
INFO: [ view_parse ] --START--
INFO: [ template_filter ] --START--
INFO: Run Behavior\ContentReplaceBehavior [ RunTime:0.000000s ]
INFO: [ template_filter ] --END-- [ RunTime:0.000000s ]
INFO: Run Behavior\ParseTemplateBehavior [ RunTime:0.008000s ]
INFO: [ view_parse ] --END-- [ RunTime:0.008000s ]
INFO: [ view_filter ] --START--
INFO: Run Behavior\WriteHtmlCacheBehavior [ RunTime:0.000000s ]
INFO: [ view_filter ] --END-- [ RunTime:0.000000s ]
INFO: [ app_end ] --START--
INFO: Run Behavior\ShowPageTraceBehavior [ RunTime:0.001000s ]
INFO: [ app_end ] --END-- [ RunTime:0.001000s ]

[ 2018-05-09T12:00:08+08:00 ] 127.0.0.1 /blog/index.php?s=/Admin/Article/index.html
INFO: [ app_init ] --START--
INFO: Run Behavior\BuildLiteBehavior [ RunTime:0.000000s ]
INFO: [ app_init ] --END-- [ RunTime:0.000000s ]
INFO: [ app_begin ] --START--
INFO: Run Behavior\ReadHtmlCacheBehavior [ RunTime:0.000000s ]
INFO: [ app_begin ] --END-- [ RunTime:0.000000s ]
SQL: SHOW COLUMNS FROM `lzm_article` [ RunTime:0.0030s ]
SQL: SELECT COUNT(*) AS tp_count FROM `lzm_article` WHERE `is_delete` = 0 LIMIT 1   [ RunTime:0.0000s ]
SQL: SELECT * FROM `lzm_article` WHERE `is_delete` = 0 ORDER BY addtime desc LIMIT 0,15   [ RunTime:0.0000s ]
SQL: SHOW COLUMNS FROM `lzm_article_tag` [ RunTime:0.0030s ]
SQL: SHOW COLUMNS FROM `lzm_article_tag` [ RunTime:0.0040s ]
SQL: SELECT * FROM `lzm_article_tag` INNER JOIN lzm_tag ON lzm_article_tag.tid=lzm_tag.tid  WHERE `aid` = '3'  [ RunTime:0.0000s ]
SQL: SHOW COLUMNS FROM `lzm_article_pic` [ RunTime:0.0040s ]
SQL: SELECT `path` FROM `lzm_article_pic` WHERE `aid` = 3 ORDER BY ap_id asc LIMIT 1   [ RunTime:0.0000s ]
SQL: SHOW COLUMNS FROM `lzm_category` [ RunTime:0.0030s ]
SQL: SELECT `cid`,`cid`,`cname` FROM `lzm_category` WHERE `cid` = 31  [ RunTime:0.0000s ]
SQL: SELECT * FROM `lzm_article_tag` INNER JOIN lzm_tag ON lzm_article_tag.tid=lzm_tag.tid  WHERE `aid` = '2'  [ RunTime:0.0000s ]
SQL: SELECT `path` FROM `lzm_article_pic` WHERE `aid` = 2 ORDER BY ap_id asc LIMIT 1   [ RunTime:0.0000s ]
SQL: SELECT `cid`,`cid`,`cname` FROM `lzm_category` WHERE `cid` = 31  [ RunTime:0.0000s ]
INFO: [ view_parse ] --START--
INFO: [ template_filter ] --START--
INFO: Run Behavior\ContentReplaceBehavior [ RunTime:0.000000s ]
INFO: [ template_filter ] --END-- [ RunTime:0.000000s ]
INFO: Run Behavior\ParseTemplateBehavior [ RunTime:0.007000s ]
INFO: [ view_parse ] --END-- [ RunTime:0.007000s ]
INFO: [ view_filter ] --START--
INFO: Run Behavior\WriteHtmlCacheBehavior [ RunTime:0.000000s ]
INFO: [ view_filter ] --END-- [ RunTime:0.000000s ]
INFO: [ app_end ] --START--
INFO: Run Behavior\ShowPageTraceBehavior [ RunTime:0.001001s ]
INFO: [ app_end ] --END-- [ RunTime:0.001001s ]

[ 2018-05-09T12:03:31+08:00 ] 127.0.0.1 /blog/index.php?s=/Admin/Index/index.html
INFO: [ app_init ] --START--
INFO: Run Behavior\BuildLiteBehavior [ RunTime:0.000000s ]
INFO: [ app_init ] --END-- [ RunTime:0.000000s ]
INFO: [ app_begin ] --START--
INFO: Run Behavior\ReadHtmlCacheBehavior [ RunTime:0.000000s ]
INFO: [ app_begin ] --END-- [ RunTime:0.001000s ]
INFO: [ view_parse ] --START--
INFO: [ template_filter ] --START--
INFO: Run Behavior\ContentReplaceBehavior [ RunTime:0.000000s ]
INFO: [ template_filter ] --END-- [ RunTime:0.000000s ]
INFO: Run Behavior\ParseTemplateBehavior [ RunTime:0.011001s ]
INFO: [ view_parse ] --END-- [ RunTime:0.011001s ]
INFO: [ view_filter ] --START--
INFO: Run Behavior\WriteHtmlCacheBehavior [ RunTime:0.000000s ]
INFO: [ view_filter ] --END-- [ RunTime:0.000000s ]
INFO: [ app_end ] --START--
INFO: Run Behavior\ShowPageTraceBehavior [ RunTime:0.001000s ]
INFO: [ app_end ] --END-- [ RunTime:0.001000s ]

[ 2018-05-09T12:03:31+08:00 ] 127.0.0.1 /blog/index.php?s=/Admin/Index/welcome.html
INFO: [ app_init ] --START--
INFO: Run Behavior\BuildLiteBehavior [ RunTime:0.001000s ]
INFO: [ app_init ] --END-- [ RunTime:0.001000s ]
INFO: [ app_begin ] --START--
INFO: Run Behavior\ReadHtmlCacheBehavior [ RunTime:0.000000s ]
INFO: [ app_begin ] --END-- [ RunTime:0.001001s ]
SQL: SHOW COLUMNS FROM `lzm_article` [ RunTime:0.0040s ]
SQL: SELECT COUNT(*) AS tp_count FROM `lzm_article` LIMIT 1   [ RunTime:0.0000s ]
SQL: SELECT COUNT(*) AS tp_count FROM `lzm_article` WHERE `is_delete` = 1 LIMIT 1   [ RunTime:0.0010s ]
SQL: SELECT COUNT(*) AS tp_count FROM `lzm_article` WHERE `is_show` = 0 LIMIT 1   [ RunTime:0.0000s ]
SQL: SHOW COLUMNS FROM `lzm_chat` [ RunTime:0.0030s ]
SQL: SELECT COUNT(*) AS tp_count FROM `lzm_chat` LIMIT 1   [ RunTime:0.0010s ]
SQL: SELECT COUNT(*) AS tp_count FROM `lzm_chat` WHERE `is_delete` = 1 LIMIT 1   [ RunTime:0.0000s ]
SQL: SELECT COUNT(*) AS tp_count FROM `lzm_chat` WHERE `is_show` = 0 LIMIT 1   [ RunTime:0.0010s ]
SQL: SHOW COLUMNS FROM `lzm_comment` [ RunTime:0.0040s ]
SQL: SELECT COUNT(*) AS tp_count FROM `lzm_comment` LIMIT 1   [ RunTime:0.0010s ]
INFO: [ view_parse ] --START--
INFO: [ template_filter ] --START--
INFO: Run Behavior\ContentReplaceBehavior [ RunTime:0.000000s ]
INFO: [ template_filter ] --END-- [ RunTime:0.000000s ]
INFO: Run Behavior\ParseTemplateBehavior [ RunTime:0.008000s ]
INFO: [ view_parse ] --END-- [ RunTime:0.008000s ]
INFO: [ view_filter ] --START--
INFO: Run Behavior\WriteHtmlCacheBehavior [ RunTime:0.001000s ]
INFO: [ view_filter ] --END-- [ RunTime:0.001000s ]
INFO: [ app_end ] --START--
INFO: Run Behavior\ShowPageTraceBehavior [ RunTime:0.001000s ]
INFO: [ app_end ] --END-- [ RunTime:0.001000s ]

