[ 2018-03-30T00:47:24+08:00 ] 59.51.81.136 /blog/index.php/Api/Index/oauth/type/sina?code=010b7bfd270432509299266799b3d17c
INFO: [ app_init ] --START--
INFO: Run Behavior\BuildLiteBehavior [ RunTime:0.000018s ]
INFO: [ app_init ] --END-- [ RunTime:0.000456s ]
INFO: [ app_begin ] --START--
INFO: Run Behavior\ReadHtmlCacheBehavior [ RunTime:0.000526s ]
INFO: [ app_begin ] --END-- [ RunTime:0.000581s ]
SQL: SHOW COLUMNS FROM `lzm_article` [ RunTime:0.0018s ]
SQL: SELECT `aid`,`title` FROM `lzm_article` WHERE `is_show` = 1 AND `is_delete` = 0 AND `is_top` = 1 ORDER BY aid desc  [ RunTime:0.0012s ]
SQL: SHOW COLUMNS FROM `lzm_comment` [ RunTime:0.0015s ]
SQL: SHOW COLUMNS FROM `lzm_oauth_user` [ RunTime:0.0015s ]
SQL: SELECT `id` FROM `lzm_oauth_user` WHERE (  is_admin )  [ RunTime:0.0012s ]
SQL: SELECT c.content,c.date,a.title,a.aid,ou.nickname,ou.head_img FROM lzm_comment c INNER JOIN lzm_article a ON c.aid=a.aid INNER JOIN lzm_oauth_user ou ON c.ouid=ou.id  WHERE ou.id NOT IN ('1') AND c.is_delete = 0 ORDER BY c.date desc LIMIT 20   [ RunTime:0.0012s ]
NOTIC: [2] Invalid argument supplied for foreach() /data/home/bxu2713680059/htdocs/blog/Application/Common/Model/CommentModel.class.php 第 202 行.
SQL: SHOW COLUMNS FROM `lzm_category` [ RunTime:0.0014s ]
SQL: SELECT * FROM `lzm_category` ORDER BY sort  [ RunTime:0.0012s ]
SQL: SHOW COLUMNS FROM `lzm_tag` [ RunTime:0.0014s ]
SQL: SELECT * FROM `lzm_tag`  [ RunTime:0.0012s ]
SQL: SHOW COLUMNS FROM `lzm_article_tag` [ RunTime:0.0020s ]
SQL: SELECT COUNT(*) AS tp_count FROM `lzm_article_tag` WHERE `tid` = 21 LIMIT 1   [ RunTime:0.0012s ]
SQL: SELECT COUNT(*) AS tp_count FROM `lzm_article_tag` WHERE `tid` = 22 LIMIT 1   [ RunTime:0.0012s ]
SQL: SHOW COLUMNS FROM `lzm_link` [ RunTime:0.0014s ]
SQL: SELECT * FROM `lzm_link` WHERE `is_delete` = 0 AND `is_show` = 1 ORDER BY sort  [ RunTime:0.0012s ]
NOTIC: [8] Undefined index: error_code /data/home/bxu2713680059/htdocs/blog/Application/Api/Controller/IndexController.class.php 第 92 行.
SQL: SHOW COLUMNS FROM `lzm_oauth_user` [ RunTime:0.0019s ]
SQL: SELECT * FROM `lzm_oauth_user` WHERE `openid` = '2667226133' LIMIT 1   [ RunTime:0.0014s ]
SQL: UPDATE `lzm_oauth_user` SET `uid`='0',`type`='2',`nickname`='爵特猛先生',`head_img`='http://tva3.sinaimg.cn/crop.0.0.1080.1080.180/9efaa415jw8eopegnx22ej20u00u0434.jpg',`openid`='2667226133',`access_token`='2.00236VuCajlt6C92e388ce2f0Iw7gu',`last_login_time`='1522342044',`last_login_ip`='59.51.81.136',`login_times`=login_times+1 WHERE `openid` = '2667226133' [ RunTime:0.0067s ]
SQL: SELECT `id` FROM `lzm_oauth_user` WHERE `openid` = '2667226133' LIMIT 1   [ RunTime:0.0013s ]

[ 2018-03-30T00:48:23+08:00 ] 101.71.55.125 /blog/index.php/Api/Index/oauth/type/sina?code=010b7bfd270432509299266799b3d17c
INFO: [ app_init ] --START--
INFO: Run Behavior\BuildLiteBehavior [ RunTime:0.000021s ]
INFO: [ app_init ] --END-- [ RunTime:0.000439s ]
INFO: [ app_begin ] --START--
INFO: Run Behavior\ReadHtmlCacheBehavior [ RunTime:0.000561s ]
INFO: [ app_begin ] --END-- [ RunTime:0.000614s ]
SQL: SHOW COLUMNS FROM `lzm_article` [ RunTime:0.0020s ]
SQL: SELECT `aid`,`title` FROM `lzm_article` WHERE `is_show` = 1 AND `is_delete` = 0 AND `is_top` = 1 ORDER BY aid desc  [ RunTime:0.0014s ]
SQL: SHOW COLUMNS FROM `lzm_comment` [ RunTime:0.0016s ]
SQL: SHOW COLUMNS FROM `lzm_oauth_user` [ RunTime:0.0017s ]
SQL: SELECT `id` FROM `lzm_oauth_user` WHERE (  is_admin )  [ RunTime:0.0013s ]
SQL: SELECT c.content,c.date,a.title,a.aid,ou.nickname,ou.head_img FROM lzm_comment c INNER JOIN lzm_article a ON c.aid=a.aid INNER JOIN lzm_oauth_user ou ON c.ouid=ou.id  WHERE ou.id NOT IN ('1') AND c.is_delete = 0 ORDER BY c.date desc LIMIT 20   [ RunTime:0.0014s ]
NOTIC: [2] Invalid argument supplied for foreach() /data/home/bxu2713680059/htdocs/blog/Application/Common/Model/CommentModel.class.php 第 202 行.
SQL: SHOW COLUMNS FROM `lzm_category` [ RunTime:0.0016s ]
SQL: SELECT * FROM `lzm_category` ORDER BY sort  [ RunTime:0.0014s ]
SQL: SHOW COLUMNS FROM `lzm_tag` [ RunTime:0.0016s ]
SQL: SELECT * FROM `lzm_tag`  [ RunTime:0.0014s ]
SQL: SHOW COLUMNS FROM `lzm_article_tag` [ RunTime:0.0015s ]
SQL: SELECT COUNT(*) AS tp_count FROM `lzm_article_tag` WHERE `tid` = 21 LIMIT 1   [ RunTime:0.0013s ]
SQL: SELECT COUNT(*) AS tp_count FROM `lzm_article_tag` WHERE `tid` = 22 LIMIT 1   [ RunTime:0.0013s ]
SQL: SHOW COLUMNS FROM `lzm_link` [ RunTime:0.0016s ]
SQL: SELECT * FROM `lzm_link` WHERE `is_delete` = 0 AND `is_show` = 1 ORDER BY sort  [ RunTime:0.0014s ]
NOTIC: [8] Undefined index: access_token /data/home/bxu2713680059/htdocs/blog/ThinkPHP/Library/Org/ThinkSDK/sdk/SinaSDK.class.php 第 57 行.
ERR: 获取新浪微博ACCESS_TOKEN出错：invalid_grant

[ 2018-03-30T00:55:37+08:00 ] 59.51.81.136 /blog/index.php/Api/Index/oauth/type/sina?code=549e44b2edb09747a55567df36e823e5
INFO: [ app_init ] --START--
INFO: Run Behavior\BuildLiteBehavior [ RunTime:0.000020s ]
INFO: [ app_init ] --END-- [ RunTime:0.000459s ]
INFO: [ app_begin ] --START--
INFO: Run Behavior\ReadHtmlCacheBehavior [ RunTime:0.000576s ]
INFO: [ app_begin ] --END-- [ RunTime:0.000629s ]
SQL: SHOW COLUMNS FROM `lzm_article` [ RunTime:0.0020s ]
SQL: SELECT `aid`,`title` FROM `lzm_article` WHERE `is_show` = 1 AND `is_delete` = 0 AND `is_top` = 1 ORDER BY aid desc  [ RunTime:0.0014s ]
SQL: SHOW COLUMNS FROM `lzm_comment` [ RunTime:0.0016s ]
SQL: SHOW COLUMNS FROM `lzm_oauth_user` [ RunTime:0.0017s ]
SQL: SELECT `id` FROM `lzm_oauth_user` WHERE (  is_admin )  [ RunTime:0.0014s ]
SQL: SELECT c.content,c.date,a.title,a.aid,ou.nickname,ou.head_img FROM lzm_comment c INNER JOIN lzm_article a ON c.aid=a.aid INNER JOIN lzm_oauth_user ou ON c.ouid=ou.id  WHERE ou.id NOT IN ('1') AND c.is_delete = 0 ORDER BY c.date desc LIMIT 20   [ RunTime:0.0014s ]
NOTIC: [2] Invalid argument supplied for foreach() /data/home/bxu2713680059/htdocs/blog/Application/Common/Model/CommentModel.class.php 第 202 行.
SQL: SHOW COLUMNS FROM `lzm_category` [ RunTime:0.0017s ]
SQL: SELECT * FROM `lzm_category` ORDER BY sort  [ RunTime:0.0014s ]
SQL: SHOW COLUMNS FROM `lzm_tag` [ RunTime:0.0015s ]
SQL: SELECT * FROM `lzm_tag`  [ RunTime:0.0014s ]
SQL: SHOW COLUMNS FROM `lzm_article_tag` [ RunTime:0.0016s ]
SQL: SELECT COUNT(*) AS tp_count FROM `lzm_article_tag` WHERE `tid` = 21 LIMIT 1   [ RunTime:0.0014s ]
SQL: SELECT COUNT(*) AS tp_count FROM `lzm_article_tag` WHERE `tid` = 22 LIMIT 1   [ RunTime:0.0014s ]
SQL: SHOW COLUMNS FROM `lzm_link` [ RunTime:0.0016s ]
SQL: SELECT * FROM `lzm_link` WHERE `is_delete` = 0 AND `is_show` = 1 ORDER BY sort  [ RunTime:0.0014s ]
NOTIC: [8] Undefined index: error_code /data/home/bxu2713680059/htdocs/blog/Application/Api/Controller/IndexController.class.php 第 92 行.
SQL: SHOW COLUMNS FROM `lzm_oauth_user` [ RunTime:0.0020s ]
SQL: SELECT * FROM `lzm_oauth_user` WHERE `openid` = '2667226133' LIMIT 1   [ RunTime:0.0024s ]
SQL: UPDATE `lzm_oauth_user` SET `uid`='0',`type`='2',`nickname`='爵特猛先生',`head_img`='http://tva3.sinaimg.cn/crop.0.0.1080.1080.180/9efaa415jw8eopegnx22ej20u00u0434.jpg',`openid`='2667226133',`access_token`='2.00236VuCajlt6C92e388ce2f0Iw7gu',`last_login_time`='1522342537',`last_login_ip`='59.51.81.136',`login_times`=login_times+1 WHERE `openid` = '2667226133' [ RunTime:0.0057s ]
SQL: SELECT `id` FROM `lzm_oauth_user` WHERE `openid` = '2667226133' LIMIT 1   [ RunTime:0.0015s ]

