[ 2018-03-29T22:07:53+08:00 ] 59.51.81.136 /blog/index.php/Api/Index/oauth/type/sina.html
INFO: [ app_init ] --START--
INFO: Run Behavior\BuildLiteBehavior [ RunTime:0.000024s ]
INFO: [ app_init ] --END-- [ RunTime:0.000510s ]
INFO: [ app_begin ] --START--
INFO: Run Behavior\ReadHtmlCacheBehavior [ RunTime:0.000607s ]
INFO: [ app_begin ] --END-- [ RunTime:0.000697s ]
SQL: SHOW COLUMNS FROM `lzm_article` [ RunTime:0.0020s ]
SQL: SELECT `aid`,`title` FROM `lzm_article` WHERE `is_show` = 1 AND `is_delete` = 0 AND `is_top` = 1 ORDER BY aid desc  [ RunTime:0.0014s ]
SQL: SHOW COLUMNS FROM `lzm_comment` [ RunTime:0.0017s ]
SQL: SHOW COLUMNS FROM `lzm_oauth_user` [ RunTime:0.0017s ]
SQL: SELECT `id` FROM `lzm_oauth_user` WHERE (  is_admin )  [ RunTime:0.0014s ]
SQL: SELECT c.content,c.date,a.title,a.aid,ou.nickname,ou.head_img FROM lzm_comment c INNER JOIN lzm_article a ON c.aid=a.aid INNER JOIN lzm_oauth_user ou ON c.ouid=ou.id  WHERE ou.id NOT IN ('1') AND c.is_delete = 0 ORDER BY c.date desc LIMIT 20   [ RunTime:0.0015s ]
NOTIC: [2] Invalid argument supplied for foreach() /data/home/bxu2713680059/htdocs/blog/Application/Common/Model/CommentModel.class.php 第 202 行.
SQL: SHOW COLUMNS FROM `lzm_category` [ RunTime:0.0017s ]
SQL: SELECT * FROM `lzm_category` ORDER BY sort  [ RunTime:0.0014s ]
SQL: SHOW COLUMNS FROM `lzm_tag` [ RunTime:0.0016s ]
SQL: SELECT * FROM `lzm_tag`  [ RunTime:0.0014s ]
SQL: SHOW COLUMNS FROM `lzm_article_tag` [ RunTime:0.0016s ]
SQL: SELECT COUNT(*) AS tp_count FROM `lzm_article_tag` WHERE `tid` = 21 LIMIT 1   [ RunTime:0.0015s ]
SQL: SELECT COUNT(*) AS tp_count FROM `lzm_article_tag` WHERE `tid` = 22 LIMIT 1   [ RunTime:0.0015s ]
SQL: SHOW COLUMNS FROM `lzm_link` [ RunTime:0.0017s ]
SQL: SELECT * FROM `lzm_link` WHERE `is_delete` = 0 AND `is_show` = 1 ORDER BY sort  [ RunTime:0.0014s ]
NOTIC: [8] Undefined index: access_token /data/home/bxu2713680059/htdocs/blog/ThinkPHP/Library/Org/ThinkSDK/sdk/SinaSDK.class.php 第 57 行.
ERR: 获取新浪微博ACCESS_TOKEN出错：redirect_uri_mismatch

[ 2018-03-29T22:08:53+08:00 ] 101.71.55.146 /blog/index.php/Api/Index/oauth/type/sina.html
INFO: [ app_init ] --START--
INFO: Run Behavior\BuildLiteBehavior [ RunTime:0.000017s ]
INFO: [ app_init ] --END-- [ RunTime:0.000408s ]
INFO: [ app_begin ] --START--
INFO: Run Behavior\ReadHtmlCacheBehavior [ RunTime:0.000516s ]
INFO: [ app_begin ] --END-- [ RunTime:0.000568s ]
SQL: SHOW COLUMNS FROM `lzm_article` [ RunTime:0.0018s ]
SQL: SELECT `aid`,`title` FROM `lzm_article` WHERE `is_show` = 1 AND `is_delete` = 0 AND `is_top` = 1 ORDER BY aid desc  [ RunTime:0.0012s ]
SQL: SHOW COLUMNS FROM `lzm_comment` [ RunTime:0.0015s ]
SQL: SHOW COLUMNS FROM `lzm_oauth_user` [ RunTime:0.0015s ]
SQL: SELECT `id` FROM `lzm_oauth_user` WHERE (  is_admin )  [ RunTime:0.0012s ]
SQL: SELECT c.content,c.date,a.title,a.aid,ou.nickname,ou.head_img FROM lzm_comment c INNER JOIN lzm_article a ON c.aid=a.aid INNER JOIN lzm_oauth_user ou ON c.ouid=ou.id  WHERE ou.id NOT IN ('1') AND c.is_delete = 0 ORDER BY c.date desc LIMIT 20   [ RunTime:0.0023s ]
NOTIC: [2] Invalid argument supplied for foreach() /data/home/bxu2713680059/htdocs/blog/Application/Common/Model/CommentModel.class.php 第 202 行.
SQL: SHOW COLUMNS FROM `lzm_category` [ RunTime:0.0015s ]
SQL: SELECT * FROM `lzm_category` ORDER BY sort  [ RunTime:0.0013s ]
SQL: SHOW COLUMNS FROM `lzm_tag` [ RunTime:0.0015s ]
SQL: SELECT * FROM `lzm_tag`  [ RunTime:0.0012s ]
SQL: SHOW COLUMNS FROM `lzm_article_tag` [ RunTime:0.0018s ]
SQL: SELECT COUNT(*) AS tp_count FROM `lzm_article_tag` WHERE `tid` = 21 LIMIT 1   [ RunTime:0.0012s ]
SQL: SELECT COUNT(*) AS tp_count FROM `lzm_article_tag` WHERE `tid` = 22 LIMIT 1   [ RunTime:0.0012s ]
SQL: SHOW COLUMNS FROM `lzm_link` [ RunTime:0.0014s ]
SQL: SELECT * FROM `lzm_link` WHERE `is_delete` = 0 AND `is_show` = 1 ORDER BY sort  [ RunTime:0.0012s ]
NOTIC: [8] Undefined index: access_token /data/home/bxu2713680059/htdocs/blog/ThinkPHP/Library/Org/ThinkSDK/sdk/SinaSDK.class.php 第 57 行.
ERR: 获取新浪微博ACCESS_TOKEN出错：redirect_uri_mismatch

[ 2018-03-29T23:00:11+08:00 ] 59.51.81.136 /blog/index.php/Api/Index/oauth/type/sina.html
INFO: [ app_init ] --START--
INFO: Run Behavior\BuildLiteBehavior [ RunTime:0.000022s ]
INFO: [ app_init ] --END-- [ RunTime:0.000482s ]
INFO: [ app_begin ] --START--
INFO: Run Behavior\ReadHtmlCacheBehavior [ RunTime:0.000589s ]
INFO: [ app_begin ] --END-- [ RunTime:0.000648s ]
SQL: SHOW COLUMNS FROM `lzm_article` [ RunTime:0.0044s ]
SQL: SELECT `aid`,`title` FROM `lzm_article` WHERE `is_show` = 1 AND `is_delete` = 0 AND `is_top` = 1 ORDER BY aid desc  [ RunTime:0.0013s ]
SQL: SHOW COLUMNS FROM `lzm_comment` [ RunTime:0.0017s ]
SQL: SHOW COLUMNS FROM `lzm_oauth_user` [ RunTime:0.0015s ]
SQL: SELECT `id` FROM `lzm_oauth_user` WHERE (  is_admin )  [ RunTime:0.0012s ]
SQL: SELECT c.content,c.date,a.title,a.aid,ou.nickname,ou.head_img FROM lzm_comment c INNER JOIN lzm_article a ON c.aid=a.aid INNER JOIN lzm_oauth_user ou ON c.ouid=ou.id  WHERE ou.id NOT IN ('1') AND c.is_delete = 0 ORDER BY c.date desc LIMIT 20   [ RunTime:0.0012s ]
NOTIC: [2] Invalid argument supplied for foreach() /data/home/bxu2713680059/htdocs/blog/Application/Common/Model/CommentModel.class.php 第 202 行.
SQL: SHOW COLUMNS FROM `lzm_category` [ RunTime:0.0017s ]
SQL: SELECT * FROM `lzm_category` ORDER BY sort  [ RunTime:0.0013s ]
SQL: SHOW COLUMNS FROM `lzm_tag` [ RunTime:0.0014s ]
SQL: SELECT * FROM `lzm_tag`  [ RunTime:0.0013s ]
SQL: SHOW COLUMNS FROM `lzm_article_tag` [ RunTime:0.0015s ]
SQL: SELECT COUNT(*) AS tp_count FROM `lzm_article_tag` WHERE `tid` = 21 LIMIT 1   [ RunTime:0.0012s ]
SQL: SELECT COUNT(*) AS tp_count FROM `lzm_article_tag` WHERE `tid` = 22 LIMIT 1   [ RunTime:0.0013s ]
SQL: SHOW COLUMNS FROM `lzm_link` [ RunTime:0.0014s ]
SQL: SELECT * FROM `lzm_link` WHERE `is_delete` = 0 AND `is_show` = 1 ORDER BY sort  [ RunTime:0.0013s ]
NOTIC: [8] Undefined index: access_token /data/home/bxu2713680059/htdocs/blog/ThinkPHP/Library/Org/ThinkSDK/sdk/SinaSDK.class.php 第 57 行.
ERR: 获取新浪微博ACCESS_TOKEN出错：redirect_uri_mismatch

[ 2018-03-29T23:04:42+08:00 ] 125.39.239.72 /blog/index.php/Api/Index/oauth/type/sina
INFO: [ app_init ] --START--
INFO: Run Behavior\BuildLiteBehavior [ RunTime:0.000030s ]
INFO: [ app_init ] --END-- [ RunTime:0.000528s ]
INFO: [ app_begin ] --START--
INFO: Run Behavior\ReadHtmlCacheBehavior [ RunTime:0.000775s ]
INFO: [ app_begin ] --END-- [ RunTime:0.000830s ]
SQL: SHOW COLUMNS FROM `lzm_article` [ RunTime:0.0015s ]
SQL: SELECT `aid`,`title` FROM `lzm_article` WHERE `is_show` = 1 AND `is_delete` = 0 AND `is_top` = 1 ORDER BY aid desc  [ RunTime:0.0012s ]
SQL: SHOW COLUMNS FROM `lzm_comment` [ RunTime:0.0015s ]
SQL: SHOW COLUMNS FROM `lzm_oauth_user` [ RunTime:0.0014s ]
SQL: SELECT `id` FROM `lzm_oauth_user` WHERE (  is_admin )  [ RunTime:0.0012s ]
SQL: SELECT c.content,c.date,a.title,a.aid,ou.nickname,ou.head_img FROM lzm_comment c INNER JOIN lzm_article a ON c.aid=a.aid INNER JOIN lzm_oauth_user ou ON c.ouid=ou.id  WHERE ou.id NOT IN ('1') AND c.is_delete = 0 ORDER BY c.date desc LIMIT 20   [ RunTime:0.0012s ]
NOTIC: [2] Invalid argument supplied for foreach() /data/home/bxu2713680059/htdocs/blog/Application/Common/Model/CommentModel.class.php 第 202 行.
SQL: SHOW COLUMNS FROM `lzm_category` [ RunTime:0.0014s ]
SQL: SELECT * FROM `lzm_category` ORDER BY sort  [ RunTime:0.0013s ]
SQL: SHOW COLUMNS FROM `lzm_tag` [ RunTime:0.0013s ]
SQL: SELECT * FROM `lzm_tag`  [ RunTime:0.0012s ]
SQL: SHOW COLUMNS FROM `lzm_article_tag` [ RunTime:0.0015s ]
SQL: SELECT COUNT(*) AS tp_count FROM `lzm_article_tag` WHERE `tid` = 21 LIMIT 1   [ RunTime:0.0012s ]
SQL: SELECT COUNT(*) AS tp_count FROM `lzm_article_tag` WHERE `tid` = 22 LIMIT 1   [ RunTime:0.0012s ]
SQL: SHOW COLUMNS FROM `lzm_link` [ RunTime:0.0014s ]
SQL: SELECT * FROM `lzm_link` WHERE `is_delete` = 0 AND `is_show` = 1 ORDER BY sort  [ RunTime:0.0012s ]
NOTIC: [8] Undefined index: access_token /data/home/bxu2713680059/htdocs/blog/ThinkPHP/Library/Org/ThinkSDK/sdk/SinaSDK.class.php 第 57 行.
ERR: 获取新浪微博ACCESS_TOKEN出错：redirect_uri_mismatch

[ 2018-03-29T23:09:00+08:00 ] 59.51.81.136 /blog/index.php/Api/Index/oauth/type/sina.html
INFO: [ app_init ] --START--
INFO: Run Behavior\BuildLiteBehavior [ RunTime:0.000032s ]
INFO: [ app_init ] --END-- [ RunTime:0.000481s ]
INFO: [ app_begin ] --START--
INFO: Run Behavior\ReadHtmlCacheBehavior [ RunTime:0.000567s ]
INFO: [ app_begin ] --END-- [ RunTime:0.000621s ]
SQL: SHOW COLUMNS FROM `lzm_article` [ RunTime:0.0019s ]
SQL: SELECT `aid`,`title` FROM `lzm_article` WHERE `is_show` = 1 AND `is_delete` = 0 AND `is_top` = 1 ORDER BY aid desc  [ RunTime:0.0014s ]
SQL: SHOW COLUMNS FROM `lzm_comment` [ RunTime:0.0017s ]
SQL: SHOW COLUMNS FROM `lzm_oauth_user` [ RunTime:0.0017s ]
SQL: SELECT `id` FROM `lzm_oauth_user` WHERE (  is_admin )  [ RunTime:0.0013s ]
SQL: SELECT c.content,c.date,a.title,a.aid,ou.nickname,ou.head_img FROM lzm_comment c INNER JOIN lzm_article a ON c.aid=a.aid INNER JOIN lzm_oauth_user ou ON c.ouid=ou.id  WHERE ou.id NOT IN ('1') AND c.is_delete = 0 ORDER BY c.date desc LIMIT 20   [ RunTime:0.0014s ]
NOTIC: [2] Invalid argument supplied for foreach() /data/home/bxu2713680059/htdocs/blog/Application/Common/Model/CommentModel.class.php 第 202 行.
SQL: SHOW COLUMNS FROM `lzm_category` [ RunTime:0.0016s ]
SQL: SELECT * FROM `lzm_category` ORDER BY sort  [ RunTime:0.0013s ]
SQL: SHOW COLUMNS FROM `lzm_tag` [ RunTime:0.0016s ]
SQL: SELECT * FROM `lzm_tag`  [ RunTime:0.0013s ]
SQL: SHOW COLUMNS FROM `lzm_article_tag` [ RunTime:0.0015s ]
SQL: SELECT COUNT(*) AS tp_count FROM `lzm_article_tag` WHERE `tid` = 21 LIMIT 1   [ RunTime:0.0013s ]
SQL: SELECT COUNT(*) AS tp_count FROM `lzm_article_tag` WHERE `tid` = 22 LIMIT 1   [ RunTime:0.0013s ]
SQL: SHOW COLUMNS FROM `lzm_link` [ RunTime:0.0017s ]
SQL: SELECT * FROM `lzm_link` WHERE `is_delete` = 0 AND `is_show` = 1 ORDER BY sort  [ RunTime:0.0014s ]
NOTIC: [8] Undefined index: access_token /data/home/bxu2713680059/htdocs/blog/ThinkPHP/Library/Org/ThinkSDK/sdk/SinaSDK.class.php 第 57 行.
ERR: 获取新浪微博ACCESS_TOKEN出错：redirect_uri_mismatch

[ 2018-03-29T23:16:44+08:00 ] 59.51.81.136 /blog/index.php/Api/Index/oauth/type/sina?code=802203e69fb4e654b77573459829be1d
INFO: [ app_init ] --START--
INFO: Run Behavior\BuildLiteBehavior [ RunTime:0.000022s ]
INFO: [ app_init ] --END-- [ RunTime:0.000443s ]
INFO: [ app_begin ] --START--
INFO: Run Behavior\ReadHtmlCacheBehavior [ RunTime:0.000691s ]
INFO: [ app_begin ] --END-- [ RunTime:0.000764s ]
SQL: SHOW COLUMNS FROM `lzm_article` [ RunTime:0.0035s ]
SQL: SELECT `aid`,`title` FROM `lzm_article` WHERE `is_show` = 1 AND `is_delete` = 0 AND `is_top` = 1 ORDER BY aid desc  [ RunTime:0.0015s ]
SQL: SHOW COLUMNS FROM `lzm_comment` [ RunTime:0.0028s ]
SQL: SHOW COLUMNS FROM `lzm_oauth_user` [ RunTime:0.0017s ]
SQL: SELECT `id` FROM `lzm_oauth_user` WHERE (  is_admin )  [ RunTime:0.0014s ]
SQL: SELECT c.content,c.date,a.title,a.aid,ou.nickname,ou.head_img FROM lzm_comment c INNER JOIN lzm_article a ON c.aid=a.aid INNER JOIN lzm_oauth_user ou ON c.ouid=ou.id  WHERE ou.id NOT IN ('1') AND c.is_delete = 0 ORDER BY c.date desc LIMIT 20   [ RunTime:0.0015s ]
NOTIC: [2] Invalid argument supplied for foreach() /data/home/bxu2713680059/htdocs/blog/Application/Common/Model/CommentModel.class.php 第 202 行.
SQL: SHOW COLUMNS FROM `lzm_category` [ RunTime:0.0017s ]
SQL: SELECT * FROM `lzm_category` ORDER BY sort  [ RunTime:0.0015s ]
SQL: SHOW COLUMNS FROM `lzm_tag` [ RunTime:0.0016s ]
SQL: SELECT * FROM `lzm_tag`  [ RunTime:0.0014s ]
SQL: SHOW COLUMNS FROM `lzm_article_tag` [ RunTime:0.0016s ]
SQL: SELECT COUNT(*) AS tp_count FROM `lzm_article_tag` WHERE `tid` = 21 LIMIT 1   [ RunTime:0.0014s ]
SQL: SELECT COUNT(*) AS tp_count FROM `lzm_article_tag` WHERE `tid` = 22 LIMIT 1   [ RunTime:0.0014s ]
SQL: SHOW COLUMNS FROM `lzm_link` [ RunTime:0.0017s ]
SQL: SELECT * FROM `lzm_link` WHERE `is_delete` = 0 AND `is_show` = 1 ORDER BY sort  [ RunTime:0.0015s ]
NOTIC: [8] Undefined index: error_code /data/home/bxu2713680059/htdocs/blog/Application/Api/Controller/IndexController.class.php 第 92 行.
SQL: SHOW COLUMNS FROM `lzm_oauth_user` [ RunTime:0.0021s ]
SQL: SELECT * FROM `lzm_oauth_user` WHERE `openid` = '2667226133' LIMIT 1   [ RunTime:0.0016s ]
SQL: UPDATE `lzm_oauth_user` SET `uid`='0',`type`='2',`nickname`='爵特猛先生',`head_img`='http://tva3.sinaimg.cn/crop.0.0.1080.1080.180/9efaa415jw8eopegnx22ej20u00u0434.jpg',`openid`='2667226133',`access_token`='2.00236VuCajlt6C92e388ce2f0Iw7gu',`last_login_time`='1522336604',`last_login_ip`='59.51.81.136',`login_times`=login_times+1 WHERE `openid` = '2667226133' [ RunTime:0.0045s ]
SQL: SELECT `id` FROM `lzm_oauth_user` WHERE `openid` = '2667226133' LIMIT 1   [ RunTime:0.0015s ]

[ 2018-03-29T23:17:44+08:00 ] 101.71.55.115 /blog/index.php/Api/Index/oauth/type/sina?code=802203e69fb4e654b77573459829be1d
INFO: [ app_init ] --START--
INFO: Run Behavior\BuildLiteBehavior [ RunTime:0.000031s ]
INFO: [ app_init ] --END-- [ RunTime:0.000724s ]
INFO: [ app_begin ] --START--
INFO: Run Behavior\ReadHtmlCacheBehavior [ RunTime:0.000869s ]
INFO: [ app_begin ] --END-- [ RunTime:0.000951s ]
SQL: SHOW COLUMNS FROM `lzm_article` [ RunTime:0.0020s ]
SQL: SELECT `aid`,`title` FROM `lzm_article` WHERE `is_show` = 1 AND `is_delete` = 0 AND `is_top` = 1 ORDER BY aid desc  [ RunTime:0.0015s ]
SQL: SHOW COLUMNS FROM `lzm_comment` [ RunTime:0.0018s ]
SQL: SHOW COLUMNS FROM `lzm_oauth_user` [ RunTime:0.0018s ]
SQL: SELECT `id` FROM `lzm_oauth_user` WHERE (  is_admin )  [ RunTime:0.0014s ]
SQL: SELECT c.content,c.date,a.title,a.aid,ou.nickname,ou.head_img FROM lzm_comment c INNER JOIN lzm_article a ON c.aid=a.aid INNER JOIN lzm_oauth_user ou ON c.ouid=ou.id  WHERE ou.id NOT IN ('1') AND c.is_delete = 0 ORDER BY c.date desc LIMIT 20   [ RunTime:0.0015s ]
NOTIC: [2] Invalid argument supplied for foreach() /data/home/bxu2713680059/htdocs/blog/Application/Common/Model/CommentModel.class.php 第 202 行.
SQL: SHOW COLUMNS FROM `lzm_category` [ RunTime:0.0018s ]
SQL: SELECT * FROM `lzm_category` ORDER BY sort  [ RunTime:0.0015s ]
SQL: SHOW COLUMNS FROM `lzm_tag` [ RunTime:0.0017s ]
SQL: SELECT * FROM `lzm_tag`  [ RunTime:0.0014s ]
SQL: SHOW COLUMNS FROM `lzm_article_tag` [ RunTime:0.0017s ]
SQL: SELECT COUNT(*) AS tp_count FROM `lzm_article_tag` WHERE `tid` = 21 LIMIT 1   [ RunTime:0.0014s ]
SQL: SELECT COUNT(*) AS tp_count FROM `lzm_article_tag` WHERE `tid` = 22 LIMIT 1   [ RunTime:0.0014s ]
SQL: SHOW COLUMNS FROM `lzm_link` [ RunTime:0.0018s ]
SQL: SELECT * FROM `lzm_link` WHERE `is_delete` = 0 AND `is_show` = 1 ORDER BY sort  [ RunTime:0.0014s ]
NOTIC: [8] Undefined index: access_token /data/home/bxu2713680059/htdocs/blog/ThinkPHP/Library/Org/ThinkSDK/sdk/SinaSDK.class.php 第 57 行.
ERR: 获取新浪微博ACCESS_TOKEN出错：invalid_grant

